CRITICAL - 2020-08-16 01:27:22 --> Undefined offset: 1
#0 C:\xampp\htdocs\test_backend\app\Controllers\Movie\Ads.php(47): CodeIgniter\Debug\Exceptions->errorHandler(8, 'Undefined offse...', 'C:\\xampp\\htdocs...', 47, Array)
#1 C:\xampp\htdocs\test_backend\system\CodeIgniter.php(910): App\Controllers\Movie\Ads->index('1')
#2 C:\xampp\htdocs\test_backend\system\CodeIgniter.php(398): CodeIgniter\CodeIgniter->runController(Object(App\Controllers\Movie\Ads))
#3 C:\xampp\htdocs\test_backend\system\CodeIgniter.php(306): CodeIgniter\CodeIgniter->handleRequest(NULL, Object(Config\Cache), false)
#4 C:\xampp\htdocs\test_backend\public\index.php(45): CodeIgniter\CodeIgniter->run()
#5 {main}
CRITICAL - 2020-08-16 01:28:06 --> Undefined offset: 1
#0 C:\xampp\htdocs\test_backend\app\Controllers\Movie\Ads.php(47): CodeIgniter\Debug\Exceptions->errorHandler(8, 'Undefined offse...', 'C:\\xampp\\htdocs...', 47, Array)
#1 C:\xampp\htdocs\test_backend\system\CodeIgniter.php(910): App\Controllers\Movie\Ads->index('1')
#2 C:\xampp\htdocs\test_backend\system\CodeIgniter.php(398): CodeIgniter\CodeIgniter->runController(Object(App\Controllers\Movie\Ads))
#3 C:\xampp\htdocs\test_backend\system\CodeIgniter.php(306): CodeIgniter\CodeIgniter->handleRequest(NULL, Object(Config\Cache), false)
#4 C:\xampp\htdocs\test_backend\public\index.php(45): CodeIgniter\CodeIgniter->run()
#5 {main}
CRITICAL - 2020-08-16 02:05:22 --> Undefined offset: 1
#0 C:\xampp\htdocs\test_backend\app\Controllers\Movie\Ads.php(47): CodeIgniter\Debug\Exceptions->errorHandler(8, 'Undefined offse...', 'C:\\xampp\\htdocs...', 47, Array)
#1 C:\xampp\htdocs\test_backend\system\CodeIgniter.php(910): App\Controllers\Movie\Ads->index('1')
#2 C:\xampp\htdocs\test_backend\system\CodeIgniter.php(398): CodeIgniter\CodeIgniter->runController(Object(App\Controllers\Movie\Ads))
#3 C:\xampp\htdocs\test_backend\system\CodeIgniter.php(306): CodeIgniter\CodeIgniter->handleRequest(NULL, Object(Config\Cache), false)
#4 C:\xampp\htdocs\test_backend\public\index.php(45): CodeIgniter\CodeIgniter->run()
#5 {main}
CRITICAL - 2020-08-16 02:20:38 --> Undefined offset: 1
#0 C:\xampp\htdocs\test_backend\app\Controllers\Movie\Ads.php(79): CodeIgniter\Debug\Exceptions->errorHandler(8, 'Undefined offse...', 'C:\\xampp\\htdocs...', 79, Array)
#1 C:\xampp\htdocs\test_backend\system\CodeIgniter.php(910): App\Controllers\Movie\Ads->add('1')
#2 C:\xampp\htdocs\test_backend\system\CodeIgniter.php(398): CodeIgniter\CodeIgniter->runController(Object(App\Controllers\Movie\Ads))
#3 C:\xampp\htdocs\test_backend\system\CodeIgniter.php(306): CodeIgniter\CodeIgniter->handleRequest(NULL, Object(Config\Cache), false)
#4 C:\xampp\htdocs\test_backend\public\index.php(45): CodeIgniter\CodeIgniter->run()
#5 {main}
CRITICAL - 2020-08-16 02:20:42 --> Undefined offset: 1
#0 C:\xampp\htdocs\test_backend\app\Controllers\Movie\Ads.php(47): CodeIgniter\Debug\Exceptions->errorHandler(8, 'Undefined offse...', 'C:\\xampp\\htdocs...', 47, Array)
#1 C:\xampp\htdocs\test_backend\system\CodeIgniter.php(910): App\Controllers\Movie\Ads->index('1')
#2 C:\xampp\htdocs\test_backend\system\CodeIgniter.php(398): CodeIgniter\CodeIgniter->runController(Object(App\Controllers\Movie\Ads))
#3 C:\xampp\htdocs\test_backend\system\CodeIgniter.php(306): CodeIgniter\CodeIgniter->handleRequest(NULL, Object(Config\Cache), false)
#4 C:\xampp\htdocs\test_backend\public\index.php(45): CodeIgniter\CodeIgniter->run()
#5 {main}
CRITICAL - 2020-08-16 02:47:11 --> Undefined offset: 1
#0 C:\xampp\htdocs\test_backend\app\Controllers\Movie\Ads.php(47): CodeIgniter\Debug\Exceptions->errorHandler(8, 'Undefined offse...', 'C:\\xampp\\htdocs...', 47, Array)
#1 C:\xampp\htdocs\test_backend\system\CodeIgniter.php(910): App\Controllers\Movie\Ads->index('1')
#2 C:\xampp\htdocs\test_backend\system\CodeIgniter.php(398): CodeIgniter\CodeIgniter->runController(Object(App\Controllers\Movie\Ads))
#3 C:\xampp\htdocs\test_backend\system\CodeIgniter.php(306): CodeIgniter\CodeIgniter->handleRequest(NULL, Object(Config\Cache), false)
#4 C:\xampp\htdocs\test_backend\public\index.php(45): CodeIgniter\CodeIgniter->run()
#5 {main}
CRITICAL - 2020-08-16 03:50:48 --> Undefined offset: 2
#0 C:\xampp\htdocs\test_backend\app\Controllers\Manga\Ads.php(35): CodeIgniter\Debug\Exceptions->errorHandler(8, 'Undefined offse...', 'C:\\xampp\\htdocs...', 35, Array)
#1 C:\xampp\htdocs\test_backend\system\CodeIgniter.php(910): App\Controllers\Manga\Ads->index('2')
#2 C:\xampp\htdocs\test_backend\system\CodeIgniter.php(398): CodeIgniter\CodeIgniter->runController(Object(App\Controllers\Manga\Ads))
#3 C:\xampp\htdocs\test_backend\system\CodeIgniter.php(306): CodeIgniter\CodeIgniter->handleRequest(NULL, Object(Config\Cache), false)
#4 C:\xampp\htdocs\test_backend\public\index.php(45): CodeIgniter\CodeIgniter->run()
#5 {main}
CRITICAL - 2020-08-16 05:12:29 --> Undefined offset: 2
#0 C:\xampp\htdocs\test_backend\app\Controllers\Manga\Ads.php(35): CodeIgniter\Debug\Exceptions->errorHandler(8, 'Undefined offse...', 'C:\\xampp\\htdocs...', 35, Array)
#1 C:\xampp\htdocs\test_backend\system\CodeIgniter.php(910): App\Controllers\Manga\Ads->index('2')
#2 C:\xampp\htdocs\test_backend\system\CodeIgniter.php(398): CodeIgniter\CodeIgniter->runController(Object(App\Controllers\Manga\Ads))
#3 C:\xampp\htdocs\test_backend\system\CodeIgniter.php(306): CodeIgniter\CodeIgniter->handleRequest(NULL, Object(Config\Cache), false)
#4 C:\xampp\htdocs\test_backend\public\index.php(45): CodeIgniter\CodeIgniter->run()
#5 {main}
CRITICAL - 2020-08-16 05:50:04 --> Undefined offset: 2
#0 C:\xampp\htdocs\test_backend\app\Controllers\Manga\Ads.php(35): CodeIgniter\Debug\Exceptions->errorHandler(8, 'Undefined offse...', 'C:\\xampp\\htdocs...', 35, Array)
#1 C:\xampp\htdocs\test_backend\system\CodeIgniter.php(910): App\Controllers\Manga\Ads->index('2')
#2 C:\xampp\htdocs\test_backend\system\CodeIgniter.php(398): CodeIgniter\CodeIgniter->runController(Object(App\Controllers\Manga\Ads))
#3 C:\xampp\htdocs\test_backend\system\CodeIgniter.php(306): CodeIgniter\CodeIgniter->handleRequest(NULL, Object(Config\Cache), false)
#4 C:\xampp\htdocs\test_backend\public\index.php(45): CodeIgniter\CodeIgniter->run()
#5 {main}
CRITICAL - 2020-08-16 06:07:55 --> Undefined offset: 2
#0 C:\xampp\htdocs\test_backend\app\Controllers\Manga\Ads.php(35): CodeIgniter\Debug\Exceptions->errorHandler(8, 'Undefined offse...', 'C:\\xampp\\htdocs...', 35, Array)
#1 C:\xampp\htdocs\test_backend\system\CodeIgniter.php(910): App\Controllers\Manga\Ads->index('2')
#2 C:\xampp\htdocs\test_backend\system\CodeIgniter.php(398): CodeIgniter\CodeIgniter->runController(Object(App\Controllers\Manga\Ads))
#3 C:\xampp\htdocs\test_backend\system\CodeIgniter.php(306): CodeIgniter\CodeIgniter->handleRequest(NULL, Object(Config\Cache), false)
#4 C:\xampp\htdocs\test_backend\public\index.php(45): CodeIgniter\CodeIgniter->run()
#5 {main}
CRITICAL - 2020-08-16 06:12:29 --> Undefined offset: 2
#0 C:\xampp\htdocs\test_backend\app\Controllers\Manga\Ads.php(35): CodeIgniter\Debug\Exceptions->errorHandler(8, 'Undefined offse...', 'C:\\xampp\\htdocs...', 35, Array)
#1 C:\xampp\htdocs\test_backend\system\CodeIgniter.php(910): App\Controllers\Manga\Ads->index('2')
#2 C:\xampp\htdocs\test_backend\system\CodeIgniter.php(398): CodeIgniter\CodeIgniter->runController(Object(App\Controllers\Manga\Ads))
#3 C:\xampp\htdocs\test_backend\system\CodeIgniter.php(306): CodeIgniter\CodeIgniter->handleRequest(NULL, Object(Config\Cache), false)
#4 C:\xampp\htdocs\test_backend\public\index.php(45): CodeIgniter\CodeIgniter->run()
#5 {main}
CRITICAL - 2020-08-16 10:03:47 --> Undefined offset: 1
#0 C:\xampp\htdocs\test_backend\app\Controllers\Movie\Ads.php(47): CodeIgniter\Debug\Exceptions->errorHandler(8, 'Undefined offse...', 'C:\\xampp\\htdocs...', 47, Array)
#1 C:\xampp\htdocs\test_backend\system\CodeIgniter.php(910): App\Controllers\Movie\Ads->index('1')
#2 C:\xampp\htdocs\test_backend\system\CodeIgniter.php(398): CodeIgniter\CodeIgniter->runController(Object(App\Controllers\Movie\Ads))
#3 C:\xampp\htdocs\test_backend\system\CodeIgniter.php(306): CodeIgniter\CodeIgniter->handleRequest(NULL, Object(Config\Cache), false)
#4 C:\xampp\htdocs\test_backend\public\index.php(45): CodeIgniter\CodeIgniter->run()
#5 {main}
CRITICAL - 2020-08-16 23:27:42 --> Undefined offset: 1
#0 C:\xampp\htdocs\test_backend\app\Controllers\Movie\Ads.php(47): CodeIgniter\Debug\Exceptions->errorHandler(8, 'Undefined offse...', 'C:\\xampp\\htdocs...', 47, Array)
#1 C:\xampp\htdocs\test_backend\system\CodeIgniter.php(910): App\Controllers\Movie\Ads->index('1')
#2 C:\xampp\htdocs\test_backend\system\CodeIgniter.php(398): CodeIgniter\CodeIgniter->runController(Object(App\Controllers\Movie\Ads))
#3 C:\xampp\htdocs\test_backend\system\CodeIgniter.php(306): CodeIgniter\CodeIgniter->handleRequest(NULL, Object(Config\Cache), false)
#4 C:\xampp\htdocs\test_backend\public\index.php(45): CodeIgniter\CodeIgniter->run()
#5 {main}
CRITICAL - 2020-08-16 23:30:57 --> Undefined offset: 2
#0 C:\xampp\htdocs\test_backend\app\Controllers\Manga\Ads.php(35): CodeIgniter\Debug\Exceptions->errorHandler(8, 'Undefined offse...', 'C:\\xampp\\htdocs...', 35, Array)
#1 C:\xampp\htdocs\test_backend\system\CodeIgniter.php(910): App\Controllers\Manga\Ads->index('2')
#2 C:\xampp\htdocs\test_backend\system\CodeIgniter.php(398): CodeIgniter\CodeIgniter->runController(Object(App\Controllers\Manga\Ads))
#3 C:\xampp\htdocs\test_backend\system\CodeIgniter.php(306): CodeIgniter\CodeIgniter->handleRequest(NULL, Object(Config\Cache), false)
#4 C:\xampp\htdocs\test_backend\public\index.php(45): CodeIgniter\CodeIgniter->run()
#5 {main}
CRITICAL - 2020-08-16 23:31:49 --> Undefined offset: 1
#0 C:\xampp\htdocs\test_backend\app\Controllers\Movie\Ads.php(47): CodeIgniter\Debug\Exceptions->errorHandler(8, 'Undefined offse...', 'C:\\xampp\\htdocs...', 47, Array)
#1 C:\xampp\htdocs\test_backend\system\CodeIgniter.php(910): App\Controllers\Movie\Ads->index('1')
#2 C:\xampp\htdocs\test_backend\system\CodeIgniter.php(398): CodeIgniter\CodeIgniter->runController(Object(App\Controllers\Movie\Ads))
#3 C:\xampp\htdocs\test_backend\system\CodeIgniter.php(306): CodeIgniter\CodeIgniter->handleRequest(NULL, Object(Config\Cache), false)
#4 C:\xampp\htdocs\test_backend\public\index.php(45): CodeIgniter\CodeIgniter->run()
#5 {main}
CRITICAL - 2020-08-16 23:32:01 --> Undefined offset: 2
#0 C:\xampp\htdocs\test_backend\app\Controllers\Manga\Ads.php(35): CodeIgniter\Debug\Exceptions->errorHandler(8, 'Undefined offse...', 'C:\\xampp\\htdocs...', 35, Array)
#1 C:\xampp\htdocs\test_backend\system\CodeIgniter.php(910): App\Controllers\Manga\Ads->index('2')
#2 C:\xampp\htdocs\test_backend\system\CodeIgniter.php(398): CodeIgniter\CodeIgniter->runController(Object(App\Controllers\Manga\Ads))
#3 C:\xampp\htdocs\test_backend\system\CodeIgniter.php(306): CodeIgniter\CodeIgniter->handleRequest(NULL, Object(Config\Cache), false)
#4 C:\xampp\htdocs\test_backend\public\index.php(45): CodeIgniter\CodeIgniter->run()
#5 {main}
CRITICAL - 2020-08-16 23:33:49 --> Undefined offset: 1
#0 C:\xampp\htdocs\test_backend\app\Controllers\Movie\Ads.php(47): CodeIgniter\Debug\Exceptions->errorHandler(8, 'Undefined offse...', 'C:\\xampp\\htdocs...', 47, Array)
#1 C:\xampp\htdocs\test_backend\system\CodeIgniter.php(910): App\Controllers\Movie\Ads->index('1')
#2 C:\xampp\htdocs\test_backend\system\CodeIgniter.php(398): CodeIgniter\CodeIgniter->runController(Object(App\Controllers\Movie\Ads))
#3 C:\xampp\htdocs\test_backend\system\CodeIgniter.php(306): CodeIgniter\CodeIgniter->handleRequest(NULL, Object(Config\Cache), false)
#4 C:\xampp\htdocs\test_backend\public\index.php(45): CodeIgniter\CodeIgniter->run()
#5 {main}
CRITICAL - 2020-08-16 23:39:13 --> Undefined offset: 1
#0 C:\xampp\htdocs\test_backend\app\Controllers\Movie\Ads.php(47): CodeIgniter\Debug\Exceptions->errorHandler(8, 'Undefined offse...', 'C:\\xampp\\htdocs...', 47, Array)
#1 C:\xampp\htdocs\test_backend\system\CodeIgniter.php(910): App\Controllers\Movie\Ads->index('1')
#2 C:\xampp\htdocs\test_backend\system\CodeIgniter.php(398): CodeIgniter\CodeIgniter->runController(Object(App\Controllers\Movie\Ads))
#3 C:\xampp\htdocs\test_backend\system\CodeIgniter.php(306): CodeIgniter\CodeIgniter->handleRequest(NULL, Object(Config\Cache), false)
#4 C:\xampp\htdocs\test_backend\public\index.php(45): CodeIgniter\CodeIgniter->run()
#5 {main}
CRITICAL - 2020-08-16 23:39:15 --> Undefined offset: 1
#0 C:\xampp\htdocs\test_backend\app\Controllers\Movie\Ads.php(47): CodeIgniter\Debug\Exceptions->errorHandler(8, 'Undefined offse...', 'C:\\xampp\\htdocs...', 47, Array)
#1 C:\xampp\htdocs\test_backend\system\CodeIgniter.php(910): App\Controllers\Movie\Ads->index('1')
#2 C:\xampp\htdocs\test_backend\system\CodeIgniter.php(398): CodeIgniter\CodeIgniter->runController(Object(App\Controllers\Movie\Ads))
#3 C:\xampp\htdocs\test_backend\system\CodeIgniter.php(306): CodeIgniter\CodeIgniter->handleRequest(NULL, Object(Config\Cache), false)
#4 C:\xampp\htdocs\test_backend\public\index.php(45): CodeIgniter\CodeIgniter->run()
#5 {main}
CRITICAL - 2020-08-16 23:40:36 --> Undefined offset: 1
#0 C:\xampp\htdocs\test_backend\app\Controllers\Movie\Ads.php(47): CodeIgniter\Debug\Exceptions->errorHandler(8, 'Undefined offse...', 'C:\\xampp\\htdocs...', 47, Array)
#1 C:\xampp\htdocs\test_backend\system\CodeIgniter.php(910): App\Controllers\Movie\Ads->index('1')
#2 C:\xampp\htdocs\test_backend\system\CodeIgniter.php(398): CodeIgniter\CodeIgniter->runController(Object(App\Controllers\Movie\Ads))
#3 C:\xampp\htdocs\test_backend\system\CodeIgniter.php(306): CodeIgniter\CodeIgniter->handleRequest(NULL, Object(Config\Cache), false)
#4 C:\xampp\htdocs\test_backend\public\index.php(45): CodeIgniter\CodeIgniter->run()
#5 {main}
