CRITICAL - 2020-04-13 02:43:29 --> Unknown column 'branch.branch_logo' in 'field list'
#0 C:\xampp\htdocs\backend\system\Database\MySQLi\Connection.php(330): mysqli->query('SELECT\r\n\t\t\t\t\t`b...')
#1 C:\xampp\htdocs\backend\system\Database\BaseConnection.php(738): CodeIgniter\Database\MySQLi\Connection->execute('SELECT\r\n\t\t\t\t\t`b...')
#2 C:\xampp\htdocs\backend\system\Database\BaseConnection.php(666): CodeIgniter\Database\BaseConnection->simpleQuery('SELECT\r\n\t\t\t\t\t`b...')
#3 C:\xampp\htdocs\backend\app\Models\Maindata_Model.php(52): CodeIgniter\Database\BaseConnection->query('SELECT\r\n\t\t\t\t\t`b...')
#4 C:\xampp\htdocs\backend\app\Controllers\Dashboard.php(38): App\Models\Maindata_Model->get_branch('2')
#5 C:\xampp\htdocs\backend\system\CodeIgniter.php(910): App\Controllers\Dashboard->index()
#6 C:\xampp\htdocs\backend\system\CodeIgniter.php(398): CodeIgniter\CodeIgniter->runController(Object(App\Controllers\Dashboard))
#7 C:\xampp\htdocs\backend\system\CodeIgniter.php(306): CodeIgniter\CodeIgniter->handleRequest(NULL, Object(Config\Cache), false)
#8 C:\xampp\htdocs\backend\public\index.php(45): CodeIgniter\CodeIgniter->run()
#9 {main}
CRITICAL - 2020-04-13 04:03:34 --> Undefined index: sucess
#0 C:\xampp\htdocs\backend\app\Helpers\alert_helper.php(14): CodeIgniter\Debug\Exceptions->errorHandler(8, 'Undefined index...', 'C:\\xampp\\htdocs...', 14, Array)
#1 C:\xampp\htdocs\backend\app\Controllers\Profile.php(49): setAlert('sucess', 'Add Success.')
#2 C:\xampp\htdocs\backend\system\CodeIgniter.php(910): App\Controllers\Profile->saveadd()
#3 C:\xampp\htdocs\backend\system\CodeIgniter.php(398): CodeIgniter\CodeIgniter->runController(Object(App\Controllers\Profile))
#4 C:\xampp\htdocs\backend\system\CodeIgniter.php(306): CodeIgniter\CodeIgniter->handleRequest(NULL, Object(Config\Cache), false)
#5 C:\xampp\htdocs\backend\public\index.php(45): CodeIgniter\CodeIgniter->run()
#6 {main}
CRITICAL - 2020-04-13 04:05:44 --> Undefined index: sucess
#0 C:\xampp\htdocs\backend\app\Helpers\alert_helper.php(14): CodeIgniter\Debug\Exceptions->errorHandler(8, 'Undefined index...', 'C:\\xampp\\htdocs...', 14, Array)
#1 C:\xampp\htdocs\backend\app\Controllers\Profile.php(50): setAlert('sucess', 'Add Success.')
#2 C:\xampp\htdocs\backend\system\CodeIgniter.php(910): App\Controllers\Profile->saveadd()
#3 C:\xampp\htdocs\backend\system\CodeIgniter.php(398): CodeIgniter\CodeIgniter->runController(Object(App\Controllers\Profile))
#4 C:\xampp\htdocs\backend\system\CodeIgniter.php(306): CodeIgniter\CodeIgniter->handleRequest(NULL, Object(Config\Cache), false)
#5 C:\xampp\htdocs\backend\public\index.php(45): CodeIgniter\CodeIgniter->run()
#6 {main}
CRITICAL - 2020-04-13 04:09:04 --> Undefined index: sucess
#0 C:\xampp\htdocs\backend\app\Helpers\alert_helper.php(14): CodeIgniter\Debug\Exceptions->errorHandler(8, 'Undefined index...', 'C:\\xampp\\htdocs...', 14, Array)
#1 C:\xampp\htdocs\backend\app\Controllers\Profile.php(52): setAlert('sucess', 'Add Success.')
#2 C:\xampp\htdocs\backend\system\CodeIgniter.php(910): App\Controllers\Profile->saveadd()
#3 C:\xampp\htdocs\backend\system\CodeIgniter.php(398): CodeIgniter\CodeIgniter->runController(Object(App\Controllers\Profile))
#4 C:\xampp\htdocs\backend\system\CodeIgniter.php(306): CodeIgniter\CodeIgniter->handleRequest(NULL, Object(Config\Cache), false)
#5 C:\xampp\htdocs\backend\public\index.php(45): CodeIgniter\CodeIgniter->run()
#6 {main}
CRITICAL - 2020-04-13 04:09:19 --> Undefined index: sucess
#0 C:\xampp\htdocs\backend\app\Helpers\alert_helper.php(14): CodeIgniter\Debug\Exceptions->errorHandler(8, 'Undefined index...', 'C:\\xampp\\htdocs...', 14, Array)
#1 C:\xampp\htdocs\backend\app\Controllers\Profile.php(52): setAlert('sucess', 'Add Success.')
#2 C:\xampp\htdocs\backend\system\CodeIgniter.php(910): App\Controllers\Profile->saveadd()
#3 C:\xampp\htdocs\backend\system\CodeIgniter.php(398): CodeIgniter\CodeIgniter->runController(Object(App\Controllers\Profile))
#4 C:\xampp\htdocs\backend\system\CodeIgniter.php(306): CodeIgniter\CodeIgniter->handleRequest(NULL, Object(Config\Cache), false)
#5 C:\xampp\htdocs\backend\public\index.php(45): CodeIgniter\CodeIgniter->run()
#6 {main}
CRITICAL - 2020-04-13 06:12:20 --> Undefined index: user_id
#0 C:\xampp\htdocs\backend\app\Views\profile\edit.php(16): CodeIgniter\Debug\Exceptions->errorHandler(8, 'Undefined index...', 'C:\\xampp\\htdocs...', 16, Array)
#1 C:\xampp\htdocs\backend\system\View\View.php(236): include('C:\\xampp\\htdocs...')
#2 C:\xampp\htdocs\backend\system\Common.php(1071): CodeIgniter\View\View->render('profile/edit', Array, true)
#3 C:\xampp\htdocs\backend\app\Controllers\Profile.php(45): view('profile/edit', Array)
#4 C:\xampp\htdocs\backend\system\CodeIgniter.php(910): App\Controllers\Profile->edit('2')
#5 C:\xampp\htdocs\backend\system\CodeIgniter.php(398): CodeIgniter\CodeIgniter->runController(Object(App\Controllers\Profile))
#6 C:\xampp\htdocs\backend\system\CodeIgniter.php(306): CodeIgniter\CodeIgniter->handleRequest(NULL, Object(Config\Cache), false)
#7 C:\xampp\htdocs\backend\public\index.php(45): CodeIgniter\CodeIgniter->run()
#8 {main}
CRITICAL - 2020-04-13 06:12:35 --> Cannot use object of type stdClass as array
#0 C:\xampp\htdocs\backend\system\View\View.php(236): include()
#1 C:\xampp\htdocs\backend\system\Common.php(1071): CodeIgniter\View\View->render('profile/edit', Array, true)
#2 C:\xampp\htdocs\backend\app\Controllers\Profile.php(45): view('profile/edit', Array)
#3 C:\xampp\htdocs\backend\system\CodeIgniter.php(910): App\Controllers\Profile->edit('2')
#4 C:\xampp\htdocs\backend\system\CodeIgniter.php(398): CodeIgniter\CodeIgniter->runController(Object(App\Controllers\Profile))
#5 C:\xampp\htdocs\backend\system\CodeIgniter.php(306): CodeIgniter\CodeIgniter->handleRequest(NULL, Object(Config\Cache), false)
#6 C:\xampp\htdocs\backend\public\index.php(45): CodeIgniter\CodeIgniter->run()
#7 {main}
CRITICAL - 2020-04-13 06:12:35 --> Cannot use object of type stdClass as array
#0 C:\xampp\htdocs\backend\system\View\View.php(236): include()
#1 C:\xampp\htdocs\backend\system\Common.php(1071): CodeIgniter\View\View->render('profile/edit', Array, true)
#2 C:\xampp\htdocs\backend\app\Controllers\Profile.php(45): view('profile/edit', Array)
#3 C:\xampp\htdocs\backend\system\CodeIgniter.php(910): App\Controllers\Profile->edit('2')
#4 C:\xampp\htdocs\backend\system\CodeIgniter.php(398): CodeIgniter\CodeIgniter->runController(Object(App\Controllers\Profile))
#5 C:\xampp\htdocs\backend\system\CodeIgniter.php(306): CodeIgniter\CodeIgniter->handleRequest(NULL, Object(Config\Cache), false)
#6 C:\xampp\htdocs\backend\public\index.php(45): CodeIgniter\CodeIgniter->run()
#7 {main}
CRITICAL - 2020-04-13 06:12:36 --> Cannot use object of type stdClass as array
#0 C:\xampp\htdocs\backend\system\View\View.php(236): include()
#1 C:\xampp\htdocs\backend\system\Common.php(1071): CodeIgniter\View\View->render('profile/edit', Array, true)
#2 C:\xampp\htdocs\backend\app\Controllers\Profile.php(45): view('profile/edit', Array)
#3 C:\xampp\htdocs\backend\system\CodeIgniter.php(910): App\Controllers\Profile->edit('2')
#4 C:\xampp\htdocs\backend\system\CodeIgniter.php(398): CodeIgniter\CodeIgniter->runController(Object(App\Controllers\Profile))
#5 C:\xampp\htdocs\backend\system\CodeIgniter.php(306): CodeIgniter\CodeIgniter->handleRequest(NULL, Object(Config\Cache), false)
#6 C:\xampp\htdocs\backend\public\index.php(45): CodeIgniter\CodeIgniter->run()
#7 {main}
CRITICAL - 2020-04-13 06:12:36 --> Cannot use object of type stdClass as array
#0 C:\xampp\htdocs\backend\system\View\View.php(236): include()
#1 C:\xampp\htdocs\backend\system\Common.php(1071): CodeIgniter\View\View->render('profile/edit', Array, true)
#2 C:\xampp\htdocs\backend\app\Controllers\Profile.php(45): view('profile/edit', Array)
#3 C:\xampp\htdocs\backend\system\CodeIgniter.php(910): App\Controllers\Profile->edit('2')
#4 C:\xampp\htdocs\backend\system\CodeIgniter.php(398): CodeIgniter\CodeIgniter->runController(Object(App\Controllers\Profile))
#5 C:\xampp\htdocs\backend\system\CodeIgniter.php(306): CodeIgniter\CodeIgniter->handleRequest(NULL, Object(Config\Cache), false)
#6 C:\xampp\htdocs\backend\public\index.php(45): CodeIgniter\CodeIgniter->run()
#7 {main}
CRITICAL - 2020-04-13 06:12:36 --> Cannot use object of type stdClass as array
#0 C:\xampp\htdocs\backend\system\View\View.php(236): include()
#1 C:\xampp\htdocs\backend\system\Common.php(1071): CodeIgniter\View\View->render('profile/edit', Array, true)
#2 C:\xampp\htdocs\backend\app\Controllers\Profile.php(45): view('profile/edit', Array)
#3 C:\xampp\htdocs\backend\system\CodeIgniter.php(910): App\Controllers\Profile->edit('2')
#4 C:\xampp\htdocs\backend\system\CodeIgniter.php(398): CodeIgniter\CodeIgniter->runController(Object(App\Controllers\Profile))
#5 C:\xampp\htdocs\backend\system\CodeIgniter.php(306): CodeIgniter\CodeIgniter->handleRequest(NULL, Object(Config\Cache), false)
#6 C:\xampp\htdocs\backend\public\index.php(45): CodeIgniter\CodeIgniter->run()
#7 {main}
CRITICAL - 2020-04-13 06:12:36 --> Cannot use object of type stdClass as array
#0 C:\xampp\htdocs\backend\system\View\View.php(236): include()
#1 C:\xampp\htdocs\backend\system\Common.php(1071): CodeIgniter\View\View->render('profile/edit', Array, true)
#2 C:\xampp\htdocs\backend\app\Controllers\Profile.php(45): view('profile/edit', Array)
#3 C:\xampp\htdocs\backend\system\CodeIgniter.php(910): App\Controllers\Profile->edit('2')
#4 C:\xampp\htdocs\backend\system\CodeIgniter.php(398): CodeIgniter\CodeIgniter->runController(Object(App\Controllers\Profile))
#5 C:\xampp\htdocs\backend\system\CodeIgniter.php(306): CodeIgniter\CodeIgniter->handleRequest(NULL, Object(Config\Cache), false)
#6 C:\xampp\htdocs\backend\public\index.php(45): CodeIgniter\CodeIgniter->run()
#7 {main}
CRITICAL - 2020-04-13 06:12:37 --> Cannot use object of type stdClass as array
#0 C:\xampp\htdocs\backend\system\View\View.php(236): include()
#1 C:\xampp\htdocs\backend\system\Common.php(1071): CodeIgniter\View\View->render('profile/edit', Array, true)
#2 C:\xampp\htdocs\backend\app\Controllers\Profile.php(45): view('profile/edit', Array)
#3 C:\xampp\htdocs\backend\system\CodeIgniter.php(910): App\Controllers\Profile->edit('2')
#4 C:\xampp\htdocs\backend\system\CodeIgniter.php(398): CodeIgniter\CodeIgniter->runController(Object(App\Controllers\Profile))
#5 C:\xampp\htdocs\backend\system\CodeIgniter.php(306): CodeIgniter\CodeIgniter->handleRequest(NULL, Object(Config\Cache), false)
#6 C:\xampp\htdocs\backend\public\index.php(45): CodeIgniter\CodeIgniter->run()
#7 {main}
CRITICAL - 2020-04-13 06:12:37 --> Cannot use object of type stdClass as array
#0 C:\xampp\htdocs\backend\system\View\View.php(236): include()
#1 C:\xampp\htdocs\backend\system\Common.php(1071): CodeIgniter\View\View->render('profile/edit', Array, true)
#2 C:\xampp\htdocs\backend\app\Controllers\Profile.php(45): view('profile/edit', Array)
#3 C:\xampp\htdocs\backend\system\CodeIgniter.php(910): App\Controllers\Profile->edit('2')
#4 C:\xampp\htdocs\backend\system\CodeIgniter.php(398): CodeIgniter\CodeIgniter->runController(Object(App\Controllers\Profile))
#5 C:\xampp\htdocs\backend\system\CodeIgniter.php(306): CodeIgniter\CodeIgniter->handleRequest(NULL, Object(Config\Cache), false)
#6 C:\xampp\htdocs\backend\public\index.php(45): CodeIgniter\CodeIgniter->run()
#7 {main}
CRITICAL - 2020-04-13 06:21:23 --> Too few arguments to function App\Models\User_Model::edit_user(), 1 passed in C:\xampp\htdocs\backend\app\Controllers\Profile.php on line 47 and exactly 2 expected
#0 C:\xampp\htdocs\backend\app\Controllers\Profile.php(47): App\Models\User_Model->edit_user(Array)
#1 C:\xampp\htdocs\backend\system\CodeIgniter.php(910): App\Controllers\Profile->saveedit('2')
#2 C:\xampp\htdocs\backend\system\CodeIgniter.php(398): CodeIgniter\CodeIgniter->runController(Object(App\Controllers\Profile))
#3 C:\xampp\htdocs\backend\system\CodeIgniter.php(306): CodeIgniter\CodeIgniter->handleRequest(NULL, Object(Config\Cache), false)
#4 C:\xampp\htdocs\backend\public\index.php(45): CodeIgniter\CodeIgniter->run()
#5 {main}
CRITICAL - 2020-04-13 11:05:25 --> Cannot declare class App\Models\User_Model, because the name is already in use
#0 [internal function]: CodeIgniter\Debug\Exceptions->shutdownHandler()
#1 {main}
CRITICAL - 2020-04-13 11:13:09 --> Cannot declare class App\Models\User_Model, because the name is already in use
#0 [internal function]: CodeIgniter\Debug\Exceptions->shutdownHandler()
#1 {main}
CRITICAL - 2020-04-13 11:13:11 --> Cannot declare class App\Models\User_Model, because the name is already in use
#0 [internal function]: CodeIgniter\Debug\Exceptions->shutdownHandler()
#1 {main}
CRITICAL - 2020-04-13 11:13:16 --> Cannot declare class App\Models\User_Model, because the name is already in use
#0 [internal function]: CodeIgniter\Debug\Exceptions->shutdownHandler()
#1 {main}
CRITICAL - 2020-04-13 11:13:18 --> Cannot declare class App\Models\User_Model, because the name is already in use
#0 [internal function]: CodeIgniter\Debug\Exceptions->shutdownHandler()
#1 {main}
CRITICAL - 2020-04-13 11:13:25 --> Cannot declare class App\Models\User_Model, because the name is already in use
#0 [internal function]: CodeIgniter\Debug\Exceptions->shutdownHandler()
#1 {main}
CRITICAL - 2020-04-13 11:14:37 --> You have an error in your SQL syntax; check the manual that corresponds to your MariaDB server version for the right syntax to use near '0, 1) VALUES (('23','1'), ('23','2'))' at line 1
#0 C:\xampp\htdocs\backend\system\Database\MySQLi\Connection.php(330): mysqli->query('INSERT INTO `gr...')
#1 C:\xampp\htdocs\backend\system\Database\BaseConnection.php(738): CodeIgniter\Database\MySQLi\Connection->execute('INSERT INTO `gr...')
#2 C:\xampp\htdocs\backend\system\Database\BaseConnection.php(666): CodeIgniter\Database\BaseConnection->simpleQuery('INSERT INTO `gr...')
#3 C:\xampp\htdocs\backend\system\Database\BaseBuilder.php(2206): CodeIgniter\Database\BaseConnection->query('INSERT INTO `gr...', Array, false)
#4 C:\xampp\htdocs\backend\app\Models\Grant_model.php(25): CodeIgniter\Database\BaseBuilder->insert(Array)
#5 C:\xampp\htdocs\backend\app\Models\User_Model.php(52): App\Models\Grant_Model->add_grants(Array, '23')
#6 C:\xampp\htdocs\backend\app\Controllers\Profile.php(58): App\Models\User_Model->edit_user_grant(Array, Array, '23')
#7 C:\xampp\htdocs\backend\system\CodeIgniter.php(910): App\Controllers\Profile->saveedit('23')
#8 C:\xampp\htdocs\backend\system\CodeIgniter.php(398): CodeIgniter\CodeIgniter->runController(Object(App\Controllers\Profile))
#9 C:\xampp\htdocs\backend\system\CodeIgniter.php(306): CodeIgniter\CodeIgniter->handleRequest(NULL, Object(Config\Cache), false)
#10 C:\xampp\htdocs\backend\public\index.php(45): CodeIgniter\CodeIgniter->run()
#11 {main}
CRITICAL - 2020-04-13 11:15:54 --> You have an error in your SQL syntax; check the manual that corresponds to your MariaDB server version for the right syntax to use near '0, 1) VALUES (('23','1'), ('23','2'))' at line 1
#0 C:\xampp\htdocs\backend\system\Database\MySQLi\Connection.php(330): mysqli->query('INSERT INTO `gr...')
#1 C:\xampp\htdocs\backend\system\Database\BaseConnection.php(738): CodeIgniter\Database\MySQLi\Connection->execute('INSERT INTO `gr...')
#2 C:\xampp\htdocs\backend\system\Database\BaseConnection.php(666): CodeIgniter\Database\BaseConnection->simpleQuery('INSERT INTO `gr...')
#3 C:\xampp\htdocs\backend\system\Database\BaseBuilder.php(2206): CodeIgniter\Database\BaseConnection->query('INSERT INTO `gr...', Array, false)
#4 C:\xampp\htdocs\backend\app\Models\Grant_model.php(26): CodeIgniter\Database\BaseBuilder->insert(Array)
#5 C:\xampp\htdocs\backend\app\Models\User_Model.php(52): App\Models\Grant_Model->add_grants(Array, '23')
#6 C:\xampp\htdocs\backend\app\Controllers\Profile.php(58): App\Models\User_Model->edit_user_grant(Array, Array, '23')
#7 C:\xampp\htdocs\backend\system\CodeIgniter.php(910): App\Controllers\Profile->saveedit('23')
#8 C:\xampp\htdocs\backend\system\CodeIgniter.php(398): CodeIgniter\CodeIgniter->runController(Object(App\Controllers\Profile))
#9 C:\xampp\htdocs\backend\system\CodeIgniter.php(306): CodeIgniter\CodeIgniter->handleRequest(NULL, Object(Config\Cache), false)
#10 C:\xampp\htdocs\backend\public\index.php(45): CodeIgniter\CodeIgniter->run()
#11 {main}
CRITICAL - 2020-04-13 11:17:58 --> You have an error in your SQL syntax; check the manual that corresponds to your MariaDB server version for the right syntax to use near '0, 1) VALUES (('23','1'), ('23','2'))' at line 1
#0 C:\xampp\htdocs\backend\system\Database\MySQLi\Connection.php(330): mysqli->query('INSERT INTO `gr...')
#1 C:\xampp\htdocs\backend\system\Database\BaseConnection.php(738): CodeIgniter\Database\MySQLi\Connection->execute('INSERT INTO `gr...')
#2 C:\xampp\htdocs\backend\system\Database\BaseConnection.php(666): CodeIgniter\Database\BaseConnection->simpleQuery('INSERT INTO `gr...')
#3 C:\xampp\htdocs\backend\system\Database\BaseBuilder.php(2206): CodeIgniter\Database\BaseConnection->query('INSERT INTO `gr...', Array, false)
#4 C:\xampp\htdocs\backend\app\Models\Grant_model.php(26): CodeIgniter\Database\BaseBuilder->insert(Array)
#5 C:\xampp\htdocs\backend\app\Models\User_Model.php(52): App\Models\Grant_Model->add_grants(Array, '23')
#6 C:\xampp\htdocs\backend\app\Controllers\Profile.php(58): App\Models\User_Model->edit_user_grant(Array, Array, '23')
#7 C:\xampp\htdocs\backend\system\CodeIgniter.php(910): App\Controllers\Profile->saveedit('23')
#8 C:\xampp\htdocs\backend\system\CodeIgniter.php(398): CodeIgniter\CodeIgniter->runController(Object(App\Controllers\Profile))
#9 C:\xampp\htdocs\backend\system\CodeIgniter.php(306): CodeIgniter\CodeIgniter->handleRequest(NULL, Object(Config\Cache), false)
#10 C:\xampp\htdocs\backend\public\index.php(45): CodeIgniter\CodeIgniter->run()
#11 {main}
CRITICAL - 2020-04-13 11:18:38 --> You have an error in your SQL syntax; check the manual that corresponds to your MariaDB server version for the right syntax to use near '0, 1, 2, 3) VALUES ('user_id', 'branch_id', ('23','1'), ('23','2'))' at line 1
#0 C:\xampp\htdocs\backend\system\Database\MySQLi\Connection.php(330): mysqli->query('INSERT INTO `gr...')
#1 C:\xampp\htdocs\backend\system\Database\BaseConnection.php(738): CodeIgniter\Database\MySQLi\Connection->execute('INSERT INTO `gr...')
#2 C:\xampp\htdocs\backend\system\Database\BaseConnection.php(666): CodeIgniter\Database\BaseConnection->simpleQuery('INSERT INTO `gr...')
#3 C:\xampp\htdocs\backend\system\Database\BaseBuilder.php(2206): CodeIgniter\Database\BaseConnection->query('INSERT INTO `gr...', Array, false)
#4 C:\xampp\htdocs\backend\app\Models\Grant_model.php(26): CodeIgniter\Database\BaseBuilder->insert(Array)
#5 C:\xampp\htdocs\backend\app\Models\User_Model.php(52): App\Models\Grant_Model->add_grants(Array, '23')
#6 C:\xampp\htdocs\backend\app\Controllers\Profile.php(58): App\Models\User_Model->edit_user_grant(Array, Array, '23')
#7 C:\xampp\htdocs\backend\system\CodeIgniter.php(910): App\Controllers\Profile->saveedit('23')
#8 C:\xampp\htdocs\backend\system\CodeIgniter.php(398): CodeIgniter\CodeIgniter->runController(Object(App\Controllers\Profile))
#9 C:\xampp\htdocs\backend\system\CodeIgniter.php(306): CodeIgniter\CodeIgniter->handleRequest(NULL, Object(Config\Cache), false)
#10 C:\xampp\htdocs\backend\public\index.php(45): CodeIgniter\CodeIgniter->run()
#11 {main}
CRITICAL - 2020-04-13 11:19:21 --> You have an error in your SQL syntax; check the manual that corresponds to your MariaDB server version for the right syntax to use near '0, 1) VALUES (('23','1'), ('23','2'))' at line 1
#0 C:\xampp\htdocs\backend\system\Database\MySQLi\Connection.php(330): mysqli->query('INSERT INTO `gr...')
#1 C:\xampp\htdocs\backend\system\Database\BaseConnection.php(738): CodeIgniter\Database\MySQLi\Connection->execute('INSERT INTO `gr...')
#2 C:\xampp\htdocs\backend\system\Database\BaseConnection.php(666): CodeIgniter\Database\BaseConnection->simpleQuery('INSERT INTO `gr...')
#3 C:\xampp\htdocs\backend\system\Database\BaseBuilder.php(2206): CodeIgniter\Database\BaseConnection->query('INSERT INTO `gr...', Array, false)
#4 C:\xampp\htdocs\backend\app\Models\Grant_model.php(26): CodeIgniter\Database\BaseBuilder->insert(Array)
#5 C:\xampp\htdocs\backend\app\Models\User_Model.php(52): App\Models\Grant_Model->add_grants(Array, '23')
#6 C:\xampp\htdocs\backend\app\Controllers\Profile.php(58): App\Models\User_Model->edit_user_grant(Array, Array, '23')
#7 C:\xampp\htdocs\backend\system\CodeIgniter.php(910): App\Controllers\Profile->saveedit('23')
#8 C:\xampp\htdocs\backend\system\CodeIgniter.php(398): CodeIgniter\CodeIgniter->runController(Object(App\Controllers\Profile))
#9 C:\xampp\htdocs\backend\system\CodeIgniter.php(306): CodeIgniter\CodeIgniter->handleRequest(NULL, Object(Config\Cache), false)
#10 C:\xampp\htdocs\backend\public\index.php(45): CodeIgniter\CodeIgniter->run()
#11 {main}
CRITICAL - 2020-04-13 11:23:21 --> You have an error in your SQL syntax; check the manual that corresponds to your MariaDB server version for the right syntax to use near '0, 1) VALUES (('23','1'), ('23','2'))' at line 1
#0 C:\xampp\htdocs\backend\system\Database\MySQLi\Connection.php(330): mysqli->query('INSERT INTO `gr...')
#1 C:\xampp\htdocs\backend\system\Database\BaseConnection.php(738): CodeIgniter\Database\MySQLi\Connection->execute('INSERT INTO `gr...')
#2 C:\xampp\htdocs\backend\system\Database\BaseConnection.php(666): CodeIgniter\Database\BaseConnection->simpleQuery('INSERT INTO `gr...')
#3 C:\xampp\htdocs\backend\system\Database\BaseBuilder.php(2206): CodeIgniter\Database\BaseConnection->query('INSERT INTO `gr...', Array, false)
#4 C:\xampp\htdocs\backend\app\Models\Grant_model.php(26): CodeIgniter\Database\BaseBuilder->insert(Array)
#5 C:\xampp\htdocs\backend\app\Models\User_Model.php(52): App\Models\Grant_Model->add_grants(Array, '23')
#6 C:\xampp\htdocs\backend\app\Controllers\Profile.php(58): App\Models\User_Model->edit_user_grant(Array, Array, '23')
#7 C:\xampp\htdocs\backend\system\CodeIgniter.php(910): App\Controllers\Profile->saveedit('23')
#8 C:\xampp\htdocs\backend\system\CodeIgniter.php(398): CodeIgniter\CodeIgniter->runController(Object(App\Controllers\Profile))
#9 C:\xampp\htdocs\backend\system\CodeIgniter.php(306): CodeIgniter\CodeIgniter->handleRequest(NULL, Object(Config\Cache), false)
#10 C:\xampp\htdocs\backend\public\index.php(45): CodeIgniter\CodeIgniter->run()
#11 {main}
CRITICAL - 2020-04-13 11:23:59 --> You have an error in your SQL syntax; check the manual that corresponds to your MariaDB server version for the right syntax to use near '0, 1, 2, 3) VALUES (('23','1'), ('23','1'), ('23','2'), ('23','2'))' at line 1
#0 C:\xampp\htdocs\backend\system\Database\MySQLi\Connection.php(330): mysqli->query('INSERT INTO `gr...')
#1 C:\xampp\htdocs\backend\system\Database\BaseConnection.php(738): CodeIgniter\Database\MySQLi\Connection->execute('INSERT INTO `gr...')
#2 C:\xampp\htdocs\backend\system\Database\BaseConnection.php(666): CodeIgniter\Database\BaseConnection->simpleQuery('INSERT INTO `gr...')
#3 C:\xampp\htdocs\backend\system\Database\BaseBuilder.php(2206): CodeIgniter\Database\BaseConnection->query('INSERT INTO `gr...', Array, false)
#4 C:\xampp\htdocs\backend\app\Models\Grant_model.php(27): CodeIgniter\Database\BaseBuilder->insert(Array)
#5 C:\xampp\htdocs\backend\app\Models\User_Model.php(52): App\Models\Grant_Model->add_grants(Array, '23')
#6 C:\xampp\htdocs\backend\app\Controllers\Profile.php(58): App\Models\User_Model->edit_user_grant(Array, Array, '23')
#7 C:\xampp\htdocs\backend\system\CodeIgniter.php(910): App\Controllers\Profile->saveedit('23')
#8 C:\xampp\htdocs\backend\system\CodeIgniter.php(398): CodeIgniter\CodeIgniter->runController(Object(App\Controllers\Profile))
#9 C:\xampp\htdocs\backend\system\CodeIgniter.php(306): CodeIgniter\CodeIgniter->handleRequest(NULL, Object(Config\Cache), false)
#10 C:\xampp\htdocs\backend\public\index.php(45): CodeIgniter\CodeIgniter->run()
#11 {main}
CRITICAL - 2020-04-13 11:25:19 --> You have an error in your SQL syntax; check the manual that corresponds to your MariaDB server version for the right syntax to use near '0, 1) VALUES (('23','1'), ('23','2'))' at line 1
#0 C:\xampp\htdocs\backend\system\Database\MySQLi\Connection.php(330): mysqli->query('INSERT INTO `gr...')
#1 C:\xampp\htdocs\backend\system\Database\BaseConnection.php(738): CodeIgniter\Database\MySQLi\Connection->execute('INSERT INTO `gr...')
#2 C:\xampp\htdocs\backend\system\Database\BaseConnection.php(666): CodeIgniter\Database\BaseConnection->simpleQuery('INSERT INTO `gr...')
#3 C:\xampp\htdocs\backend\system\Database\BaseBuilder.php(2206): CodeIgniter\Database\BaseConnection->query('INSERT INTO `gr...', Array, false)
#4 C:\xampp\htdocs\backend\app\Models\Grant_model.php(26): CodeIgniter\Database\BaseBuilder->insert(Array)
#5 C:\xampp\htdocs\backend\app\Models\User_Model.php(52): App\Models\Grant_Model->add_grants(Array, '23')
#6 C:\xampp\htdocs\backend\app\Controllers\Profile.php(58): App\Models\User_Model->edit_user_grant(Array, Array, '23')
#7 C:\xampp\htdocs\backend\system\CodeIgniter.php(910): App\Controllers\Profile->saveedit('23')
#8 C:\xampp\htdocs\backend\system\CodeIgniter.php(398): CodeIgniter\CodeIgniter->runController(Object(App\Controllers\Profile))
#9 C:\xampp\htdocs\backend\system\CodeIgniter.php(306): CodeIgniter\CodeIgniter->handleRequest(NULL, Object(Config\Cache), false)
#10 C:\xampp\htdocs\backend\public\index.php(45): CodeIgniter\CodeIgniter->run()
#11 {main}
CRITICAL - 2020-04-13 11:26:22 --> You have an error in your SQL syntax; check the manual that corresponds to your MariaDB server version for the right syntax to use near '0, 1) VALUES (('23','1'), ('23','2'))' at line 1
#0 C:\xampp\htdocs\backend\system\Database\MySQLi\Connection.php(330): mysqli->query('INSERT INTO `gr...')
#1 C:\xampp\htdocs\backend\system\Database\BaseConnection.php(738): CodeIgniter\Database\MySQLi\Connection->execute('INSERT INTO `gr...')
#2 C:\xampp\htdocs\backend\system\Database\BaseConnection.php(666): CodeIgniter\Database\BaseConnection->simpleQuery('INSERT INTO `gr...')
#3 C:\xampp\htdocs\backend\system\Database\BaseBuilder.php(2206): CodeIgniter\Database\BaseConnection->query('INSERT INTO `gr...', Array, false)
#4 C:\xampp\htdocs\backend\app\Models\Grant_model.php(30): CodeIgniter\Database\BaseBuilder->insert(Array)
#5 C:\xampp\htdocs\backend\app\Models\User_Model.php(52): App\Models\Grant_Model->add_grants(Array, '23')
#6 C:\xampp\htdocs\backend\app\Controllers\Profile.php(58): App\Models\User_Model->edit_user_grant(Array, Array, '23')
#7 C:\xampp\htdocs\backend\system\CodeIgniter.php(910): App\Controllers\Profile->saveedit('23')
#8 C:\xampp\htdocs\backend\system\CodeIgniter.php(398): CodeIgniter\CodeIgniter->runController(Object(App\Controllers\Profile))
#9 C:\xampp\htdocs\backend\system\CodeIgniter.php(306): CodeIgniter\CodeIgniter->handleRequest(NULL, Object(Config\Cache), false)
#10 C:\xampp\htdocs\backend\public\index.php(45): CodeIgniter\CodeIgniter->run()
#11 {main}
CRITICAL - 2020-04-13 23:56:04 --> Call to undefined method CodeIgniter\Database\MySQLi\Connection::insert_id()
#0 C:\xampp\htdocs\backend\app\Controllers\Profile.php(183): App\Models\User_Model->add_user_grant(Array, Array)
#1 C:\xampp\htdocs\backend\system\CodeIgniter.php(910): App\Controllers\Profile->saveadd()
#2 C:\xampp\htdocs\backend\system\CodeIgniter.php(398): CodeIgniter\CodeIgniter->runController(Object(App\Controllers\Profile))
#3 C:\xampp\htdocs\backend\system\CodeIgniter.php(306): CodeIgniter\CodeIgniter->handleRequest(NULL, Object(Config\Cache), false)
#4 C:\xampp\htdocs\backend\public\index.php(45): CodeIgniter\CodeIgniter->run()
#5 {main}
CRITICAL - 2020-04-13 23:56:57 --> Call to undefined method CodeIgniter\Database\MySQLi\Connection::insert_id()
#0 C:\xampp\htdocs\backend\app\Controllers\Profile.php(183): App\Models\User_Model->add_user_grant(Array, Array)
#1 C:\xampp\htdocs\backend\system\CodeIgniter.php(910): App\Controllers\Profile->saveadd()
#2 C:\xampp\htdocs\backend\system\CodeIgniter.php(398): CodeIgniter\CodeIgniter->runController(Object(App\Controllers\Profile))
#3 C:\xampp\htdocs\backend\system\CodeIgniter.php(306): CodeIgniter\CodeIgniter->handleRequest(NULL, Object(Config\Cache), false)
#4 C:\xampp\htdocs\backend\public\index.php(45): CodeIgniter\CodeIgniter->run()
#5 {main}
