CRITICAL - 2020-04-24 04:46:41 --> Class 'App\Models\Vdoads_Model' not found
#0 C:\xampp\htdocs\backend\system\CodeIgniter.php(882): App\Controllers\Movie\VdoAds->__construct()
#1 C:\xampp\htdocs\backend\system\CodeIgniter.php(393): CodeIgniter\CodeIgniter->createController()
#2 C:\xampp\htdocs\backend\system\CodeIgniter.php(306): CodeIgniter\CodeIgniter->handleRequest(NULL, Object(Config\Cache), false)
#3 C:\xampp\htdocs\backend\public\index.php(45): CodeIgniter\CodeIgniter->run()
#4 {main}
CRITICAL - 2020-04-24 04:47:28 --> Class 'App\Models\Movie\Vdoads_Model' not found
#0 C:\xampp\htdocs\backend\system\CodeIgniter.php(882): App\Controllers\Movie\VdoAds->__construct()
#1 C:\xampp\htdocs\backend\system\CodeIgniter.php(393): CodeIgniter\CodeIgniter->createController()
#2 C:\xampp\htdocs\backend\system\CodeIgniter.php(306): CodeIgniter\CodeIgniter->handleRequest(NULL, Object(Config\Cache), false)
#3 C:\xampp\htdocs\backend\public\index.php(45): CodeIgniter\CodeIgniter->run()
#4 {main}
CRITICAL - 2020-04-24 04:47:29 --> Class 'App\Models\Movie\Vdoads_Model' not found
#0 C:\xampp\htdocs\backend\system\CodeIgniter.php(882): App\Controllers\Movie\VdoAds->__construct()
#1 C:\xampp\htdocs\backend\system\CodeIgniter.php(393): CodeIgniter\CodeIgniter->createController()
#2 C:\xampp\htdocs\backend\system\CodeIgniter.php(306): CodeIgniter\CodeIgniter->handleRequest(NULL, Object(Config\Cache), false)
#3 C:\xampp\htdocs\backend\public\index.php(45): CodeIgniter\CodeIgniter->run()
#4 {main}
CRITICAL - 2020-04-24 04:47:29 --> Class 'App\Models\Movie\Vdoads_Model' not found
#0 C:\xampp\htdocs\backend\system\CodeIgniter.php(882): App\Controllers\Movie\VdoAds->__construct()
#1 C:\xampp\htdocs\backend\system\CodeIgniter.php(393): CodeIgniter\CodeIgniter->createController()
#2 C:\xampp\htdocs\backend\system\CodeIgniter.php(306): CodeIgniter\CodeIgniter->handleRequest(NULL, Object(Config\Cache), false)
#3 C:\xampp\htdocs\backend\public\index.php(45): CodeIgniter\CodeIgniter->run()
#4 {main}
CRITICAL - 2020-04-24 04:47:29 --> Class 'App\Models\Movie\Vdoads_Model' not found
#0 C:\xampp\htdocs\backend\system\CodeIgniter.php(882): App\Controllers\Movie\VdoAds->__construct()
#1 C:\xampp\htdocs\backend\system\CodeIgniter.php(393): CodeIgniter\CodeIgniter->createController()
#2 C:\xampp\htdocs\backend\system\CodeIgniter.php(306): CodeIgniter\CodeIgniter->handleRequest(NULL, Object(Config\Cache), false)
#3 C:\xampp\htdocs\backend\public\index.php(45): CodeIgniter\CodeIgniter->run()
#4 {main}
CRITICAL - 2020-04-24 04:48:27 --> Class 'App\Models\Vdoads_Model' not found
#0 C:\xampp\htdocs\backend\system\CodeIgniter.php(882): App\Controllers\Movie\VdoAds->__construct()
#1 C:\xampp\htdocs\backend\system\CodeIgniter.php(393): CodeIgniter\CodeIgniter->createController()
#2 C:\xampp\htdocs\backend\system\CodeIgniter.php(306): CodeIgniter\CodeIgniter->handleRequest(NULL, Object(Config\Cache), false)
#3 C:\xampp\htdocs\backend\public\index.php(45): CodeIgniter\CodeIgniter->run()
#4 {main}
CRITICAL - 2020-04-24 04:48:27 --> Class 'App\Models\Vdoads_Model' not found
#0 C:\xampp\htdocs\backend\system\CodeIgniter.php(882): App\Controllers\Movie\VdoAds->__construct()
#1 C:\xampp\htdocs\backend\system\CodeIgniter.php(393): CodeIgniter\CodeIgniter->createController()
#2 C:\xampp\htdocs\backend\system\CodeIgniter.php(306): CodeIgniter\CodeIgniter->handleRequest(NULL, Object(Config\Cache), false)
#3 C:\xampp\htdocs\backend\public\index.php(45): CodeIgniter\CodeIgniter->run()
#4 {main}
CRITICAL - 2020-04-24 04:48:28 --> Class 'App\Models\Vdoads_Model' not found
#0 C:\xampp\htdocs\backend\system\CodeIgniter.php(882): App\Controllers\Movie\VdoAds->__construct()
#1 C:\xampp\htdocs\backend\system\CodeIgniter.php(393): CodeIgniter\CodeIgniter->createController()
#2 C:\xampp\htdocs\backend\system\CodeIgniter.php(306): CodeIgniter\CodeIgniter->handleRequest(NULL, Object(Config\Cache), false)
#3 C:\xampp\htdocs\backend\public\index.php(45): CodeIgniter\CodeIgniter->run()
#4 {main}
CRITICAL - 2020-04-24 04:48:28 --> Class 'App\Models\Vdoads_Model' not found
#0 C:\xampp\htdocs\backend\system\CodeIgniter.php(882): App\Controllers\Movie\VdoAds->__construct()
#1 C:\xampp\htdocs\backend\system\CodeIgniter.php(393): CodeIgniter\CodeIgniter->createController()
#2 C:\xampp\htdocs\backend\system\CodeIgniter.php(306): CodeIgniter\CodeIgniter->handleRequest(NULL, Object(Config\Cache), false)
#3 C:\xampp\htdocs\backend\public\index.php(45): CodeIgniter\CodeIgniter->run()
#4 {main}
CRITICAL - 2020-04-24 04:49:50 --> Undefined variable: id
#0 C:\xampp\htdocs\backend\app\Views\movie\vdoadslist.php(13): CodeIgniter\Debug\Exceptions->errorHandler(8, 'Undefined varia...', 'C:\\xampp\\htdocs...', 13, Array)
#1 C:\xampp\htdocs\backend\system\View\View.php(236): include('C:\\xampp\\htdocs...')
#2 C:\xampp\htdocs\backend\system\Common.php(1071): CodeIgniter\View\View->render('movie/vdoadslis...', Array, true)
#3 C:\xampp\htdocs\backend\app\Controllers\Movie\VdoAds.php(52): view('movie/vdoadslis...', Array)
#4 C:\xampp\htdocs\backend\system\CodeIgniter.php(910): App\Controllers\Movie\VdoAds->index('1')
#5 C:\xampp\htdocs\backend\system\CodeIgniter.php(398): CodeIgniter\CodeIgniter->runController(Object(App\Controllers\Movie\VdoAds))
#6 C:\xampp\htdocs\backend\system\CodeIgniter.php(306): CodeIgniter\CodeIgniter->handleRequest(NULL, Object(Config\Cache), false)
#7 C:\xampp\htdocs\backend\public\index.php(45): CodeIgniter\CodeIgniter->run()
#8 {main}
CRITICAL - 2020-04-24 04:49:53 --> Undefined variable: id
#0 C:\xampp\htdocs\backend\app\Views\movie\vdoadslist.php(13): CodeIgniter\Debug\Exceptions->errorHandler(8, 'Undefined varia...', 'C:\\xampp\\htdocs...', 13, Array)
#1 C:\xampp\htdocs\backend\system\View\View.php(236): include('C:\\xampp\\htdocs...')
#2 C:\xampp\htdocs\backend\system\Common.php(1071): CodeIgniter\View\View->render('movie/vdoadslis...', Array, true)
#3 C:\xampp\htdocs\backend\app\Controllers\Movie\VdoAds.php(52): view('movie/vdoadslis...', Array)
#4 C:\xampp\htdocs\backend\system\CodeIgniter.php(910): App\Controllers\Movie\VdoAds->index('1')
#5 C:\xampp\htdocs\backend\system\CodeIgniter.php(398): CodeIgniter\CodeIgniter->runController(Object(App\Controllers\Movie\VdoAds))
#6 C:\xampp\htdocs\backend\system\CodeIgniter.php(306): CodeIgniter\CodeIgniter->handleRequest(NULL, Object(Config\Cache), false)
#7 C:\xampp\htdocs\backend\public\index.php(45): CodeIgniter\CodeIgniter->run()
#8 {main}
CRITICAL - 2020-04-24 04:50:17 --> Undefined variable: id
#0 C:\xampp\htdocs\backend\app\Views\movie\vdoadslist.php(13): CodeIgniter\Debug\Exceptions->errorHandler(8, 'Undefined varia...', 'C:\\xampp\\htdocs...', 13, Array)
#1 C:\xampp\htdocs\backend\system\View\View.php(236): include('C:\\xampp\\htdocs...')
#2 C:\xampp\htdocs\backend\system\Common.php(1071): CodeIgniter\View\View->render('movie/vdoadslis...', Array, true)
#3 C:\xampp\htdocs\backend\app\Controllers\Movie\VdoAds.php(52): view('movie/vdoadslis...', Array)
#4 C:\xampp\htdocs\backend\system\CodeIgniter.php(910): App\Controllers\Movie\VdoAds->index('1')
#5 C:\xampp\htdocs\backend\system\CodeIgniter.php(398): CodeIgniter\CodeIgniter->runController(Object(App\Controllers\Movie\VdoAds))
#6 C:\xampp\htdocs\backend\system\CodeIgniter.php(306): CodeIgniter\CodeIgniter->handleRequest(NULL, Object(Config\Cache), false)
#7 C:\xampp\htdocs\backend\public\index.php(45): CodeIgniter\CodeIgniter->run()
#8 {main}
CRITICAL - 2020-04-24 04:50:35 --> Undefined variable: id
#0 C:\xampp\htdocs\backend\app\Views\movie\vdoadslist.php(13): CodeIgniter\Debug\Exceptions->errorHandler(8, 'Undefined varia...', 'C:\\xampp\\htdocs...', 13, Array)
#1 C:\xampp\htdocs\backend\system\View\View.php(236): include('C:\\xampp\\htdocs...')
#2 C:\xampp\htdocs\backend\system\Common.php(1071): CodeIgniter\View\View->render('movie/vdoadslis...', Array, true)
#3 C:\xampp\htdocs\backend\app\Controllers\Movie\VdoAds.php(52): view('movie/vdoadslis...', Array)
#4 C:\xampp\htdocs\backend\system\CodeIgniter.php(910): App\Controllers\Movie\VdoAds->index('1')
#5 C:\xampp\htdocs\backend\system\CodeIgniter.php(398): CodeIgniter\CodeIgniter->runController(Object(App\Controllers\Movie\VdoAds))
#6 C:\xampp\htdocs\backend\system\CodeIgniter.php(306): CodeIgniter\CodeIgniter->handleRequest(NULL, Object(Config\Cache), false)
#7 C:\xampp\htdocs\backend\public\index.php(45): CodeIgniter\CodeIgniter->run()
#8 {main}
CRITICAL - 2020-04-24 04:50:36 --> Undefined variable: id
#0 C:\xampp\htdocs\backend\app\Views\movie\vdoadslist.php(13): CodeIgniter\Debug\Exceptions->errorHandler(8, 'Undefined varia...', 'C:\\xampp\\htdocs...', 13, Array)
#1 C:\xampp\htdocs\backend\system\View\View.php(236): include('C:\\xampp\\htdocs...')
#2 C:\xampp\htdocs\backend\system\Common.php(1071): CodeIgniter\View\View->render('movie/vdoadslis...', Array, true)
#3 C:\xampp\htdocs\backend\app\Controllers\Movie\VdoAds.php(52): view('movie/vdoadslis...', Array)
#4 C:\xampp\htdocs\backend\system\CodeIgniter.php(910): App\Controllers\Movie\VdoAds->index('1')
#5 C:\xampp\htdocs\backend\system\CodeIgniter.php(398): CodeIgniter\CodeIgniter->runController(Object(App\Controllers\Movie\VdoAds))
#6 C:\xampp\htdocs\backend\system\CodeIgniter.php(306): CodeIgniter\CodeIgniter->handleRequest(NULL, Object(Config\Cache), false)
#7 C:\xampp\htdocs\backend\public\index.php(45): CodeIgniter\CodeIgniter->run()
#8 {main}
CRITICAL - 2020-04-24 04:50:57 --> Undefined variable: id
#0 C:\xampp\htdocs\backend\app\Views\movie\vdoadslist.php(13): CodeIgniter\Debug\Exceptions->errorHandler(8, 'Undefined varia...', 'C:\\xampp\\htdocs...', 13, Array)
#1 C:\xampp\htdocs\backend\system\View\View.php(236): include('C:\\xampp\\htdocs...')
#2 C:\xampp\htdocs\backend\system\Common.php(1071): CodeIgniter\View\View->render('movie/vdoadslis...', Array, true)
#3 C:\xampp\htdocs\backend\app\Controllers\Movie\VdoAds.php(52): view('movie/vdoadslis...', Array)
#4 C:\xampp\htdocs\backend\system\CodeIgniter.php(910): App\Controllers\Movie\VdoAds->index('1')
#5 C:\xampp\htdocs\backend\system\CodeIgniter.php(398): CodeIgniter\CodeIgniter->runController(Object(App\Controllers\Movie\VdoAds))
#6 C:\xampp\htdocs\backend\system\CodeIgniter.php(306): CodeIgniter\CodeIgniter->handleRequest(NULL, Object(Config\Cache), false)
#7 C:\xampp\htdocs\backend\public\index.php(45): CodeIgniter\CodeIgniter->run()
#8 {main}
CRITICAL - 2020-04-24 04:50:57 --> Undefined variable: id
#0 C:\xampp\htdocs\backend\app\Views\movie\vdoadslist.php(13): CodeIgniter\Debug\Exceptions->errorHandler(8, 'Undefined varia...', 'C:\\xampp\\htdocs...', 13, Array)
#1 C:\xampp\htdocs\backend\system\View\View.php(236): include('C:\\xampp\\htdocs...')
#2 C:\xampp\htdocs\backend\system\Common.php(1071): CodeIgniter\View\View->render('movie/vdoadslis...', Array, true)
#3 C:\xampp\htdocs\backend\app\Controllers\Movie\VdoAds.php(52): view('movie/vdoadslis...', Array)
#4 C:\xampp\htdocs\backend\system\CodeIgniter.php(910): App\Controllers\Movie\VdoAds->index('1')
#5 C:\xampp\htdocs\backend\system\CodeIgniter.php(398): CodeIgniter\CodeIgniter->runController(Object(App\Controllers\Movie\VdoAds))
#6 C:\xampp\htdocs\backend\system\CodeIgniter.php(306): CodeIgniter\CodeIgniter->handleRequest(NULL, Object(Config\Cache), false)
#7 C:\xampp\htdocs\backend\public\index.php(45): CodeIgniter\CodeIgniter->run()
#8 {main}
CRITICAL - 2020-04-24 04:53:28 --> Undefined index: adsvideo_id
#0 C:\xampp\htdocs\backend\app\Views\movie\vdoadslist.php(13): CodeIgniter\Debug\Exceptions->errorHandler(8, 'Undefined index...', 'C:\\xampp\\htdocs...', 13, Array)
#1 C:\xampp\htdocs\backend\system\View\View.php(236): include('C:\\xampp\\htdocs...')
#2 C:\xampp\htdocs\backend\system\Common.php(1071): CodeIgniter\View\View->render('movie/vdoadslis...', Array, true)
#3 C:\xampp\htdocs\backend\app\Controllers\Movie\VdoAds.php(52): view('movie/vdoadslis...', Array)
#4 C:\xampp\htdocs\backend\system\CodeIgniter.php(910): App\Controllers\Movie\VdoAds->index('1')
#5 C:\xampp\htdocs\backend\system\CodeIgniter.php(398): CodeIgniter\CodeIgniter->runController(Object(App\Controllers\Movie\VdoAds))
#6 C:\xampp\htdocs\backend\system\CodeIgniter.php(306): CodeIgniter\CodeIgniter->handleRequest(NULL, Object(Config\Cache), false)
#7 C:\xampp\htdocs\backend\public\index.php(45): CodeIgniter\CodeIgniter->run()
#8 {main}
CRITICAL - 2020-04-24 04:53:29 --> Undefined index: adsvideo_id
#0 C:\xampp\htdocs\backend\app\Views\movie\vdoadslist.php(13): CodeIgniter\Debug\Exceptions->errorHandler(8, 'Undefined index...', 'C:\\xampp\\htdocs...', 13, Array)
#1 C:\xampp\htdocs\backend\system\View\View.php(236): include('C:\\xampp\\htdocs...')
#2 C:\xampp\htdocs\backend\system\Common.php(1071): CodeIgniter\View\View->render('movie/vdoadslis...', Array, true)
#3 C:\xampp\htdocs\backend\app\Controllers\Movie\VdoAds.php(52): view('movie/vdoadslis...', Array)
#4 C:\xampp\htdocs\backend\system\CodeIgniter.php(910): App\Controllers\Movie\VdoAds->index('1')
#5 C:\xampp\htdocs\backend\system\CodeIgniter.php(398): CodeIgniter\CodeIgniter->runController(Object(App\Controllers\Movie\VdoAds))
#6 C:\xampp\htdocs\backend\system\CodeIgniter.php(306): CodeIgniter\CodeIgniter->handleRequest(NULL, Object(Config\Cache), false)
#7 C:\xampp\htdocs\backend\public\index.php(45): CodeIgniter\CodeIgniter->run()
#8 {main}
CRITICAL - 2020-04-24 04:53:29 --> Undefined index: adsvideo_id
#0 C:\xampp\htdocs\backend\app\Views\movie\vdoadslist.php(13): CodeIgniter\Debug\Exceptions->errorHandler(8, 'Undefined index...', 'C:\\xampp\\htdocs...', 13, Array)
#1 C:\xampp\htdocs\backend\system\View\View.php(236): include('C:\\xampp\\htdocs...')
#2 C:\xampp\htdocs\backend\system\Common.php(1071): CodeIgniter\View\View->render('movie/vdoadslis...', Array, true)
#3 C:\xampp\htdocs\backend\app\Controllers\Movie\VdoAds.php(52): view('movie/vdoadslis...', Array)
#4 C:\xampp\htdocs\backend\system\CodeIgniter.php(910): App\Controllers\Movie\VdoAds->index('1')
#5 C:\xampp\htdocs\backend\system\CodeIgniter.php(398): CodeIgniter\CodeIgniter->runController(Object(App\Controllers\Movie\VdoAds))
#6 C:\xampp\htdocs\backend\system\CodeIgniter.php(306): CodeIgniter\CodeIgniter->handleRequest(NULL, Object(Config\Cache), false)
#7 C:\xampp\htdocs\backend\public\index.php(45): CodeIgniter\CodeIgniter->run()
#8 {main}
CRITICAL - 2020-04-24 04:54:18 --> Undefined index: adsvideo_id
#0 C:\xampp\htdocs\backend\app\Controllers\Movie\VdoAds.php(51): CodeIgniter\Debug\Exceptions->errorHandler(8, 'Undefined index...', 'C:\\xampp\\htdocs...', 51, Array)
#1 C:\xampp\htdocs\backend\system\CodeIgniter.php(910): App\Controllers\Movie\VdoAds->index('1')
#2 C:\xampp\htdocs\backend\system\CodeIgniter.php(398): CodeIgniter\CodeIgniter->runController(Object(App\Controllers\Movie\VdoAds))
#3 C:\xampp\htdocs\backend\system\CodeIgniter.php(306): CodeIgniter\CodeIgniter->handleRequest(NULL, Object(Config\Cache), false)
#4 C:\xampp\htdocs\backend\public\index.php(45): CodeIgniter\CodeIgniter->run()
#5 {main}
CRITICAL - 2020-04-24 04:54:18 --> Undefined index: adsvideo_id
#0 C:\xampp\htdocs\backend\app\Controllers\Movie\VdoAds.php(51): CodeIgniter\Debug\Exceptions->errorHandler(8, 'Undefined index...', 'C:\\xampp\\htdocs...', 51, Array)
#1 C:\xampp\htdocs\backend\system\CodeIgniter.php(910): App\Controllers\Movie\VdoAds->index('1')
#2 C:\xampp\htdocs\backend\system\CodeIgniter.php(398): CodeIgniter\CodeIgniter->runController(Object(App\Controllers\Movie\VdoAds))
#3 C:\xampp\htdocs\backend\system\CodeIgniter.php(306): CodeIgniter\CodeIgniter->handleRequest(NULL, Object(Config\Cache), false)
#4 C:\xampp\htdocs\backend\public\index.php(45): CodeIgniter\CodeIgniter->run()
#5 {main}
CRITICAL - 2020-04-24 04:54:19 --> Undefined index: adsvideo_id
#0 C:\xampp\htdocs\backend\app\Controllers\Movie\VdoAds.php(51): CodeIgniter\Debug\Exceptions->errorHandler(8, 'Undefined index...', 'C:\\xampp\\htdocs...', 51, Array)
#1 C:\xampp\htdocs\backend\system\CodeIgniter.php(910): App\Controllers\Movie\VdoAds->index('1')
#2 C:\xampp\htdocs\backend\system\CodeIgniter.php(398): CodeIgniter\CodeIgniter->runController(Object(App\Controllers\Movie\VdoAds))
#3 C:\xampp\htdocs\backend\system\CodeIgniter.php(306): CodeIgniter\CodeIgniter->handleRequest(NULL, Object(Config\Cache), false)
#4 C:\xampp\htdocs\backend\public\index.php(45): CodeIgniter\CodeIgniter->run()
#5 {main}
CRITICAL - 2020-04-24 04:54:20 --> Undefined index: adsvideo_id
#0 C:\xampp\htdocs\backend\app\Controllers\Movie\VdoAds.php(51): CodeIgniter\Debug\Exceptions->errorHandler(8, 'Undefined index...', 'C:\\xampp\\htdocs...', 51, Array)
#1 C:\xampp\htdocs\backend\system\CodeIgniter.php(910): App\Controllers\Movie\VdoAds->index('1')
#2 C:\xampp\htdocs\backend\system\CodeIgniter.php(398): CodeIgniter\CodeIgniter->runController(Object(App\Controllers\Movie\VdoAds))
#3 C:\xampp\htdocs\backend\system\CodeIgniter.php(306): CodeIgniter\CodeIgniter->handleRequest(NULL, Object(Config\Cache), false)
#4 C:\xampp\htdocs\backend\public\index.php(45): CodeIgniter\CodeIgniter->run()
#5 {main}
CRITICAL - 2020-04-24 05:12:44 --> Too few arguments to function App\Models\Adsdata_Model::get_ads(), 1 passed in C:\xampp\htdocs\backend\app\Controllers\Manga\Ads.php on line 40 and at least 2 expected
#0 C:\xampp\htdocs\backend\app\Controllers\Manga\Ads.php(40): App\Models\Adsdata_Model->get_ads('1')
#1 C:\xampp\htdocs\backend\system\CodeIgniter.php(910): App\Controllers\Manga\Ads->index('1')
#2 C:\xampp\htdocs\backend\system\CodeIgniter.php(398): CodeIgniter\CodeIgniter->runController(Object(App\Controllers\Manga\Ads))
#3 C:\xampp\htdocs\backend\system\CodeIgniter.php(306): CodeIgniter\CodeIgniter->handleRequest(NULL, Object(Config\Cache), false)
#4 C:\xampp\htdocs\backend\public\index.php(45): CodeIgniter\CodeIgniter->run()
#5 {main}
CRITICAL - 2020-04-24 05:12:48 --> Too few arguments to function App\Models\Adsdata_Model::get_ads(), 1 passed in C:\xampp\htdocs\backend\app\Controllers\Manga\Ads.php on line 40 and at least 2 expected
#0 C:\xampp\htdocs\backend\app\Controllers\Manga\Ads.php(40): App\Models\Adsdata_Model->get_ads('1')
#1 C:\xampp\htdocs\backend\system\CodeIgniter.php(910): App\Controllers\Manga\Ads->index('1')
#2 C:\xampp\htdocs\backend\system\CodeIgniter.php(398): CodeIgniter\CodeIgniter->runController(Object(App\Controllers\Manga\Ads))
#3 C:\xampp\htdocs\backend\system\CodeIgniter.php(306): CodeIgniter\CodeIgniter->handleRequest(NULL, Object(Config\Cache), false)
#4 C:\xampp\htdocs\backend\public\index.php(45): CodeIgniter\CodeIgniter->run()
#5 {main}
CRITICAL - 2020-04-24 05:13:28 --> Too few arguments to function App\Models\Adsdata_Model::get_ads(), 1 passed in C:\xampp\htdocs\backend\app\Controllers\Manga\Ads.php on line 40 and at least 2 expected
#0 C:\xampp\htdocs\backend\app\Controllers\Manga\Ads.php(40): App\Models\Adsdata_Model->get_ads('1')
#1 C:\xampp\htdocs\backend\system\CodeIgniter.php(910): App\Controllers\Manga\Ads->index('1')
#2 C:\xampp\htdocs\backend\system\CodeIgniter.php(398): CodeIgniter\CodeIgniter->runController(Object(App\Controllers\Manga\Ads))
#3 C:\xampp\htdocs\backend\system\CodeIgniter.php(306): CodeIgniter\CodeIgniter->handleRequest(NULL, Object(Config\Cache), false)
#4 C:\xampp\htdocs\backend\public\index.php(45): CodeIgniter\CodeIgniter->run()
#5 {main}
