CRITICAL - 2020-04-08 00:03:38 --> Too few arguments to function App\Models\MenuModel::save_menu(), 0 passed in C:\xampp\htdocs\168ambbar\app\Controllers\admin\Menu.php on line 32 and exactly 1 expected
#0 C:\xampp\htdocs\168ambbar\app\Controllers\admin\Menu.php(32): App\Models\MenuModel->save_menu()
#1 C:\xampp\htdocs\168ambbar\system\CodeIgniter.php(910): App\Controllers\admin\Menu->menu_submit()
#2 C:\xampp\htdocs\168ambbar\system\CodeIgniter.php(398): CodeIgniter\CodeIgniter->runController(Object(App\Controllers\admin\Menu))
#3 C:\xampp\htdocs\168ambbar\system\CodeIgniter.php(306): CodeIgniter\CodeIgniter->handleRequest(NULL, Object(Config\Cache), false)
#4 C:\xampp\htdocs\168ambbar\public\index.php(45): CodeIgniter\CodeIgniter->run()
#5 {main}
CRITICAL - 2020-04-08 00:18:12 --> Cannot use isset() on the result of an expression (you can use "null !== expression" instead)
#0 [internal function]: CodeIgniter\Debug\Exceptions->shutdownHandler()
#1 {main}
CRITICAL - 2020-04-08 00:18:54 --> syntax error, unexpected 'return' (T_RETURN), expecting ';' or ','
#0 C:\xampp\htdocs\168ambbar\system\Autoloader\Autoloader.php(296): CodeIgniter\Autoloader\Autoloader->requireFile('C:\\xampp\\htdocs...')
#1 C:\xampp\htdocs\168ambbar\system\Autoloader\Autoloader.php(258): CodeIgniter\Autoloader\Autoloader->loadInNamespace('App\\Models\\Menu...')
#2 [internal function]: CodeIgniter\Autoloader\Autoloader->loadClass('App\\Models\\Menu...')
#3 C:\xampp\htdocs\168ambbar\app\Controllers\admin\Menu.php(37): spl_autoload_call('App\\Models\\Menu...')
#4 C:\xampp\htdocs\168ambbar\system\CodeIgniter.php(910): App\Controllers\admin\Menu->menu_submit()
#5 C:\xampp\htdocs\168ambbar\system\CodeIgniter.php(398): CodeIgniter\CodeIgniter->runController(Object(App\Controllers\admin\Menu))
#6 C:\xampp\htdocs\168ambbar\system\CodeIgniter.php(306): CodeIgniter\CodeIgniter->handleRequest(NULL, Object(Config\Cache), false)
#7 C:\xampp\htdocs\168ambbar\public\index.php(45): CodeIgniter\CodeIgniter->run()
#8 {main}
CRITICAL - 2020-04-08 00:55:23 --> syntax error, unexpected end of file
#0 C:\xampp\htdocs\168ambbar\system\Common.php(1071): CodeIgniter\View\View->render('backend/menu_li...', Array, true)
#1 C:\xampp\htdocs\168ambbar\app\Controllers\admin\Menu.php(26): view('backend/menu_li...', Array)
#2 C:\xampp\htdocs\168ambbar\system\CodeIgniter.php(910): App\Controllers\admin\Menu->list()
#3 C:\xampp\htdocs\168ambbar\system\CodeIgniter.php(398): CodeIgniter\CodeIgniter->runController(Object(App\Controllers\admin\Menu))
#4 C:\xampp\htdocs\168ambbar\system\CodeIgniter.php(306): CodeIgniter\CodeIgniter->handleRequest(NULL, Object(Config\Cache), false)
#5 C:\xampp\htdocs\168ambbar\public\index.php(45): CodeIgniter\CodeIgniter->run()
#6 {main}
CRITICAL - 2020-04-08 00:55:24 --> syntax error, unexpected end of file
#0 C:\xampp\htdocs\168ambbar\system\Common.php(1071): CodeIgniter\View\View->render('backend/menu_li...', Array, true)
#1 C:\xampp\htdocs\168ambbar\app\Controllers\admin\Menu.php(26): view('backend/menu_li...', Array)
#2 C:\xampp\htdocs\168ambbar\system\CodeIgniter.php(910): App\Controllers\admin\Menu->list()
#3 C:\xampp\htdocs\168ambbar\system\CodeIgniter.php(398): CodeIgniter\CodeIgniter->runController(Object(App\Controllers\admin\Menu))
#4 C:\xampp\htdocs\168ambbar\system\CodeIgniter.php(306): CodeIgniter\CodeIgniter->handleRequest(NULL, Object(Config\Cache), false)
#5 C:\xampp\htdocs\168ambbar\public\index.php(45): CodeIgniter\CodeIgniter->run()
#6 {main}
CRITICAL - 2020-04-08 00:55:24 --> syntax error, unexpected end of file
#0 C:\xampp\htdocs\168ambbar\system\Common.php(1071): CodeIgniter\View\View->render('backend/menu_li...', Array, true)
#1 C:\xampp\htdocs\168ambbar\app\Controllers\admin\Menu.php(26): view('backend/menu_li...', Array)
#2 C:\xampp\htdocs\168ambbar\system\CodeIgniter.php(910): App\Controllers\admin\Menu->list()
#3 C:\xampp\htdocs\168ambbar\system\CodeIgniter.php(398): CodeIgniter\CodeIgniter->runController(Object(App\Controllers\admin\Menu))
#4 C:\xampp\htdocs\168ambbar\system\CodeIgniter.php(306): CodeIgniter\CodeIgniter->handleRequest(NULL, Object(Config\Cache), false)
#5 C:\xampp\htdocs\168ambbar\public\index.php(45): CodeIgniter\CodeIgniter->run()
#6 {main}
CRITICAL - 2020-04-08 01:10:04 --> Call to a member function get_menulist() on null
#0 C:\xampp\htdocs\168ambbar\system\CodeIgniter.php(910): App\Controllers\admin\Menu->list()
#1 C:\xampp\htdocs\168ambbar\system\CodeIgniter.php(398): CodeIgniter\CodeIgniter->runController(Object(App\Controllers\admin\Menu))
#2 C:\xampp\htdocs\168ambbar\system\CodeIgniter.php(306): CodeIgniter\CodeIgniter->handleRequest(NULL, Object(Config\Cache), false)
#3 C:\xampp\htdocs\168ambbar\public\index.php(45): CodeIgniter\CodeIgniter->run()
#4 {main}
CRITICAL - 2020-04-08 01:10:05 --> Call to a member function get_menulist() on null
#0 C:\xampp\htdocs\168ambbar\system\CodeIgniter.php(910): App\Controllers\admin\Menu->list()
#1 C:\xampp\htdocs\168ambbar\system\CodeIgniter.php(398): CodeIgniter\CodeIgniter->runController(Object(App\Controllers\admin\Menu))
#2 C:\xampp\htdocs\168ambbar\system\CodeIgniter.php(306): CodeIgniter\CodeIgniter->handleRequest(NULL, Object(Config\Cache), false)
#3 C:\xampp\htdocs\168ambbar\public\index.php(45): CodeIgniter\CodeIgniter->run()
#4 {main}
