CRITICAL - 2020-12-02 00:11:30 --> Too few arguments to function App\Models\Video_Model::get_id_video_bygenres(), 1 passed in C:\xampp\htdocs\moviefree89\app\Controllers\Home.php on line 45 and at least 2 expected
#0 C:\xampp\htdocs\moviefree89\app\Controllers\Home.php(45): App\Models\Video_Model->get_id_video_bygenres(1)
#1 C:\xampp\htdocs\moviefree89\system\CodeIgniter.php(910): App\Controllers\Home->index()
#2 C:\xampp\htdocs\moviefree89\system\CodeIgniter.php(398): CodeIgniter\CodeIgniter->runController(Object(App\Controllers\Home))
#3 C:\xampp\htdocs\moviefree89\system\CodeIgniter.php(306): CodeIgniter\CodeIgniter->handleRequest(NULL, Object(Config\Cache), false)
#4 C:\xampp\htdocs\moviefree89\index.php(45): CodeIgniter\CodeIgniter->run()
#5 {main}
CRITICAL - 2020-12-02 00:14:30 --> Too few arguments to function App\Models\Video_Model::get_id_video_bygenres(), 1 passed in C:\xampp\htdocs\moviefree89\app\Controllers\Home.php on line 45 and at least 2 expected
#0 C:\xampp\htdocs\moviefree89\app\Controllers\Home.php(45): App\Models\Video_Model->get_id_video_bygenres(1)
#1 C:\xampp\htdocs\moviefree89\system\CodeIgniter.php(910): App\Controllers\Home->index()
#2 C:\xampp\htdocs\moviefree89\system\CodeIgniter.php(398): CodeIgniter\CodeIgniter->runController(Object(App\Controllers\Home))
#3 C:\xampp\htdocs\moviefree89\system\CodeIgniter.php(306): CodeIgniter\CodeIgniter->handleRequest(NULL, Object(Config\Cache), false)
#4 C:\xampp\htdocs\moviefree89\index.php(45): CodeIgniter\CodeIgniter->run()
#5 {main}
CRITICAL - 2020-12-02 00:14:47 --> You must set the database table to be used with your query.
#0 C:\xampp\htdocs\moviefree89\system\Model.php(1190): CodeIgniter\Database\BaseConnection->table(NULL)
#1 C:\xampp\htdocs\moviefree89\system\Model.php(1700): CodeIgniter\Model->builder()
#2 C:\xampp\htdocs\moviefree89\app\Controllers\Home.php(45): CodeIgniter\Model->__call('get_id_video_by...', Array)
#3 C:\xampp\htdocs\moviefree89\system\CodeIgniter.php(910): App\Controllers\Home->index()
#4 C:\xampp\htdocs\moviefree89\system\CodeIgniter.php(398): CodeIgniter\CodeIgniter->runController(Object(App\Controllers\Home))
#5 C:\xampp\htdocs\moviefree89\system\CodeIgniter.php(306): CodeIgniter\CodeIgniter->handleRequest(NULL, Object(Config\Cache), false)
#6 C:\xampp\htdocs\moviefree89\index.php(45): CodeIgniter\CodeIgniter->run()
#7 {main}
CRITICAL - 2020-12-02 00:15:10 --> Undefined variable: list_genres
#0 C:\xampp\htdocs\moviefree89\app\Controllers\Home.php(84): CodeIgniter\Debug\Exceptions->errorHandler(8, 'Undefined varia...', 'C:\\xampp\\htdocs...', 84, Array)
#1 C:\xampp\htdocs\moviefree89\system\CodeIgniter.php(910): App\Controllers\Home->index()
#2 C:\xampp\htdocs\moviefree89\system\CodeIgniter.php(398): CodeIgniter\CodeIgniter->runController(Object(App\Controllers\Home))
#3 C:\xampp\htdocs\moviefree89\system\CodeIgniter.php(306): CodeIgniter\CodeIgniter->handleRequest(NULL, Object(Config\Cache), false)
#4 C:\xampp\htdocs\moviefree89\index.php(45): CodeIgniter\CodeIgniter->run()
#5 {main}
CRITICAL - 2020-12-02 02:50:01 --> Undefined variable: paginate
#0 C:\xampp\htdocs\moviefree89\app\Views\index.php(157): CodeIgniter\Debug\Exceptions->errorHandler(8, 'Undefined varia...', 'C:\\xampp\\htdocs...', 157, Array)
#1 C:\xampp\htdocs\moviefree89\system\View\View.php(236): include('C:\\xampp\\htdocs...')
#2 C:\xampp\htdocs\moviefree89\system\Common.php(1071): CodeIgniter\View\View->render('34', Array, true)
#3 C:\xampp\htdocs\moviefree89\app\Controllers\Home.php(92): view('index.php', Array)
#4 C:\xampp\htdocs\moviefree89\system\CodeIgniter.php(910): App\Controllers\Home->index()
#5 C:\xampp\htdocs\moviefree89\system\CodeIgniter.php(398): CodeIgniter\CodeIgniter->runController(Object(App\Controllers\Home))
#6 C:\xampp\htdocs\moviefree89\system\CodeIgniter.php(306): CodeIgniter\CodeIgniter->handleRequest(NULL, Object(Config\Cache), false)
#7 C:\xampp\htdocs\moviefree89\index.php(45): CodeIgniter\CodeIgniter->run()
#8 {main}
CRITICAL - 2020-12-02 03:21:18 --> Undefined variable: page
#0 C:\xampp\htdocs\moviefree89\app\Controllers\Home.php(65): CodeIgniter\Debug\Exceptions->errorHandler(8, 'Undefined varia...', 'C:\\xampp\\htdocs...', 65, Array)
#1 C:\xampp\htdocs\moviefree89\system\CodeIgniter.php(910): App\Controllers\Home->index()
#2 C:\xampp\htdocs\moviefree89\system\CodeIgniter.php(398): CodeIgniter\CodeIgniter->runController(Object(App\Controllers\Home))
#3 C:\xampp\htdocs\moviefree89\system\CodeIgniter.php(306): CodeIgniter\CodeIgniter->handleRequest(NULL, Object(Config\Cache), false)
#4 C:\xampp\htdocs\moviefree89\index.php(45): CodeIgniter\CodeIgniter->run()
#5 {main}
