CRITICAL - 2020-11-30 00:06:09 --> unlink(C:\xampp\htdocs\dunung4u\writable\debugbar/debugbar_1606715168.json): No such file or directory
#0 [internal function]: CodeIgniter\Debug\Exceptions->errorHandler(2, 'unlink(C:\\xampp...', 'C:\\xampp\\htdocs...', 106, Array)
#1 C:\xampp\htdocs\dunung4u\system\Debug\Toolbar\Collectors\History.php(106): unlink('C:\\xampp\\htdocs...')
#2 C:\xampp\htdocs\dunung4u\system\Debug\Toolbar.php(481): CodeIgniter\Debug\Toolbar\Collectors\History->setFiles(1606716368, 20)
#3 C:\xampp\htdocs\dunung4u\system\Debug\Toolbar.php(454): CodeIgniter\Debug\Toolbar->format(Array, 'html')
#4 C:\xampp\htdocs\dunung4u\app\Config\Events.php(87): CodeIgniter\Debug\Toolbar->respond()
#5 [internal function]: CodeIgniter\Events\Events::Config\{closure}()
#6 C:\xampp\htdocs\dunung4u\system\Events\Events.php(188): call_user_func(Object(Closure))
#7 C:\xampp\htdocs\dunung4u\system\CodeIgniter.php(287): CodeIgniter\Events\Events::trigger('pre_system')
#8 C:\xampp\htdocs\dunung4u\index.php(45): CodeIgniter\CodeIgniter->run()
#9 {main}
CRITICAL - 2020-11-30 00:06:44 --> unlink(C:\xampp\htdocs\dunung4u\writable\debugbar/debugbar_1606715482.json): No such file or directory
#0 [internal function]: CodeIgniter\Debug\Exceptions->errorHandler(2, 'unlink(C:\\xampp...', 'C:\\xampp\\htdocs...', 106, Array)
#1 C:\xampp\htdocs\dunung4u\system\Debug\Toolbar\Collectors\History.php(106): unlink('C:\\xampp\\htdocs...')
#2 C:\xampp\htdocs\dunung4u\system\Debug\Toolbar.php(481): CodeIgniter\Debug\Toolbar\Collectors\History->setFiles(1606716404, 20)
#3 C:\xampp\htdocs\dunung4u\system\Debug\Toolbar.php(454): CodeIgniter\Debug\Toolbar->format(Array, 'html')
#4 C:\xampp\htdocs\dunung4u\app\Config\Events.php(87): CodeIgniter\Debug\Toolbar->respond()
#5 [internal function]: CodeIgniter\Events\Events::Config\{closure}()
#6 C:\xampp\htdocs\dunung4u\system\Events\Events.php(188): call_user_func(Object(Closure))
#7 C:\xampp\htdocs\dunung4u\system\CodeIgniter.php(287): CodeIgniter\Events\Events::trigger('pre_system')
#8 C:\xampp\htdocs\dunung4u\index.php(45): CodeIgniter\CodeIgniter->run()
#9 {main}
CRITICAL - 2020-11-30 03:26:18 --> Undefined variable: list
#0 C:\xampp\htdocs\dunung4u\app\Views\category.php(12): CodeIgniter\Debug\Exceptions->errorHandler(8, 'Undefined varia...', 'C:\\xampp\\htdocs...', 12, Array)
#1 C:\xampp\htdocs\dunung4u\system\View\View.php(236): include('C:\\xampp\\htdocs...')
#2 C:\xampp\htdocs\dunung4u\system\Common.php(1071): CodeIgniter\View\View->render('category.php', Array, true)
#3 C:\xampp\htdocs\dunung4u\app\Controllers\Home.php(299): view('category.php', Array)
#4 C:\xampp\htdocs\dunung4u\system\CodeIgniter.php(910): App\Controllers\Home->categorylist()
#5 C:\xampp\htdocs\dunung4u\system\CodeIgniter.php(398): CodeIgniter\CodeIgniter->runController(Object(App\Controllers\Home))
#6 C:\xampp\htdocs\dunung4u\system\CodeIgniter.php(306): CodeIgniter\CodeIgniter->handleRequest(NULL, Object(Config\Cache), false)
#7 C:\xampp\htdocs\dunung4u\index.php(45): CodeIgniter\CodeIgniter->run()
#8 {main}
CRITICAL - 2020-11-30 04:35:13 --> Undefined variable: path_slide
#0 C:\xampp\htdocs\dunung4u\app\Views\category.php(48): CodeIgniter\Debug\Exceptions->errorHandler(8, 'Undefined varia...', 'C:\\xampp\\htdocs...', 48, Array)
#1 C:\xampp\htdocs\dunung4u\system\View\View.php(236): include('C:\\xampp\\htdocs...')
#2 C:\xampp\htdocs\dunung4u\system\Common.php(1071): CodeIgniter\View\View->render('category.php', Array, true)
#3 C:\xampp\htdocs\dunung4u\app\Controllers\Home.php(299): view('category.php', Array)
#4 C:\xampp\htdocs\dunung4u\system\CodeIgniter.php(910): App\Controllers\Home->categorylist()
#5 C:\xampp\htdocs\dunung4u\system\CodeIgniter.php(398): CodeIgniter\CodeIgniter->runController(Object(App\Controllers\Home))
#6 C:\xampp\htdocs\dunung4u\system\CodeIgniter.php(306): CodeIgniter\CodeIgniter->handleRequest(NULL, Object(Config\Cache), false)
#7 C:\xampp\htdocs\dunung4u\index.php(45): CodeIgniter\CodeIgniter->run()
#8 {main}
