CRITICAL - 2020-12-07 00:00:19 --> Undefined variable: urlsearch
#0 C:\xampp\htdocs\moviefree89\app\Views\templates\header.php(201): CodeIgniter\Debug\Exceptions->errorHandler(8, 'Undefined varia...', 'C:\\xampp\\htdocs...', 201, Array)
#1 C:\xampp\htdocs\moviefree89\system\View\View.php(236): include('C:\\xampp\\htdocs...')
#2 C:\xampp\htdocs\moviefree89\system\Common.php(1071): CodeIgniter\View\View->render('templates/heade...', Array, true)
#3 C:\xampp\htdocs\moviefree89\app\Controllers\Home.php(170): view('templates/heade...', Array)
#4 C:\xampp\htdocs\moviefree89\system\CodeIgniter.php(910): App\Controllers\Home->video('9830', 'The-Players-%28...')
#5 C:\xampp\htdocs\moviefree89\system\CodeIgniter.php(398): CodeIgniter\CodeIgniter->runController(Object(App\Controllers\Home))
#6 C:\xampp\htdocs\moviefree89\system\CodeIgniter.php(306): CodeIgniter\CodeIgniter->handleRequest(NULL, Object(Config\Cache), false)
#7 C:\xampp\htdocs\moviefree89\index.php(45): CodeIgniter\CodeIgniter->run()
#8 {main}
CRITICAL - 2020-12-07 00:00:37 --> Undefined variable: urlsearch
#0 C:\xampp\htdocs\moviefree89\app\Views\templates\header.php(201): CodeIgniter\Debug\Exceptions->errorHandler(8, 'Undefined varia...', 'C:\\xampp\\htdocs...', 201, Array)
#1 C:\xampp\htdocs\moviefree89\system\View\View.php(236): include('C:\\xampp\\htdocs...')
#2 C:\xampp\htdocs\moviefree89\system\Common.php(1071): CodeIgniter\View\View->render('templates/heade...', Array, true)
#3 C:\xampp\htdocs\moviefree89\app\Controllers\Av.php(99): view('templates/heade...', Array)
#4 C:\xampp\htdocs\moviefree89\system\CodeIgniter.php(910): App\Controllers\Av->index()
#5 C:\xampp\htdocs\moviefree89\system\CodeIgniter.php(398): CodeIgniter\CodeIgniter->runController(Object(App\Controllers\Av))
#6 C:\xampp\htdocs\moviefree89\system\CodeIgniter.php(306): CodeIgniter\CodeIgniter->handleRequest(NULL, Object(Config\Cache), false)
#7 C:\xampp\htdocs\moviefree89\index.php(45): CodeIgniter\CodeIgniter->run()
#8 {main}
CRITICAL - 2020-12-07 00:07:05 --> Undefined variable: cate_name
#0 C:\xampp\htdocs\moviefree89\app\Views\av\list.php(41): CodeIgniter\Debug\Exceptions->errorHandler(8, 'Undefined varia...', 'C:\\xampp\\htdocs...', 41, Array)
#1 C:\xampp\htdocs\moviefree89\system\View\View.php(236): include('C:\\xampp\\htdocs...')
#2 C:\xampp\htdocs\moviefree89\system\Common.php(1071): CodeIgniter\View\View->render('av/list.php', Array, true)
#3 C:\xampp\htdocs\moviefree89\app\Controllers\Av.php(567): view('av/list.php', Array)
#4 C:\xampp\htdocs\moviefree89\system\CodeIgniter.php(910): App\Controllers\Av->search('ip')
#5 C:\xampp\htdocs\moviefree89\system\CodeIgniter.php(398): CodeIgniter\CodeIgniter->runController(Object(App\Controllers\Av))
#6 C:\xampp\htdocs\moviefree89\system\CodeIgniter.php(306): CodeIgniter\CodeIgniter->handleRequest(NULL, Object(Config\Cache), false)
#7 C:\xampp\htdocs\moviefree89\index.php(45): CodeIgniter\CodeIgniter->run()
#8 {main}
CRITICAL - 2020-12-07 00:13:29 --> Undefined variable: paginate
#0 C:\xampp\htdocs\moviefree89\app\Views\av\list.php(138): CodeIgniter\Debug\Exceptions->errorHandler(8, 'Undefined varia...', 'C:\\xampp\\htdocs...', 138, Array)
#1 C:\xampp\htdocs\moviefree89\system\View\View.php(236): include('C:\\xampp\\htdocs...')
#2 C:\xampp\htdocs\moviefree89\system\Common.php(1071): CodeIgniter\View\View->render('29', Array, true)
#3 C:\xampp\htdocs\moviefree89\app\Controllers\Av.php(569): view('av/list.php', Array)
#4 C:\xampp\htdocs\moviefree89\system\CodeIgniter.php(910): App\Controllers\Av->search('ip')
#5 C:\xampp\htdocs\moviefree89\system\CodeIgniter.php(398): CodeIgniter\CodeIgniter->runController(Object(App\Controllers\Av))
#6 C:\xampp\htdocs\moviefree89\system\CodeIgniter.php(306): CodeIgniter\CodeIgniter->handleRequest(NULL, Object(Config\Cache), false)
#7 C:\xampp\htdocs\moviefree89\index.php(45): CodeIgniter\CodeIgniter->run()
#8 {main}
CRITICAL - 2020-12-07 00:14:00 --> Undefined variable: get_list_video_bycate
#0 C:\xampp\htdocs\moviefree89\app\Views\av\list.php(302): CodeIgniter\Debug\Exceptions->errorHandler(8, 'Undefined varia...', 'C:\\xampp\\htdocs...', 302, Array)
#1 C:\xampp\htdocs\moviefree89\system\View\View.php(236): include('C:\\xampp\\htdocs...')
#2 C:\xampp\htdocs\moviefree89\system\Common.php(1071): CodeIgniter\View\View->render('29', Array, true)
#3 C:\xampp\htdocs\moviefree89\app\Controllers\Av.php(570): view('av/list.php', Array)
#4 C:\xampp\htdocs\moviefree89\system\CodeIgniter.php(910): App\Controllers\Av->search('ip')
#5 C:\xampp\htdocs\moviefree89\system\CodeIgniter.php(398): CodeIgniter\CodeIgniter->runController(Object(App\Controllers\Av))
#6 C:\xampp\htdocs\moviefree89\system\CodeIgniter.php(306): CodeIgniter\CodeIgniter->handleRequest(NULL, Object(Config\Cache), false)
#7 C:\xampp\htdocs\moviefree89\index.php(45): CodeIgniter\CodeIgniter->run()
#8 {main}
CRITICAL - 2020-12-07 00:22:31 --> Undefined variable: keyword
#0 C:\xampp\htdocs\moviefree89\app\Views\av\index.php(28): CodeIgniter\Debug\Exceptions->errorHandler(8, 'Undefined varia...', 'C:\\xampp\\htdocs...', 28, Array)
#1 C:\xampp\htdocs\moviefree89\system\View\View.php(236): include('C:\\xampp\\htdocs...')
#2 C:\xampp\htdocs\moviefree89\system\Common.php(1071): CodeIgniter\View\View->render('av/index.php', Array, true)
#3 C:\xampp\htdocs\moviefree89\app\Controllers\Av.php(101): view('av/index.php', Array)
#4 C:\xampp\htdocs\moviefree89\system\CodeIgniter.php(910): App\Controllers\Av->index()
#5 C:\xampp\htdocs\moviefree89\system\CodeIgniter.php(398): CodeIgniter\CodeIgniter->runController(Object(App\Controllers\Av))
#6 C:\xampp\htdocs\moviefree89\system\CodeIgniter.php(306): CodeIgniter\CodeIgniter->handleRequest(NULL, Object(Config\Cache), false)
#7 C:\xampp\htdocs\moviefree89\index.php(45): CodeIgniter\CodeIgniter->run()
#8 {main}
CRITICAL - 2020-12-07 00:23:05 --> Undefined variable: keyword
#0 C:\xampp\htdocs\moviefree89\app\Views\av\index.php(28): CodeIgniter\Debug\Exceptions->errorHandler(8, 'Undefined varia...', 'C:\\xampp\\htdocs...', 28, Array)
#1 C:\xampp\htdocs\moviefree89\system\View\View.php(236): include('C:\\xampp\\htdocs...')
#2 C:\xampp\htdocs\moviefree89\system\Common.php(1071): CodeIgniter\View\View->render('av/index.php', Array, true)
#3 C:\xampp\htdocs\moviefree89\app\Controllers\Av.php(101): view('av/index.php', Array)
#4 C:\xampp\htdocs\moviefree89\system\CodeIgniter.php(910): App\Controllers\Av->index()
#5 C:\xampp\htdocs\moviefree89\system\CodeIgniter.php(398): CodeIgniter\CodeIgniter->runController(Object(App\Controllers\Av))
#6 C:\xampp\htdocs\moviefree89\system\CodeIgniter.php(306): CodeIgniter\CodeIgniter->handleRequest(NULL, Object(Config\Cache), false)
#7 C:\xampp\htdocs\moviefree89\index.php(45): CodeIgniter\CodeIgniter->run()
#8 {main}
CRITICAL - 2020-12-07 00:23:28 --> Undefined variable: keyword
#0 C:\xampp\htdocs\moviefree89\app\Controllers\Av.php(68): CodeIgniter\Debug\Exceptions->errorHandler(8, 'Undefined varia...', 'C:\\xampp\\htdocs...', 68, Array)
#1 C:\xampp\htdocs\moviefree89\system\CodeIgniter.php(910): App\Controllers\Av->index()
#2 C:\xampp\htdocs\moviefree89\system\CodeIgniter.php(398): CodeIgniter\CodeIgniter->runController(Object(App\Controllers\Av))
#3 C:\xampp\htdocs\moviefree89\system\CodeIgniter.php(306): CodeIgniter\CodeIgniter->handleRequest(NULL, Object(Config\Cache), false)
#4 C:\xampp\htdocs\moviefree89\index.php(45): CodeIgniter\CodeIgniter->run()
#5 {main}
CRITICAL - 2020-12-07 00:24:27 --> Undefined variable: urlsearch
#0 C:\xampp\htdocs\moviefree89\app\Views\templates\header.php(201): CodeIgniter\Debug\Exceptions->errorHandler(8, 'Undefined varia...', 'C:\\xampp\\htdocs...', 201, Array)
#1 C:\xampp\htdocs\moviefree89\system\View\View.php(236): include('C:\\xampp\\htdocs...')
#2 C:\xampp\htdocs\moviefree89\system\Common.php(1071): CodeIgniter\View\View->render('templates/heade...', Array, true)
#3 C:\xampp\htdocs\moviefree89\app\Controllers\Home.php(97): view('templates/heade...', Array)
#4 C:\xampp\htdocs\moviefree89\system\CodeIgniter.php(910): App\Controllers\Home->index()
#5 C:\xampp\htdocs\moviefree89\system\CodeIgniter.php(398): CodeIgniter\CodeIgniter->runController(Object(App\Controllers\Home))
#6 C:\xampp\htdocs\moviefree89\system\CodeIgniter.php(306): CodeIgniter\CodeIgniter->handleRequest(NULL, Object(Config\Cache), false)
#7 C:\xampp\htdocs\moviefree89\index.php(45): CodeIgniter\CodeIgniter->run()
#8 {main}
CRITICAL - 2020-12-07 00:24:59 --> Undefined variable: keyword
#0 C:\xampp\htdocs\moviefree89\app\Views\av\index.php(28): CodeIgniter\Debug\Exceptions->errorHandler(8, 'Undefined varia...', 'C:\\xampp\\htdocs...', 28, Array)
#1 C:\xampp\htdocs\moviefree89\system\View\View.php(236): include('C:\\xampp\\htdocs...')
#2 C:\xampp\htdocs\moviefree89\system\Common.php(1071): CodeIgniter\View\View->render('av/index.php', Array, true)
#3 C:\xampp\htdocs\moviefree89\app\Controllers\Av.php(102): view('av/index.php', Array)
#4 C:\xampp\htdocs\moviefree89\system\CodeIgniter.php(910): App\Controllers\Av->index()
#5 C:\xampp\htdocs\moviefree89\system\CodeIgniter.php(398): CodeIgniter\CodeIgniter->runController(Object(App\Controllers\Av))
#6 C:\xampp\htdocs\moviefree89\system\CodeIgniter.php(306): CodeIgniter\CodeIgniter->handleRequest(NULL, Object(Config\Cache), false)
#7 C:\xampp\htdocs\moviefree89\index.php(45): CodeIgniter\CodeIgniter->run()
#8 {main}
CRITICAL - 2020-12-07 00:25:27 --> Undefined variable: urlsearch
#0 C:\xampp\htdocs\moviefree89\app\Views\templates\header.php(201): CodeIgniter\Debug\Exceptions->errorHandler(8, 'Undefined varia...', 'C:\\xampp\\htdocs...', 201, Array)
#1 C:\xampp\htdocs\moviefree89\system\View\View.php(236): include('C:\\xampp\\htdocs...')
#2 C:\xampp\htdocs\moviefree89\system\Common.php(1071): CodeIgniter\View\View->render('templates/heade...', Array, true)
#3 C:\xampp\htdocs\moviefree89\app\Controllers\Home.php(97): view('templates/heade...', Array)
#4 C:\xampp\htdocs\moviefree89\system\CodeIgniter.php(910): App\Controllers\Home->index()
#5 C:\xampp\htdocs\moviefree89\system\CodeIgniter.php(398): CodeIgniter\CodeIgniter->runController(Object(App\Controllers\Home))
#6 C:\xampp\htdocs\moviefree89\system\CodeIgniter.php(306): CodeIgniter\CodeIgniter->handleRequest(NULL, Object(Config\Cache), false)
#7 C:\xampp\htdocs\moviefree89\index.php(45): CodeIgniter\CodeIgniter->run()
#8 {main}
CRITICAL - 2020-12-07 00:36:40 --> Undefined variable: urlsearch
#0 C:\xampp\htdocs\moviefree89\app\Views\templates\header.php(201): CodeIgniter\Debug\Exceptions->errorHandler(8, 'Undefined varia...', 'C:\\xampp\\htdocs...', 201, Array)
#1 C:\xampp\htdocs\moviefree89\system\View\View.php(236): include('C:\\xampp\\htdocs...')
#2 C:\xampp\htdocs\moviefree89\system\Common.php(1071): CodeIgniter\View\View->render('templates/heade...', Array, true)
#3 C:\xampp\htdocs\moviefree89\app\Controllers\Home.php(170): view('templates/heade...', Array)
#4 C:\xampp\htdocs\moviefree89\system\CodeIgniter.php(910): App\Controllers\Home->video('9830', 'The-Players-%28...')
#5 C:\xampp\htdocs\moviefree89\system\CodeIgniter.php(398): CodeIgniter\CodeIgniter->runController(Object(App\Controllers\Home))
#6 C:\xampp\htdocs\moviefree89\system\CodeIgniter.php(306): CodeIgniter\CodeIgniter->handleRequest(NULL, Object(Config\Cache), false)
#7 C:\xampp\htdocs\moviefree89\index.php(45): CodeIgniter\CodeIgniter->run()
#8 {main}
CRITICAL - 2020-12-07 01:01:50 --> Undefined offset: 0
#0 C:\xampp\htdocs\moviefree89\app\Models\Video_Model.php(902): CodeIgniter\Debug\Exceptions->errorHandler(8, 'Undefined offse...', 'C:\\xampp\\htdocs...', 902, Array)
#1 C:\xampp\htdocs\moviefree89\app\Controllers\Home.php(729): App\Models\Video_Model->countView('1073743250')
#2 C:\xampp\htdocs\moviefree89\system\CodeIgniter.php(910): App\Controllers\Home->countView('1073743250')
#3 C:\xampp\htdocs\moviefree89\system\CodeIgniter.php(398): CodeIgniter\CodeIgniter->runController(Object(App\Controllers\Home))
#4 C:\xampp\htdocs\moviefree89\system\CodeIgniter.php(306): CodeIgniter\CodeIgniter->handleRequest(NULL, Object(Config\Cache), false)
#5 C:\xampp\htdocs\moviefree89\index.php(45): CodeIgniter\CodeIgniter->run()
#6 {main}
CRITICAL - 2020-12-07 01:09:35 --> Undefined offset: 0
#0 C:\xampp\htdocs\moviefree89\app\Models\Video_Model.php(902): CodeIgniter\Debug\Exceptions->errorHandler(8, 'Undefined offse...', 'C:\\xampp\\htdocs...', 902, Array)
#1 C:\xampp\htdocs\moviefree89\app\Controllers\Home.php(729): App\Models\Video_Model->countView('1073743249')
#2 C:\xampp\htdocs\moviefree89\system\CodeIgniter.php(910): App\Controllers\Home->countView('1073743249')
#3 C:\xampp\htdocs\moviefree89\system\CodeIgniter.php(398): CodeIgniter\CodeIgniter->runController(Object(App\Controllers\Home))
#4 C:\xampp\htdocs\moviefree89\system\CodeIgniter.php(306): CodeIgniter\CodeIgniter->handleRequest(NULL, Object(Config\Cache), false)
#5 C:\xampp\htdocs\moviefree89\index.php(45): CodeIgniter\CodeIgniter->run()
#6 {main}
CRITICAL - 2020-12-07 01:15:50 --> Undefined offset: 0
#0 C:\xampp\htdocs\moviefree89\app\Models\Video_Model.php(902): CodeIgniter\Debug\Exceptions->errorHandler(8, 'Undefined offse...', 'C:\\xampp\\htdocs...', 902, Array)
#1 C:\xampp\htdocs\moviefree89\app\Controllers\Home.php(729): App\Models\Video_Model->countView('1073743241')
#2 C:\xampp\htdocs\moviefree89\system\CodeIgniter.php(910): App\Controllers\Home->countView('1073743241')
#3 C:\xampp\htdocs\moviefree89\system\CodeIgniter.php(398): CodeIgniter\CodeIgniter->runController(Object(App\Controllers\Home))
#4 C:\xampp\htdocs\moviefree89\system\CodeIgniter.php(306): CodeIgniter\CodeIgniter->handleRequest(NULL, Object(Config\Cache), false)
#5 C:\xampp\htdocs\moviefree89\index.php(45): CodeIgniter\CodeIgniter->run()
#6 {main}
CRITICAL - 2020-12-07 01:22:35 --> Undefined offset: 0
#0 C:\xampp\htdocs\moviefree89\app\Models\Video_Model.php(902): CodeIgniter\Debug\Exceptions->errorHandler(8, 'Undefined offse...', 'C:\\xampp\\htdocs...', 902, Array)
#1 C:\xampp\htdocs\moviefree89\app\Controllers\Home.php(729): App\Models\Video_Model->countView('1073743250')
#2 C:\xampp\htdocs\moviefree89\system\CodeIgniter.php(910): App\Controllers\Home->countView('1073743250')
#3 C:\xampp\htdocs\moviefree89\system\CodeIgniter.php(398): CodeIgniter\CodeIgniter->runController(Object(App\Controllers\Home))
#4 C:\xampp\htdocs\moviefree89\system\CodeIgniter.php(306): CodeIgniter\CodeIgniter->handleRequest(NULL, Object(Config\Cache), false)
#5 C:\xampp\htdocs\moviefree89\index.php(45): CodeIgniter\CodeIgniter->run()
#6 {main}
CRITICAL - 2020-12-07 01:47:52 --> Invalid file: {0}
#0 C:\xampp\htdocs\moviefree89\system\View\View.php(224): CodeIgniter\Exceptions\FrameworkException::forInvalidFile('clip/index.php')
#1 C:\xampp\htdocs\moviefree89\system\Common.php(1071): CodeIgniter\View\View->render('clip/index.php', Array, true)
#2 C:\xampp\htdocs\moviefree89\app\Controllers\Clip.php(102): view('clip/index.php', Array)
#3 C:\xampp\htdocs\moviefree89\system\CodeIgniter.php(910): App\Controllers\Clip->index()
#4 C:\xampp\htdocs\moviefree89\system\CodeIgniter.php(398): CodeIgniter\CodeIgniter->runController(Object(App\Controllers\Clip))
#5 C:\xampp\htdocs\moviefree89\system\CodeIgniter.php(306): CodeIgniter\CodeIgniter->handleRequest(NULL, Object(Config\Cache), false)
#6 C:\xampp\htdocs\moviefree89\index.php(45): CodeIgniter\CodeIgniter->run()
#7 {main}
CRITICAL - 2020-12-07 01:50:41 --> Undefined offset: 0
#0 C:\xampp\htdocs\moviefree89\app\Models\Video_Model.php(902): CodeIgniter\Debug\Exceptions->errorHandler(8, 'Undefined offse...', 'C:\\xampp\\htdocs...', 902, Array)
#1 C:\xampp\htdocs\moviefree89\app\Controllers\Home.php(729): App\Models\Video_Model->countView('1073743252')
#2 C:\xampp\htdocs\moviefree89\system\CodeIgniter.php(910): App\Controllers\Home->countView('1073743252')
#3 C:\xampp\htdocs\moviefree89\system\CodeIgniter.php(398): CodeIgniter\CodeIgniter->runController(Object(App\Controllers\Home))
#4 C:\xampp\htdocs\moviefree89\system\CodeIgniter.php(306): CodeIgniter\CodeIgniter->handleRequest(NULL, Object(Config\Cache), false)
#5 C:\xampp\htdocs\moviefree89\index.php(45): CodeIgniter\CodeIgniter->run()
#6 {main}
CRITICAL - 2020-12-07 02:01:32 --> Undefined offset: 0
#0 C:\xampp\htdocs\moviefree89\app\Models\Video_Model.php(902): CodeIgniter\Debug\Exceptions->errorHandler(8, 'Undefined offse...', 'C:\\xampp\\htdocs...', 902, Array)
#1 C:\xampp\htdocs\moviefree89\app\Controllers\Home.php(729): App\Models\Video_Model->countView('1073743249')
#2 C:\xampp\htdocs\moviefree89\system\CodeIgniter.php(910): App\Controllers\Home->countView('1073743249')
#3 C:\xampp\htdocs\moviefree89\system\CodeIgniter.php(398): CodeIgniter\CodeIgniter->runController(Object(App\Controllers\Home))
#4 C:\xampp\htdocs\moviefree89\system\CodeIgniter.php(306): CodeIgniter\CodeIgniter->handleRequest(NULL, Object(Config\Cache), false)
#5 C:\xampp\htdocs\moviefree89\index.php(45): CodeIgniter\CodeIgniter->run()
#6 {main}
CRITICAL - 2020-12-07 02:02:55 --> Undefined offset: 0
#0 C:\xampp\htdocs\moviefree89\app\Models\Video_Model.php(902): CodeIgniter\Debug\Exceptions->errorHandler(8, 'Undefined offse...', 'C:\\xampp\\htdocs...', 902, Array)
#1 C:\xampp\htdocs\moviefree89\app\Controllers\Home.php(729): App\Models\Video_Model->countView('1073743250')
#2 C:\xampp\htdocs\moviefree89\system\CodeIgniter.php(910): App\Controllers\Home->countView('1073743250')
#3 C:\xampp\htdocs\moviefree89\system\CodeIgniter.php(398): CodeIgniter\CodeIgniter->runController(Object(App\Controllers\Home))
#4 C:\xampp\htdocs\moviefree89\system\CodeIgniter.php(306): CodeIgniter\CodeIgniter->handleRequest(NULL, Object(Config\Cache), false)
#5 C:\xampp\htdocs\moviefree89\index.php(45): CodeIgniter\CodeIgniter->run()
#6 {main}
CRITICAL - 2020-12-07 02:05:59 --> Undefined offset: 0
#0 C:\xampp\htdocs\moviefree89\app\Models\Video_Model.php(902): CodeIgniter\Debug\Exceptions->errorHandler(8, 'Undefined offse...', 'C:\\xampp\\htdocs...', 902, Array)
#1 C:\xampp\htdocs\moviefree89\app\Controllers\Home.php(729): App\Models\Video_Model->countView('1073743249')
#2 C:\xampp\htdocs\moviefree89\system\CodeIgniter.php(910): App\Controllers\Home->countView('1073743249')
#3 C:\xampp\htdocs\moviefree89\system\CodeIgniter.php(398): CodeIgniter\CodeIgniter->runController(Object(App\Controllers\Home))
#4 C:\xampp\htdocs\moviefree89\system\CodeIgniter.php(306): CodeIgniter\CodeIgniter->handleRequest(NULL, Object(Config\Cache), false)
#5 C:\xampp\htdocs\moviefree89\index.php(45): CodeIgniter\CodeIgniter->run()
#6 {main}
CRITICAL - 2020-12-07 02:06:00 --> unlink(C:\xampp\htdocs\moviefree89\writable\debugbar/debugbar_1607327982.json): No such file or directory
#0 [internal function]: CodeIgniter\Debug\Exceptions->errorHandler(2, 'unlink(C:\\xampp...', 'C:\\xampp\\htdocs...', 106, Array)
#1 C:\xampp\htdocs\moviefree89\system\Debug\Toolbar\Collectors\History.php(106): unlink('C:\\xampp\\htdocs...')
#2 C:\xampp\htdocs\moviefree89\system\Debug\Toolbar.php(481): CodeIgniter\Debug\Toolbar\Collectors\History->setFiles(1607328360, 20)
#3 C:\xampp\htdocs\moviefree89\system\Debug\Toolbar.php(454): CodeIgniter\Debug\Toolbar->format(Array, 'html')
#4 C:\xampp\htdocs\moviefree89\app\Config\Events.php(87): CodeIgniter\Debug\Toolbar->respond()
#5 [internal function]: CodeIgniter\Events\Events::Config\{closure}()
#6 C:\xampp\htdocs\moviefree89\system\Events\Events.php(188): call_user_func(Object(Closure))
#7 C:\xampp\htdocs\moviefree89\system\CodeIgniter.php(287): CodeIgniter\Events\Events::trigger('pre_system')
#8 C:\xampp\htdocs\moviefree89\index.php(45): CodeIgniter\CodeIgniter->run()
#9 {main}
CRITICAL - 2020-12-07 02:07:09 --> Invalid file: {0}
#0 C:\xampp\htdocs\moviefree89\system\View\View.php(224): CodeIgniter\Exceptions\FrameworkException::forInvalidFile('clip/clip.php')
#1 C:\xampp\htdocs\moviefree89\system\Common.php(1071): CodeIgniter\View\View->render('clip/clip.php', Array, true)
#2 C:\xampp\htdocs\moviefree89\app\Controllers\Clip.php(177): view('clip/clip.php', Array)
#3 C:\xampp\htdocs\moviefree89\system\CodeIgniter.php(910): App\Controllers\Clip->video('1073743249', '%E0%B9%81%E0%B8...')
#4 C:\xampp\htdocs\moviefree89\system\CodeIgniter.php(398): CodeIgniter\CodeIgniter->runController(Object(App\Controllers\Clip))
#5 C:\xampp\htdocs\moviefree89\system\CodeIgniter.php(306): CodeIgniter\CodeIgniter->handleRequest(NULL, Object(Config\Cache), false)
#6 C:\xampp\htdocs\moviefree89\index.php(45): CodeIgniter\CodeIgniter->run()
#7 {main}
CRITICAL - 2020-12-07 02:07:23 --> Undefined offset: 0
#0 C:\xampp\htdocs\moviefree89\app\Models\Video_Model.php(351): CodeIgniter\Debug\Exceptions->errorHandler(8, 'Undefined offse...', 'C:\\xampp\\htdocs...', 351, Array)
#1 C:\xampp\htdocs\moviefree89\app\Controllers\Home.php(706): App\Models\Video_Model->get_ep_series('1073743249')
#2 C:\xampp\htdocs\moviefree89\system\CodeIgniter.php(910): App\Controllers\Home->player('1073743249', 'a')
#3 C:\xampp\htdocs\moviefree89\system\CodeIgniter.php(398): CodeIgniter\CodeIgniter->runController(Object(App\Controllers\Home))
#4 C:\xampp\htdocs\moviefree89\system\CodeIgniter.php(306): CodeIgniter\CodeIgniter->handleRequest(NULL, Object(Config\Cache), false)
#5 C:\xampp\htdocs\moviefree89\index.php(45): CodeIgniter\CodeIgniter->run()
#6 {main}
CRITICAL - 2020-12-07 02:12:14 --> Undefined offset: 0
#0 C:\xampp\htdocs\moviefree89\app\Models\Video_Model.php(351): CodeIgniter\Debug\Exceptions->errorHandler(8, 'Undefined offse...', 'C:\\xampp\\htdocs...', 351, Array)
#1 C:\xampp\htdocs\moviefree89\app\Controllers\Home.php(706): App\Models\Video_Model->get_ep_series('1073743249')
#2 C:\xampp\htdocs\moviefree89\system\CodeIgniter.php(910): App\Controllers\Home->player('1073743249', 'a')
#3 C:\xampp\htdocs\moviefree89\system\CodeIgniter.php(398): CodeIgniter\CodeIgniter->runController(Object(App\Controllers\Home))
#4 C:\xampp\htdocs\moviefree89\system\CodeIgniter.php(306): CodeIgniter\CodeIgniter->handleRequest(NULL, Object(Config\Cache), false)
#5 C:\xampp\htdocs\moviefree89\index.php(45): CodeIgniter\CodeIgniter->run()
#6 {main}
CRITICAL - 2020-12-07 02:12:26 --> Undefined offset: 0
#0 C:\xampp\htdocs\moviefree89\app\Models\Video_Model.php(351): CodeIgniter\Debug\Exceptions->errorHandler(8, 'Undefined offse...', 'C:\\xampp\\htdocs...', 351, Array)
#1 C:\xampp\htdocs\moviefree89\app\Controllers\Home.php(706): App\Models\Video_Model->get_ep_series('1073743249')
#2 C:\xampp\htdocs\moviefree89\system\CodeIgniter.php(910): App\Controllers\Home->player('1073743249', 'a')
#3 C:\xampp\htdocs\moviefree89\system\CodeIgniter.php(398): CodeIgniter\CodeIgniter->runController(Object(App\Controllers\Home))
#4 C:\xampp\htdocs\moviefree89\system\CodeIgniter.php(306): CodeIgniter\CodeIgniter->handleRequest(NULL, Object(Config\Cache), false)
#5 C:\xampp\htdocs\moviefree89\index.php(45): CodeIgniter\CodeIgniter->run()
#6 {main}
CRITICAL - 2020-12-07 02:12:34 --> Undefined offset: 0
#0 C:\xampp\htdocs\moviefree89\app\Models\Video_Model.php(351): CodeIgniter\Debug\Exceptions->errorHandler(8, 'Undefined offse...', 'C:\\xampp\\htdocs...', 351, Array)
#1 C:\xampp\htdocs\moviefree89\app\Controllers\Home.php(706): App\Models\Video_Model->get_ep_series('1073743249')
#2 C:\xampp\htdocs\moviefree89\system\CodeIgniter.php(910): App\Controllers\Home->player('1073743249', 'a')
#3 C:\xampp\htdocs\moviefree89\system\CodeIgniter.php(398): CodeIgniter\CodeIgniter->runController(Object(App\Controllers\Home))
#4 C:\xampp\htdocs\moviefree89\system\CodeIgniter.php(306): CodeIgniter\CodeIgniter->handleRequest(NULL, Object(Config\Cache), false)
#5 C:\xampp\htdocs\moviefree89\index.php(45): CodeIgniter\CodeIgniter->run()
#6 {main}
CRITICAL - 2020-12-07 02:15:22 --> Undefined offset: 0
#0 C:\xampp\htdocs\moviefree89\app\Models\Video_Model.php(351): CodeIgniter\Debug\Exceptions->errorHandler(8, 'Undefined offse...', 'C:\\xampp\\htdocs...', 351, Array)
#1 C:\xampp\htdocs\moviefree89\app\Controllers\Home.php(706): App\Models\Video_Model->get_ep_series('1073743249')
#2 C:\xampp\htdocs\moviefree89\system\CodeIgniter.php(910): App\Controllers\Home->player('1073743249', 'a')
#3 C:\xampp\htdocs\moviefree89\system\CodeIgniter.php(398): CodeIgniter\CodeIgniter->runController(Object(App\Controllers\Home))
#4 C:\xampp\htdocs\moviefree89\system\CodeIgniter.php(306): CodeIgniter\CodeIgniter->handleRequest(NULL, Object(Config\Cache), false)
#5 C:\xampp\htdocs\moviefree89\index.php(45): CodeIgniter\CodeIgniter->run()
#6 {main}
CRITICAL - 2020-12-07 02:15:54 --> Undefined offset: 0
#0 C:\xampp\htdocs\moviefree89\app\Models\Video_Model.php(351): CodeIgniter\Debug\Exceptions->errorHandler(8, 'Undefined offse...', 'C:\\xampp\\htdocs...', 351, Array)
#1 C:\xampp\htdocs\moviefree89\app\Controllers\Home.php(706): App\Models\Video_Model->get_ep_series('1073743249')
#2 C:\xampp\htdocs\moviefree89\system\CodeIgniter.php(910): App\Controllers\Home->player('1073743249', 'a')
#3 C:\xampp\htdocs\moviefree89\system\CodeIgniter.php(398): CodeIgniter\CodeIgniter->runController(Object(App\Controllers\Home))
#4 C:\xampp\htdocs\moviefree89\system\CodeIgniter.php(306): CodeIgniter\CodeIgniter->handleRequest(NULL, Object(Config\Cache), false)
#5 C:\xampp\htdocs\moviefree89\index.php(45): CodeIgniter\CodeIgniter->run()
#6 {main}
CRITICAL - 2020-12-07 02:16:11 --> Undefined offset: 0
#0 C:\xampp\htdocs\moviefree89\app\Models\Video_Model.php(351): CodeIgniter\Debug\Exceptions->errorHandler(8, 'Undefined offse...', 'C:\\xampp\\htdocs...', 351, Array)
#1 C:\xampp\htdocs\moviefree89\app\Controllers\Home.php(706): App\Models\Video_Model->get_ep_series('1073743249')
#2 C:\xampp\htdocs\moviefree89\system\CodeIgniter.php(910): App\Controllers\Home->player('1073743249', 'a')
#3 C:\xampp\htdocs\moviefree89\system\CodeIgniter.php(398): CodeIgniter\CodeIgniter->runController(Object(App\Controllers\Home))
#4 C:\xampp\htdocs\moviefree89\system\CodeIgniter.php(306): CodeIgniter\CodeIgniter->handleRequest(NULL, Object(Config\Cache), false)
#5 C:\xampp\htdocs\moviefree89\index.php(45): CodeIgniter\CodeIgniter->run()
#6 {main}
CRITICAL - 2020-12-07 02:23:14 --> Undefined offset: 0
#0 C:\xampp\htdocs\moviefree89\app\Models\Video_Model.php(351): CodeIgniter\Debug\Exceptions->errorHandler(8, 'Undefined offse...', 'C:\\xampp\\htdocs...', 351, Array)
#1 C:\xampp\htdocs\moviefree89\app\Controllers\Home.php(706): App\Models\Video_Model->get_ep_series('1073743249')
#2 C:\xampp\htdocs\moviefree89\system\CodeIgniter.php(910): App\Controllers\Home->player('1073743249', 'a')
#3 C:\xampp\htdocs\moviefree89\system\CodeIgniter.php(398): CodeIgniter\CodeIgniter->runController(Object(App\Controllers\Home))
#4 C:\xampp\htdocs\moviefree89\system\CodeIgniter.php(306): CodeIgniter\CodeIgniter->handleRequest(NULL, Object(Config\Cache), false)
#5 C:\xampp\htdocs\moviefree89\index.php(45): CodeIgniter\CodeIgniter->run()
#6 {main}
CRITICAL - 2020-12-07 02:24:20 --> Undefined offset: 0
#0 C:\xampp\htdocs\moviefree89\app\Models\Video_Model.php(902): CodeIgniter\Debug\Exceptions->errorHandler(8, 'Undefined offse...', 'C:\\xampp\\htdocs...', 902, Array)
#1 C:\xampp\htdocs\moviefree89\app\Controllers\Home.php(729): App\Models\Video_Model->countView('9967')
#2 C:\xampp\htdocs\moviefree89\system\CodeIgniter.php(910): App\Controllers\Home->countView('9967')
#3 C:\xampp\htdocs\moviefree89\system\CodeIgniter.php(398): CodeIgniter\CodeIgniter->runController(Object(App\Controllers\Home))
#4 C:\xampp\htdocs\moviefree89\system\CodeIgniter.php(306): CodeIgniter\CodeIgniter->handleRequest(NULL, Object(Config\Cache), false)
#5 C:\xampp\htdocs\moviefree89\index.php(45): CodeIgniter\CodeIgniter->run()
#6 {main}
CRITICAL - 2020-12-07 02:24:32 --> Undefined offset: 0
#0 C:\xampp\htdocs\moviefree89\app\Models\Video_Model.php(902): CodeIgniter\Debug\Exceptions->errorHandler(8, 'Undefined offse...', 'C:\\xampp\\htdocs...', 902, Array)
#1 C:\xampp\htdocs\moviefree89\app\Controllers\Home.php(729): App\Models\Video_Model->countView('1073743242')
#2 C:\xampp\htdocs\moviefree89\system\CodeIgniter.php(910): App\Controllers\Home->countView('1073743242')
#3 C:\xampp\htdocs\moviefree89\system\CodeIgniter.php(398): CodeIgniter\CodeIgniter->runController(Object(App\Controllers\Home))
#4 C:\xampp\htdocs\moviefree89\system\CodeIgniter.php(306): CodeIgniter\CodeIgniter->handleRequest(NULL, Object(Config\Cache), false)
#5 C:\xampp\htdocs\moviefree89\index.php(45): CodeIgniter\CodeIgniter->run()
#6 {main}
CRITICAL - 2020-12-07 02:24:32 --> Undefined offset: 0
#0 C:\xampp\htdocs\moviefree89\app\Models\Video_Model.php(351): CodeIgniter\Debug\Exceptions->errorHandler(8, 'Undefined offse...', 'C:\\xampp\\htdocs...', 351, Array)
#1 C:\xampp\htdocs\moviefree89\app\Controllers\Home.php(706): App\Models\Video_Model->get_ep_series('1073743242')
#2 C:\xampp\htdocs\moviefree89\system\CodeIgniter.php(910): App\Controllers\Home->player('1073743242', 'a')
#3 C:\xampp\htdocs\moviefree89\system\CodeIgniter.php(398): CodeIgniter\CodeIgniter->runController(Object(App\Controllers\Home))
#4 C:\xampp\htdocs\moviefree89\system\CodeIgniter.php(306): CodeIgniter\CodeIgniter->handleRequest(NULL, Object(Config\Cache), false)
#5 C:\xampp\htdocs\moviefree89\index.php(45): CodeIgniter\CodeIgniter->run()
#6 {main}
CRITICAL - 2020-12-07 02:25:23 --> Undefined offset: 0
#0 C:\xampp\htdocs\moviefree89\app\Models\Video_Model.php(351): CodeIgniter\Debug\Exceptions->errorHandler(8, 'Undefined offse...', 'C:\\xampp\\htdocs...', 351, Array)
#1 C:\xampp\htdocs\moviefree89\app\Controllers\Home.php(706): App\Models\Video_Model->get_ep_series('1073743242')
#2 C:\xampp\htdocs\moviefree89\system\CodeIgniter.php(910): App\Controllers\Home->player('1073743242', 'a')
#3 C:\xampp\htdocs\moviefree89\system\CodeIgniter.php(398): CodeIgniter\CodeIgniter->runController(Object(App\Controllers\Home))
#4 C:\xampp\htdocs\moviefree89\system\CodeIgniter.php(306): CodeIgniter\CodeIgniter->handleRequest(NULL, Object(Config\Cache), false)
#5 C:\xampp\htdocs\moviefree89\index.php(45): CodeIgniter\CodeIgniter->run()
#6 {main}
CRITICAL - 2020-12-07 02:25:30 --> Undefined offset: 0
#0 C:\xampp\htdocs\moviefree89\app\Models\Video_Model.php(351): CodeIgniter\Debug\Exceptions->errorHandler(8, 'Undefined offse...', 'C:\\xampp\\htdocs...', 351, Array)
#1 C:\xampp\htdocs\moviefree89\app\Controllers\Home.php(706): App\Models\Video_Model->get_ep_series('1073743242')
#2 C:\xampp\htdocs\moviefree89\system\CodeIgniter.php(910): App\Controllers\Home->player('1073743242', 'a')
#3 C:\xampp\htdocs\moviefree89\system\CodeIgniter.php(398): CodeIgniter\CodeIgniter->runController(Object(App\Controllers\Home))
#4 C:\xampp\htdocs\moviefree89\system\CodeIgniter.php(306): CodeIgniter\CodeIgniter->handleRequest(NULL, Object(Config\Cache), false)
#5 C:\xampp\htdocs\moviefree89\index.php(45): CodeIgniter\CodeIgniter->run()
#6 {main}
CRITICAL - 2020-12-07 02:25:44 --> Undefined offset: 0
#0 C:\xampp\htdocs\moviefree89\app\Models\Video_Model.php(351): CodeIgniter\Debug\Exceptions->errorHandler(8, 'Undefined offse...', 'C:\\xampp\\htdocs...', 351, Array)
#1 C:\xampp\htdocs\moviefree89\app\Controllers\Home.php(706): App\Models\Video_Model->get_ep_series('1073743242')
#2 C:\xampp\htdocs\moviefree89\system\CodeIgniter.php(910): App\Controllers\Home->player('1073743242', 'a')
#3 C:\xampp\htdocs\moviefree89\system\CodeIgniter.php(398): CodeIgniter\CodeIgniter->runController(Object(App\Controllers\Home))
#4 C:\xampp\htdocs\moviefree89\system\CodeIgniter.php(306): CodeIgniter\CodeIgniter->handleRequest(NULL, Object(Config\Cache), false)
#5 C:\xampp\htdocs\moviefree89\index.php(45): CodeIgniter\CodeIgniter->run()
#6 {main}
CRITICAL - 2020-12-07 02:27:04 --> Undefined offset: 0
#0 C:\xampp\htdocs\moviefree89\app\Models\Video_Model.php(351): CodeIgniter\Debug\Exceptions->errorHandler(8, 'Undefined offse...', 'C:\\xampp\\htdocs...', 351, Array)
#1 C:\xampp\htdocs\moviefree89\app\Controllers\Home.php(706): App\Models\Video_Model->get_ep_series('1073743242')
#2 C:\xampp\htdocs\moviefree89\system\CodeIgniter.php(910): App\Controllers\Home->player('1073743242', 'a')
#3 C:\xampp\htdocs\moviefree89\system\CodeIgniter.php(398): CodeIgniter\CodeIgniter->runController(Object(App\Controllers\Home))
#4 C:\xampp\htdocs\moviefree89\system\CodeIgniter.php(306): CodeIgniter\CodeIgniter->handleRequest(NULL, Object(Config\Cache), false)
#5 C:\xampp\htdocs\moviefree89\index.php(45): CodeIgniter\CodeIgniter->run()
#6 {main}
CRITICAL - 2020-12-07 02:27:36 --> You must set the database table to be used with your query.
#0 C:\xampp\htdocs\moviefree89\system\Model.php(1190): CodeIgniter\Database\BaseConnection->table(NULL)
#1 C:\xampp\htdocs\moviefree89\system\Model.php(1700): CodeIgniter\Model->builder()
#2 C:\xampp\htdocs\moviefree89\app\Controllers\Home.php(706): CodeIgniter\Model->__call('get_ep_series', Array)
#3 C:\xampp\htdocs\moviefree89\system\CodeIgniter.php(910): App\Controllers\Home->player('1073743242', 'a')
#4 C:\xampp\htdocs\moviefree89\system\CodeIgniter.php(398): CodeIgniter\CodeIgniter->runController(Object(App\Controllers\Home))
#5 C:\xampp\htdocs\moviefree89\system\CodeIgniter.php(306): CodeIgniter\CodeIgniter->handleRequest(NULL, Object(Config\Cache), false)
#6 C:\xampp\htdocs\moviefree89\index.php(45): CodeIgniter\CodeIgniter->run()
#7 {main}
CRITICAL - 2020-12-07 02:27:59 --> Undefined offset: 0
#0 C:\xampp\htdocs\moviefree89\app\Models\Video_Model.php(351): CodeIgniter\Debug\Exceptions->errorHandler(8, 'Undefined offse...', 'C:\\xampp\\htdocs...', 351, Array)
#1 C:\xampp\htdocs\moviefree89\app\Controllers\Home.php(706): App\Models\Video_Model->get_ep_series('1073743242')
#2 C:\xampp\htdocs\moviefree89\system\CodeIgniter.php(910): App\Controllers\Home->player('1073743242', 'a')
#3 C:\xampp\htdocs\moviefree89\system\CodeIgniter.php(398): CodeIgniter\CodeIgniter->runController(Object(App\Controllers\Home))
#4 C:\xampp\htdocs\moviefree89\system\CodeIgniter.php(306): CodeIgniter\CodeIgniter->handleRequest(NULL, Object(Config\Cache), false)
#5 C:\xampp\htdocs\moviefree89\index.php(45): CodeIgniter\CodeIgniter->run()
#6 {main}
CRITICAL - 2020-12-07 02:28:04 --> Undefined offset: 0
#0 C:\xampp\htdocs\moviefree89\app\Models\Video_Model.php(902): CodeIgniter\Debug\Exceptions->errorHandler(8, 'Undefined offse...', 'C:\\xampp\\htdocs...', 902, Array)
#1 C:\xampp\htdocs\moviefree89\app\Controllers\Home.php(729): App\Models\Video_Model->countView('1073743237')
#2 C:\xampp\htdocs\moviefree89\system\CodeIgniter.php(910): App\Controllers\Home->countView('1073743237')
#3 C:\xampp\htdocs\moviefree89\system\CodeIgniter.php(398): CodeIgniter\CodeIgniter->runController(Object(App\Controllers\Home))
#4 C:\xampp\htdocs\moviefree89\system\CodeIgniter.php(306): CodeIgniter\CodeIgniter->handleRequest(NULL, Object(Config\Cache), false)
#5 C:\xampp\htdocs\moviefree89\index.php(45): CodeIgniter\CodeIgniter->run()
#6 {main}
CRITICAL - 2020-12-07 02:28:05 --> Undefined offset: 0
#0 C:\xampp\htdocs\moviefree89\app\Models\Video_Model.php(351): CodeIgniter\Debug\Exceptions->errorHandler(8, 'Undefined offse...', 'C:\\xampp\\htdocs...', 351, Array)
#1 C:\xampp\htdocs\moviefree89\app\Controllers\Home.php(706): App\Models\Video_Model->get_ep_series('1073743237')
#2 C:\xampp\htdocs\moviefree89\system\CodeIgniter.php(910): App\Controllers\Home->player('1073743237', 'a')
#3 C:\xampp\htdocs\moviefree89\system\CodeIgniter.php(398): CodeIgniter\CodeIgniter->runController(Object(App\Controllers\Home))
#4 C:\xampp\htdocs\moviefree89\system\CodeIgniter.php(306): CodeIgniter\CodeIgniter->handleRequest(NULL, Object(Config\Cache), false)
#5 C:\xampp\htdocs\moviefree89\index.php(45): CodeIgniter\CodeIgniter->run()
#6 {main}
CRITICAL - 2020-12-07 02:28:12 --> Undefined offset: 0
#0 C:\xampp\htdocs\moviefree89\app\Models\Video_Model.php(902): CodeIgniter\Debug\Exceptions->errorHandler(8, 'Undefined offse...', 'C:\\xampp\\htdocs...', 902, Array)
#1 C:\xampp\htdocs\moviefree89\app\Controllers\Home.php(729): App\Models\Video_Model->countView('1073743241')
#2 C:\xampp\htdocs\moviefree89\system\CodeIgniter.php(910): App\Controllers\Home->countView('1073743241')
#3 C:\xampp\htdocs\moviefree89\system\CodeIgniter.php(398): CodeIgniter\CodeIgniter->runController(Object(App\Controllers\Home))
#4 C:\xampp\htdocs\moviefree89\system\CodeIgniter.php(306): CodeIgniter\CodeIgniter->handleRequest(NULL, Object(Config\Cache), false)
#5 C:\xampp\htdocs\moviefree89\index.php(45): CodeIgniter\CodeIgniter->run()
#6 {main}
CRITICAL - 2020-12-07 02:28:12 --> Undefined offset: 0
#0 C:\xampp\htdocs\moviefree89\app\Models\Video_Model.php(351): CodeIgniter\Debug\Exceptions->errorHandler(8, 'Undefined offse...', 'C:\\xampp\\htdocs...', 351, Array)
#1 C:\xampp\htdocs\moviefree89\app\Controllers\Home.php(706): App\Models\Video_Model->get_ep_series('1073743241')
#2 C:\xampp\htdocs\moviefree89\system\CodeIgniter.php(910): App\Controllers\Home->player('1073743241', 'a')
#3 C:\xampp\htdocs\moviefree89\system\CodeIgniter.php(398): CodeIgniter\CodeIgniter->runController(Object(App\Controllers\Home))
#4 C:\xampp\htdocs\moviefree89\system\CodeIgniter.php(306): CodeIgniter\CodeIgniter->handleRequest(NULL, Object(Config\Cache), false)
#5 C:\xampp\htdocs\moviefree89\index.php(45): CodeIgniter\CodeIgniter->run()
#6 {main}
CRITICAL - 2020-12-07 02:28:17 --> Undefined offset: 0
#0 C:\xampp\htdocs\moviefree89\app\Models\Video_Model.php(902): CodeIgniter\Debug\Exceptions->errorHandler(8, 'Undefined offse...', 'C:\\xampp\\htdocs...', 902, Array)
#1 C:\xampp\htdocs\moviefree89\app\Controllers\Home.php(729): App\Models\Video_Model->countView('1073743240')
#2 C:\xampp\htdocs\moviefree89\system\CodeIgniter.php(910): App\Controllers\Home->countView('1073743240')
#3 C:\xampp\htdocs\moviefree89\system\CodeIgniter.php(398): CodeIgniter\CodeIgniter->runController(Object(App\Controllers\Home))
#4 C:\xampp\htdocs\moviefree89\system\CodeIgniter.php(306): CodeIgniter\CodeIgniter->handleRequest(NULL, Object(Config\Cache), false)
#5 C:\xampp\htdocs\moviefree89\index.php(45): CodeIgniter\CodeIgniter->run()
#6 {main}
CRITICAL - 2020-12-07 02:28:18 --> Undefined offset: 0
#0 C:\xampp\htdocs\moviefree89\app\Models\Video_Model.php(351): CodeIgniter\Debug\Exceptions->errorHandler(8, 'Undefined offse...', 'C:\\xampp\\htdocs...', 351, Array)
#1 C:\xampp\htdocs\moviefree89\app\Controllers\Home.php(706): App\Models\Video_Model->get_ep_series('1073743240')
#2 C:\xampp\htdocs\moviefree89\system\CodeIgniter.php(910): App\Controllers\Home->player('1073743240', 'a')
#3 C:\xampp\htdocs\moviefree89\system\CodeIgniter.php(398): CodeIgniter\CodeIgniter->runController(Object(App\Controllers\Home))
#4 C:\xampp\htdocs\moviefree89\system\CodeIgniter.php(306): CodeIgniter\CodeIgniter->handleRequest(NULL, Object(Config\Cache), false)
#5 C:\xampp\htdocs\moviefree89\index.php(45): CodeIgniter\CodeIgniter->run()
#6 {main}
CRITICAL - 2020-12-07 02:28:53 --> Undefined variable: url_name
#0 C:\xampp\htdocs\moviefree89\app\Views\clip\video.php(60): CodeIgniter\Debug\Exceptions->errorHandler(8, 'Undefined varia...', 'C:\\xampp\\htdocs...', 60, Array)
#1 C:\xampp\htdocs\moviefree89\system\View\View.php(236): include('C:\\xampp\\htdocs...')
#2 C:\xampp\htdocs\moviefree89\system\Common.php(1071): CodeIgniter\View\View->render('clip/video.php', Array, true)
#3 C:\xampp\htdocs\moviefree89\app\Controllers\Clip.php(178): view('clip/video.php', Array)
#4 C:\xampp\htdocs\moviefree89\system\CodeIgniter.php(910): App\Controllers\Clip->video('1073743240', '%E0%B9%80%E0%B8...')
#5 C:\xampp\htdocs\moviefree89\system\CodeIgniter.php(398): CodeIgniter\CodeIgniter->runController(Object(App\Controllers\Clip))
#6 C:\xampp\htdocs\moviefree89\system\CodeIgniter.php(306): CodeIgniter\CodeIgniter->handleRequest(NULL, Object(Config\Cache), false)
#7 C:\xampp\htdocs\moviefree89\index.php(45): CodeIgniter\CodeIgniter->run()
#8 {main}
CRITICAL - 2020-12-07 02:29:32 --> Undefined offset: 0
#0 C:\xampp\htdocs\moviefree89\app\Models\Video_Model.php(351): CodeIgniter\Debug\Exceptions->errorHandler(8, 'Undefined offse...', 'C:\\xampp\\htdocs...', 351, Array)
#1 C:\xampp\htdocs\moviefree89\app\Controllers\Home.php(706): App\Models\Video_Model->get_ep_series('1073743240')
#2 C:\xampp\htdocs\moviefree89\system\CodeIgniter.php(910): App\Controllers\Home->player('1073743240', 'a')
#3 C:\xampp\htdocs\moviefree89\system\CodeIgniter.php(398): CodeIgniter\CodeIgniter->runController(Object(App\Controllers\Home))
#4 C:\xampp\htdocs\moviefree89\system\CodeIgniter.php(306): CodeIgniter\CodeIgniter->handleRequest(NULL, Object(Config\Cache), false)
#5 C:\xampp\htdocs\moviefree89\index.php(45): CodeIgniter\CodeIgniter->run()
#6 {main}
CRITICAL - 2020-12-07 02:30:25 --> Undefined offset: 0
#0 C:\xampp\htdocs\moviefree89\app\Models\Video_Model.php(351): CodeIgniter\Debug\Exceptions->errorHandler(8, 'Undefined offse...', 'C:\\xampp\\htdocs...', 351, Array)
#1 C:\xampp\htdocs\moviefree89\app\Controllers\Home.php(706): App\Models\Video_Model->get_ep_series('1073743240')
#2 C:\xampp\htdocs\moviefree89\system\CodeIgniter.php(910): App\Controllers\Home->player('1073743240', 'a')
#3 C:\xampp\htdocs\moviefree89\system\CodeIgniter.php(398): CodeIgniter\CodeIgniter->runController(Object(App\Controllers\Home))
#4 C:\xampp\htdocs\moviefree89\system\CodeIgniter.php(306): CodeIgniter\CodeIgniter->handleRequest(NULL, Object(Config\Cache), false)
#5 C:\xampp\htdocs\moviefree89\index.php(45): CodeIgniter\CodeIgniter->run()
#6 {main}
CRITICAL - 2020-12-07 02:31:16 --> Undefined variable: list_category
#0 C:\xampp\htdocs\moviefree89\app\Views\templates\footer.php(5): CodeIgniter\Debug\Exceptions->errorHandler(8, 'Undefined varia...', 'C:\\xampp\\htdocs...', 5, Array)
#1 C:\xampp\htdocs\moviefree89\system\View\View.php(236): include('C:\\xampp\\htdocs...')
#2 C:\xampp\htdocs\moviefree89\system\Common.php(1071): CodeIgniter\View\View->render('templates/foote...', Array, true)
#3 C:\xampp\htdocs\moviefree89\app\Controllers\Clip.php(179): view('templates/foote...')
#4 C:\xampp\htdocs\moviefree89\system\CodeIgniter.php(910): App\Controllers\Clip->video('1073743240', '%E0%B9%80%E0%B8...')
#5 C:\xampp\htdocs\moviefree89\system\CodeIgniter.php(398): CodeIgniter\CodeIgniter->runController(Object(App\Controllers\Clip))
#6 C:\xampp\htdocs\moviefree89\system\CodeIgniter.php(306): CodeIgniter\CodeIgniter->handleRequest(NULL, Object(Config\Cache), false)
#7 C:\xampp\htdocs\moviefree89\index.php(45): CodeIgniter\CodeIgniter->run()
#8 {main}
CRITICAL - 2020-12-07 02:31:16 --> Undefined offset: 0
#0 C:\xampp\htdocs\moviefree89\app\Models\Video_Model.php(351): CodeIgniter\Debug\Exceptions->errorHandler(8, 'Undefined offse...', 'C:\\xampp\\htdocs...', 351, Array)
#1 C:\xampp\htdocs\moviefree89\app\Controllers\Home.php(706): App\Models\Video_Model->get_ep_series('1073743240')
#2 C:\xampp\htdocs\moviefree89\system\CodeIgniter.php(910): App\Controllers\Home->player('1073743240', 'a')
#3 C:\xampp\htdocs\moviefree89\system\CodeIgniter.php(398): CodeIgniter\CodeIgniter->runController(Object(App\Controllers\Home))
#4 C:\xampp\htdocs\moviefree89\system\CodeIgniter.php(306): CodeIgniter\CodeIgniter->handleRequest(NULL, Object(Config\Cache), false)
#5 C:\xampp\htdocs\moviefree89\index.php(45): CodeIgniter\CodeIgniter->run()
#6 {main}
CRITICAL - 2020-12-07 02:31:51 --> Undefined variable: url_loadmore
#0 C:\xampp\htdocs\moviefree89\app\Views\clip\video.php(384): CodeIgniter\Debug\Exceptions->errorHandler(8, 'Undefined varia...', 'C:\\xampp\\htdocs...', 384, Array)
#1 C:\xampp\htdocs\moviefree89\system\View\View.php(236): include('C:\\xampp\\htdocs...')
#2 C:\xampp\htdocs\moviefree89\system\Common.php(1071): CodeIgniter\View\View->render('36', Array, true)
#3 C:\xampp\htdocs\moviefree89\app\Controllers\Clip.php(178): view('clip/video.php', Array)
#4 C:\xampp\htdocs\moviefree89\system\CodeIgniter.php(910): App\Controllers\Clip->video('1073743240', '%E0%B9%80%E0%B8...')
#5 C:\xampp\htdocs\moviefree89\system\CodeIgniter.php(398): CodeIgniter\CodeIgniter->runController(Object(App\Controllers\Clip))
#6 C:\xampp\htdocs\moviefree89\system\CodeIgniter.php(306): CodeIgniter\CodeIgniter->handleRequest(NULL, Object(Config\Cache), false)
#7 C:\xampp\htdocs\moviefree89\index.php(45): CodeIgniter\CodeIgniter->run()
#8 {main}
CRITICAL - 2020-12-07 02:32:12 --> Undefined offset: 0
#0 C:\xampp\htdocs\moviefree89\app\Models\Video_Model.php(351): CodeIgniter\Debug\Exceptions->errorHandler(8, 'Undefined offse...', 'C:\\xampp\\htdocs...', 351, Array)
#1 C:\xampp\htdocs\moviefree89\app\Controllers\Home.php(706): App\Models\Video_Model->get_ep_series('1073743240')
#2 C:\xampp\htdocs\moviefree89\system\CodeIgniter.php(910): App\Controllers\Home->player('1073743240', 'a')
#3 C:\xampp\htdocs\moviefree89\system\CodeIgniter.php(398): CodeIgniter\CodeIgniter->runController(Object(App\Controllers\Home))
#4 C:\xampp\htdocs\moviefree89\system\CodeIgniter.php(306): CodeIgniter\CodeIgniter->handleRequest(NULL, Object(Config\Cache), false)
#5 C:\xampp\htdocs\moviefree89\index.php(45): CodeIgniter\CodeIgniter->run()
#6 {main}
CRITICAL - 2020-12-07 02:32:30 --> Undefined offset: 0
#0 C:\xampp\htdocs\moviefree89\app\Models\Video_Model.php(351): CodeIgniter\Debug\Exceptions->errorHandler(8, 'Undefined offse...', 'C:\\xampp\\htdocs...', 351, Array)
#1 C:\xampp\htdocs\moviefree89\app\Controllers\Home.php(706): App\Models\Video_Model->get_ep_series('1073743240')
#2 C:\xampp\htdocs\moviefree89\system\CodeIgniter.php(910): App\Controllers\Home->player('1073743240', 'a')
#3 C:\xampp\htdocs\moviefree89\system\CodeIgniter.php(398): CodeIgniter\CodeIgniter->runController(Object(App\Controllers\Home))
#4 C:\xampp\htdocs\moviefree89\system\CodeIgniter.php(306): CodeIgniter\CodeIgniter->handleRequest(NULL, Object(Config\Cache), false)
#5 C:\xampp\htdocs\moviefree89\index.php(45): CodeIgniter\CodeIgniter->run()
#6 {main}
CRITICAL - 2020-12-07 02:35:13 --> Undefined offset: 0
#0 C:\xampp\htdocs\moviefree89\app\Models\Video_Model.php(351): CodeIgniter\Debug\Exceptions->errorHandler(8, 'Undefined offse...', 'C:\\xampp\\htdocs...', 351, Array)
#1 C:\xampp\htdocs\moviefree89\app\Controllers\Home.php(706): App\Models\Video_Model->get_ep_series('1073743240')
#2 C:\xampp\htdocs\moviefree89\system\CodeIgniter.php(910): App\Controllers\Home->player('1073743240', 'a')
#3 C:\xampp\htdocs\moviefree89\system\CodeIgniter.php(398): CodeIgniter\CodeIgniter->runController(Object(App\Controllers\Home))
#4 C:\xampp\htdocs\moviefree89\system\CodeIgniter.php(306): CodeIgniter\CodeIgniter->handleRequest(NULL, Object(Config\Cache), false)
#5 C:\xampp\htdocs\moviefree89\index.php(45): CodeIgniter\CodeIgniter->run()
#6 {main}
CRITICAL - 2020-12-07 02:35:59 --> Undefined variable: get_list_video_bycate
#0 C:\xampp\htdocs\moviefree89\app\Controllers\Clip.php(170): CodeIgniter\Debug\Exceptions->errorHandler(8, 'Undefined varia...', 'C:\\xampp\\htdocs...', 170, Array)
#1 C:\xampp\htdocs\moviefree89\system\CodeIgniter.php(910): App\Controllers\Clip->video('1073743240', '%E0%B9%80%E0%B8...')
#2 C:\xampp\htdocs\moviefree89\system\CodeIgniter.php(398): CodeIgniter\CodeIgniter->runController(Object(App\Controllers\Clip))
#3 C:\xampp\htdocs\moviefree89\system\CodeIgniter.php(306): CodeIgniter\CodeIgniter->handleRequest(NULL, Object(Config\Cache), false)
#4 C:\xampp\htdocs\moviefree89\index.php(45): CodeIgniter\CodeIgniter->run()
#5 {main}
CRITICAL - 2020-12-07 02:36:08 --> Undefined variable: get_list_video_bycate
#0 C:\xampp\htdocs\moviefree89\app\Views\clip\video.php(316): CodeIgniter\Debug\Exceptions->errorHandler(8, 'Undefined varia...', 'C:\\xampp\\htdocs...', 316, Array)
#1 C:\xampp\htdocs\moviefree89\system\View\View.php(236): include('C:\\xampp\\htdocs...')
#2 C:\xampp\htdocs\moviefree89\system\Common.php(1071): CodeIgniter\View\View->render('7', Array, true)
#3 C:\xampp\htdocs\moviefree89\app\Controllers\Clip.php(176): view('clip/video.php', Array)
#4 C:\xampp\htdocs\moviefree89\system\CodeIgniter.php(910): App\Controllers\Clip->video('1073743240', '%E0%B9%80%E0%B8...')
#5 C:\xampp\htdocs\moviefree89\system\CodeIgniter.php(398): CodeIgniter\CodeIgniter->runController(Object(App\Controllers\Clip))
#6 C:\xampp\htdocs\moviefree89\system\CodeIgniter.php(306): CodeIgniter\CodeIgniter->handleRequest(NULL, Object(Config\Cache), false)
#7 C:\xampp\htdocs\moviefree89\index.php(45): CodeIgniter\CodeIgniter->run()
#8 {main}
CRITICAL - 2020-12-07 02:36:37 --> Undefined offset: 0
#0 C:\xampp\htdocs\moviefree89\app\Models\Video_Model.php(351): CodeIgniter\Debug\Exceptions->errorHandler(8, 'Undefined offse...', 'C:\\xampp\\htdocs...', 351, Array)
#1 C:\xampp\htdocs\moviefree89\app\Controllers\Home.php(706): App\Models\Video_Model->get_ep_series('1073743240')
#2 C:\xampp\htdocs\moviefree89\system\CodeIgniter.php(910): App\Controllers\Home->player('1073743240', 'a')
#3 C:\xampp\htdocs\moviefree89\system\CodeIgniter.php(398): CodeIgniter\CodeIgniter->runController(Object(App\Controllers\Home))
#4 C:\xampp\htdocs\moviefree89\system\CodeIgniter.php(306): CodeIgniter\CodeIgniter->handleRequest(NULL, Object(Config\Cache), false)
#5 C:\xampp\htdocs\moviefree89\index.php(45): CodeIgniter\CodeIgniter->run()
#6 {main}
CRITICAL - 2020-12-07 02:43:19 --> Undefined offset: 0
#0 C:\xampp\htdocs\moviefree89\app\Models\Video_Model.php(902): CodeIgniter\Debug\Exceptions->errorHandler(8, 'Undefined offse...', 'C:\\xampp\\htdocs...', 902, Array)
#1 C:\xampp\htdocs\moviefree89\app\Controllers\Home.php(729): App\Models\Video_Model->countView('1073743249')
#2 C:\xampp\htdocs\moviefree89\system\CodeIgniter.php(910): App\Controllers\Home->countView('1073743249')
#3 C:\xampp\htdocs\moviefree89\system\CodeIgniter.php(398): CodeIgniter\CodeIgniter->runController(Object(App\Controllers\Home))
#4 C:\xampp\htdocs\moviefree89\system\CodeIgniter.php(306): CodeIgniter\CodeIgniter->handleRequest(NULL, Object(Config\Cache), false)
#5 C:\xampp\htdocs\moviefree89\index.php(45): CodeIgniter\CodeIgniter->run()
#6 {main}
CRITICAL - 2020-12-07 02:47:23 --> Undefined offset: 0
#0 C:\xampp\htdocs\moviefree89\app\Models\Video_Model.php(902): CodeIgniter\Debug\Exceptions->errorHandler(8, 'Undefined offse...', 'C:\\xampp\\htdocs...', 902, Array)
#1 C:\xampp\htdocs\moviefree89\app\Controllers\Home.php(729): App\Models\Video_Model->countView('1073743155')
#2 C:\xampp\htdocs\moviefree89\system\CodeIgniter.php(910): App\Controllers\Home->countView('1073743155')
#3 C:\xampp\htdocs\moviefree89\system\CodeIgniter.php(398): CodeIgniter\CodeIgniter->runController(Object(App\Controllers\Home))
#4 C:\xampp\htdocs\moviefree89\system\CodeIgniter.php(306): CodeIgniter\CodeIgniter->handleRequest(NULL, Object(Config\Cache), false)
#5 C:\xampp\htdocs\moviefree89\index.php(45): CodeIgniter\CodeIgniter->run()
#6 {main}
CRITICAL - 2020-12-07 02:47:23 --> Trying to access array offset on value of type null
#0 C:\xampp\htdocs\moviefree89\app\Controllers\Home.php(117): CodeIgniter\Debug\Exceptions->errorHandler(8, 'Trying to acces...', 'C:\\xampp\\htdocs...', 117, Array)
#1 C:\xampp\htdocs\moviefree89\system\CodeIgniter.php(910): App\Controllers\Home->video('1073743155', '%E0%B9%84%E0%B8...')
#2 C:\xampp\htdocs\moviefree89\system\CodeIgniter.php(398): CodeIgniter\CodeIgniter->runController(Object(App\Controllers\Home))
#3 C:\xampp\htdocs\moviefree89\system\CodeIgniter.php(306): CodeIgniter\CodeIgniter->handleRequest(NULL, Object(Config\Cache), false)
#4 C:\xampp\htdocs\moviefree89\index.php(45): CodeIgniter\CodeIgniter->run()
#5 {main}
CRITICAL - 2020-12-07 02:47:29 --> Undefined offset: 0
#0 C:\xampp\htdocs\moviefree89\app\Models\Video_Model.php(902): CodeIgniter\Debug\Exceptions->errorHandler(8, 'Undefined offse...', 'C:\\xampp\\htdocs...', 902, Array)
#1 C:\xampp\htdocs\moviefree89\app\Controllers\Home.php(729): App\Models\Video_Model->countView('1073743241')
#2 C:\xampp\htdocs\moviefree89\system\CodeIgniter.php(910): App\Controllers\Home->countView('1073743241')
#3 C:\xampp\htdocs\moviefree89\system\CodeIgniter.php(398): CodeIgniter\CodeIgniter->runController(Object(App\Controllers\Home))
#4 C:\xampp\htdocs\moviefree89\system\CodeIgniter.php(306): CodeIgniter\CodeIgniter->handleRequest(NULL, Object(Config\Cache), false)
#5 C:\xampp\htdocs\moviefree89\index.php(45): CodeIgniter\CodeIgniter->run()
#6 {main}
CRITICAL - 2020-12-07 02:50:56 --> Undefined offset: 0
#0 C:\xampp\htdocs\moviefree89\app\Models\Video_Model.php(902): CodeIgniter\Debug\Exceptions->errorHandler(8, 'Undefined offse...', 'C:\\xampp\\htdocs...', 902, Array)
#1 C:\xampp\htdocs\moviefree89\app\Controllers\Home.php(729): App\Models\Video_Model->countView('1073743240')
#2 C:\xampp\htdocs\moviefree89\system\CodeIgniter.php(910): App\Controllers\Home->countView('1073743240')
#3 C:\xampp\htdocs\moviefree89\system\CodeIgniter.php(398): CodeIgniter\CodeIgniter->runController(Object(App\Controllers\Home))
#4 C:\xampp\htdocs\moviefree89\system\CodeIgniter.php(306): CodeIgniter\CodeIgniter->handleRequest(NULL, Object(Config\Cache), false)
#5 C:\xampp\htdocs\moviefree89\index.php(45): CodeIgniter\CodeIgniter->run()
#6 {main}
CRITICAL - 2020-12-07 02:52:32 --> Undefined offset: 0
#0 C:\xampp\htdocs\moviefree89\app\Models\Video_Model.php(902): CodeIgniter\Debug\Exceptions->errorHandler(8, 'Undefined offse...', 'C:\\xampp\\htdocs...', 902, Array)
#1 C:\xampp\htdocs\moviefree89\app\Controllers\Home.php(729): App\Models\Video_Model->countView('1073742869')
#2 C:\xampp\htdocs\moviefree89\system\CodeIgniter.php(910): App\Controllers\Home->countView('1073742869')
#3 C:\xampp\htdocs\moviefree89\system\CodeIgniter.php(398): CodeIgniter\CodeIgniter->runController(Object(App\Controllers\Home))
#4 C:\xampp\htdocs\moviefree89\system\CodeIgniter.php(306): CodeIgniter\CodeIgniter->handleRequest(NULL, Object(Config\Cache), false)
#5 C:\xampp\htdocs\moviefree89\index.php(45): CodeIgniter\CodeIgniter->run()
#6 {main}
CRITICAL - 2020-12-07 02:52:33 --> Trying to access array offset on value of type null
#0 C:\xampp\htdocs\moviefree89\app\Controllers\Home.php(117): CodeIgniter\Debug\Exceptions->errorHandler(8, 'Trying to acces...', 'C:\\xampp\\htdocs...', 117, Array)
#1 C:\xampp\htdocs\moviefree89\system\CodeIgniter.php(910): App\Controllers\Home->video('1073742869', '%E0%B9%84%E0%B8...')
#2 C:\xampp\htdocs\moviefree89\system\CodeIgniter.php(398): CodeIgniter\CodeIgniter->runController(Object(App\Controllers\Home))
#3 C:\xampp\htdocs\moviefree89\system\CodeIgniter.php(306): CodeIgniter\CodeIgniter->handleRequest(NULL, Object(Config\Cache), false)
#4 C:\xampp\htdocs\moviefree89\index.php(45): CodeIgniter\CodeIgniter->run()
#5 {main}
CRITICAL - 2020-12-07 02:55:31 --> Undefined offset: 0
#0 C:\xampp\htdocs\moviefree89\app\Models\Video_Model.php(902): CodeIgniter\Debug\Exceptions->errorHandler(8, 'Undefined offse...', 'C:\\xampp\\htdocs...', 902, Array)
#1 C:\xampp\htdocs\moviefree89\app\Controllers\Home.php(729): App\Models\Video_Model->countView('1073743246')
#2 C:\xampp\htdocs\moviefree89\system\CodeIgniter.php(910): App\Controllers\Home->countView('1073743246')
#3 C:\xampp\htdocs\moviefree89\system\CodeIgniter.php(398): CodeIgniter\CodeIgniter->runController(Object(App\Controllers\Home))
#4 C:\xampp\htdocs\moviefree89\system\CodeIgniter.php(306): CodeIgniter\CodeIgniter->handleRequest(NULL, Object(Config\Cache), false)
#5 C:\xampp\htdocs\moviefree89\index.php(45): CodeIgniter\CodeIgniter->run()
#6 {main}
CRITICAL - 2020-12-07 03:01:43 --> Undefined offset: 0
#0 C:\xampp\htdocs\moviefree89\app\Models\Video_Model.php(902): CodeIgniter\Debug\Exceptions->errorHandler(8, 'Undefined offse...', 'C:\\xampp\\htdocs...', 902, Array)
#1 C:\xampp\htdocs\moviefree89\app\Controllers\Home.php(729): App\Models\Video_Model->countView('1073743248')
#2 C:\xampp\htdocs\moviefree89\system\CodeIgniter.php(910): App\Controllers\Home->countView('1073743248')
#3 C:\xampp\htdocs\moviefree89\system\CodeIgniter.php(398): CodeIgniter\CodeIgniter->runController(Object(App\Controllers\Home))
#4 C:\xampp\htdocs\moviefree89\system\CodeIgniter.php(306): CodeIgniter\CodeIgniter->handleRequest(NULL, Object(Config\Cache), false)
#5 C:\xampp\htdocs\moviefree89\index.php(45): CodeIgniter\CodeIgniter->run()
#6 {main}
CRITICAL - 2020-12-07 03:06:42 --> Undefined offset: 0
#0 C:\xampp\htdocs\moviefree89\app\Models\Video_Model.php(902): CodeIgniter\Debug\Exceptions->errorHandler(8, 'Undefined offse...', 'C:\\xampp\\htdocs...', 902, Array)
#1 C:\xampp\htdocs\moviefree89\app\Controllers\Home.php(729): App\Models\Video_Model->countView('512')
#2 C:\xampp\htdocs\moviefree89\system\CodeIgniter.php(910): App\Controllers\Home->countView('512')
#3 C:\xampp\htdocs\moviefree89\system\CodeIgniter.php(398): CodeIgniter\CodeIgniter->runController(Object(App\Controllers\Home))
#4 C:\xampp\htdocs\moviefree89\system\CodeIgniter.php(306): CodeIgniter\CodeIgniter->handleRequest(NULL, Object(Config\Cache), false)
#5 C:\xampp\htdocs\moviefree89\index.php(45): CodeIgniter\CodeIgniter->run()
#6 {main}
CRITICAL - 2020-12-07 03:45:48 --> Undefined offset: 0
#0 C:\xampp\htdocs\moviefree89\app\Models\Video_Model.php(902): CodeIgniter\Debug\Exceptions->errorHandler(8, 'Undefined offse...', 'C:\\xampp\\htdocs...', 902, Array)
#1 C:\xampp\htdocs\moviefree89\app\Controllers\Home.php(729): App\Models\Video_Model->countView('1073743235')
#2 C:\xampp\htdocs\moviefree89\system\CodeIgniter.php(910): App\Controllers\Home->countView('1073743235')
#3 C:\xampp\htdocs\moviefree89\system\CodeIgniter.php(398): CodeIgniter\CodeIgniter->runController(Object(App\Controllers\Home))
#4 C:\xampp\htdocs\moviefree89\system\CodeIgniter.php(306): CodeIgniter\CodeIgniter->handleRequest(NULL, Object(Config\Cache), false)
#5 C:\xampp\htdocs\moviefree89\index.php(45): CodeIgniter\CodeIgniter->run()
#6 {main}
CRITICAL - 2020-12-07 03:52:35 --> Undefined offset: 0
#0 C:\xampp\htdocs\moviefree89\app\Models\Video_Model.php(902): CodeIgniter\Debug\Exceptions->errorHandler(8, 'Undefined offse...', 'C:\\xampp\\htdocs...', 902, Array)
#1 C:\xampp\htdocs\moviefree89\app\Controllers\Home.php(729): App\Models\Video_Model->countView('1073743237')
#2 C:\xampp\htdocs\moviefree89\system\CodeIgniter.php(910): App\Controllers\Home->countView('1073743237')
#3 C:\xampp\htdocs\moviefree89\system\CodeIgniter.php(398): CodeIgniter\CodeIgniter->runController(Object(App\Controllers\Home))
#4 C:\xampp\htdocs\moviefree89\system\CodeIgniter.php(306): CodeIgniter\CodeIgniter->handleRequest(NULL, Object(Config\Cache), false)
#5 C:\xampp\htdocs\moviefree89\index.php(45): CodeIgniter\CodeIgniter->run()
#6 {main}
CRITICAL - 2020-12-07 03:58:32 --> Undefined variable: listyear
#0 C:\xampp\htdocs\moviefree89\app\Views\clip\list.php(182): CodeIgniter\Debug\Exceptions->errorHandler(8, 'Undefined varia...', 'C:\\xampp\\htdocs...', 182, Array)
#1 C:\xampp\htdocs\moviefree89\system\View\View.php(236): include('C:\\xampp\\htdocs...')
#2 C:\xampp\htdocs\moviefree89\system\Common.php(1071): CodeIgniter\View\View->render('12', Array, true)
#3 C:\xampp\htdocs\moviefree89\app\Controllers\Clip.php(508): view('clip/list.php', Array)
#4 C:\xampp\htdocs\moviefree89\system\CodeIgniter.php(910): App\Controllers\Clip->search('\xE0\xB9\x81\xE0\xB8\xA1\xE0\xB9\x88')
#5 C:\xampp\htdocs\moviefree89\system\CodeIgniter.php(398): CodeIgniter\CodeIgniter->runController(Object(App\Controllers\Clip))
#6 C:\xampp\htdocs\moviefree89\system\CodeIgniter.php(306): CodeIgniter\CodeIgniter->handleRequest(NULL, Object(Config\Cache), false)
#7 C:\xampp\htdocs\moviefree89\index.php(45): CodeIgniter\CodeIgniter->run()
#8 {main}
CRITICAL - 2020-12-07 04:17:18 --> Undefined offset: 0
#0 C:\xampp\htdocs\moviefree89\app\Models\Video_Model.php(902): CodeIgniter\Debug\Exceptions->errorHandler(8, 'Undefined offse...', 'C:\\xampp\\htdocs...', 902, Array)
#1 C:\xampp\htdocs\moviefree89\app\Controllers\Home.php(729): App\Models\Video_Model->countView('9971')
#2 C:\xampp\htdocs\moviefree89\system\CodeIgniter.php(910): App\Controllers\Home->countView('9971')
#3 C:\xampp\htdocs\moviefree89\system\CodeIgniter.php(398): CodeIgniter\CodeIgniter->runController(Object(App\Controllers\Home))
#4 C:\xampp\htdocs\moviefree89\system\CodeIgniter.php(306): CodeIgniter\CodeIgniter->handleRequest(NULL, Object(Config\Cache), false)
#5 C:\xampp\htdocs\moviefree89\index.php(45): CodeIgniter\CodeIgniter->run()
#6 {main}
CRITICAL - 2020-12-07 04:18:06 --> Undefined offset: 0
#0 C:\xampp\htdocs\moviefree89\app\Models\Video_Model.php(902): CodeIgniter\Debug\Exceptions->errorHandler(8, 'Undefined offse...', 'C:\\xampp\\htdocs...', 902, Array)
#1 C:\xampp\htdocs\moviefree89\app\Controllers\Home.php(729): App\Models\Video_Model->countView('9965')
#2 C:\xampp\htdocs\moviefree89\system\CodeIgniter.php(910): App\Controllers\Home->countView('9965')
#3 C:\xampp\htdocs\moviefree89\system\CodeIgniter.php(398): CodeIgniter\CodeIgniter->runController(Object(App\Controllers\Home))
#4 C:\xampp\htdocs\moviefree89\system\CodeIgniter.php(306): CodeIgniter\CodeIgniter->handleRequest(NULL, Object(Config\Cache), false)
#5 C:\xampp\htdocs\moviefree89\index.php(45): CodeIgniter\CodeIgniter->run()
#6 {main}
CRITICAL - 2020-12-07 04:21:41 --> Undefined offset: 0
#0 C:\xampp\htdocs\moviefree89\app\Models\Video_Model.php(902): CodeIgniter\Debug\Exceptions->errorHandler(8, 'Undefined offse...', 'C:\\xampp\\htdocs...', 902, Array)
#1 C:\xampp\htdocs\moviefree89\app\Controllers\Home.php(729): App\Models\Video_Model->countView('257')
#2 C:\xampp\htdocs\moviefree89\system\CodeIgniter.php(910): App\Controllers\Home->countView('257')
#3 C:\xampp\htdocs\moviefree89\system\CodeIgniter.php(398): CodeIgniter\CodeIgniter->runController(Object(App\Controllers\Home))
#4 C:\xampp\htdocs\moviefree89\system\CodeIgniter.php(306): CodeIgniter\CodeIgniter->handleRequest(NULL, Object(Config\Cache), false)
#5 C:\xampp\htdocs\moviefree89\index.php(45): CodeIgniter\CodeIgniter->run()
#6 {main}
CRITICAL - 2020-12-07 04:22:09 --> Undefined offset: 0
#0 C:\xampp\htdocs\moviefree89\app\Models\Video_Model.php(902): CodeIgniter\Debug\Exceptions->errorHandler(8, 'Undefined offse...', 'C:\\xampp\\htdocs...', 902, Array)
#1 C:\xampp\htdocs\moviefree89\app\Controllers\Home.php(729): App\Models\Video_Model->countView('9971')
#2 C:\xampp\htdocs\moviefree89\system\CodeIgniter.php(910): App\Controllers\Home->countView('9971')
#3 C:\xampp\htdocs\moviefree89\system\CodeIgniter.php(398): CodeIgniter\CodeIgniter->runController(Object(App\Controllers\Home))
#4 C:\xampp\htdocs\moviefree89\system\CodeIgniter.php(306): CodeIgniter\CodeIgniter->handleRequest(NULL, Object(Config\Cache), false)
#5 C:\xampp\htdocs\moviefree89\index.php(45): CodeIgniter\CodeIgniter->run()
#6 {main}
CRITICAL - 2020-12-07 04:22:25 --> Undefined offset: 0
#0 C:\xampp\htdocs\moviefree89\app\Models\Video_Model.php(902): CodeIgniter\Debug\Exceptions->errorHandler(8, 'Undefined offse...', 'C:\\xampp\\htdocs...', 902, Array)
#1 C:\xampp\htdocs\moviefree89\app\Controllers\Home.php(729): App\Models\Video_Model->countView('9853')
#2 C:\xampp\htdocs\moviefree89\system\CodeIgniter.php(910): App\Controllers\Home->countView('9853')
#3 C:\xampp\htdocs\moviefree89\system\CodeIgniter.php(398): CodeIgniter\CodeIgniter->runController(Object(App\Controllers\Home))
#4 C:\xampp\htdocs\moviefree89\system\CodeIgniter.php(306): CodeIgniter\CodeIgniter->handleRequest(NULL, Object(Config\Cache), false)
#5 C:\xampp\htdocs\moviefree89\index.php(45): CodeIgniter\CodeIgniter->run()
#6 {main}
CRITICAL - 2020-12-07 04:25:17 --> Undefined offset: 0
#0 C:\xampp\htdocs\moviefree89\app\Models\Video_Model.php(902): CodeIgniter\Debug\Exceptions->errorHandler(8, 'Undefined offse...', 'C:\\xampp\\htdocs...', 902, Array)
#1 C:\xampp\htdocs\moviefree89\app\Controllers\Home.php(729): App\Models\Video_Model->countView('9969')
#2 C:\xampp\htdocs\moviefree89\system\CodeIgniter.php(910): App\Controllers\Home->countView('9969')
#3 C:\xampp\htdocs\moviefree89\system\CodeIgniter.php(398): CodeIgniter\CodeIgniter->runController(Object(App\Controllers\Home))
#4 C:\xampp\htdocs\moviefree89\system\CodeIgniter.php(306): CodeIgniter\CodeIgniter->handleRequest(NULL, Object(Config\Cache), false)
#5 C:\xampp\htdocs\moviefree89\index.php(45): CodeIgniter\CodeIgniter->run()
#6 {main}
CRITICAL - 2020-12-07 04:27:51 --> Too few arguments to function App\Controllers\Av::player(), 1 passed in C:\xampp\htdocs\moviefree89\system\CodeIgniter.php on line 910 and exactly 2 expected
#0 C:\xampp\htdocs\moviefree89\system\CodeIgniter.php(910): App\Controllers\Av->player('9969')
#1 C:\xampp\htdocs\moviefree89\system\CodeIgniter.php(398): CodeIgniter\CodeIgniter->runController(Object(App\Controllers\Av))
#2 C:\xampp\htdocs\moviefree89\system\CodeIgniter.php(306): CodeIgniter\CodeIgniter->handleRequest(NULL, Object(Config\Cache), false)
#3 C:\xampp\htdocs\moviefree89\index.php(45): CodeIgniter\CodeIgniter->run()
#4 {main}
CRITICAL - 2020-12-07 04:28:02 --> Undefined index: MUM-202
#0 C:\xampp\htdocs\moviefree89\app\Controllers\Av.php(693): CodeIgniter\Debug\Exceptions->errorHandler(8, 'Undefined index...', 'C:\\xampp\\htdocs...', 693, Array)
#1 C:\xampp\htdocs\moviefree89\system\CodeIgniter.php(910): App\Controllers\Av->player('9969', 'MUM-202')
#2 C:\xampp\htdocs\moviefree89\system\CodeIgniter.php(398): CodeIgniter\CodeIgniter->runController(Object(App\Controllers\Av))
#3 C:\xampp\htdocs\moviefree89\system\CodeIgniter.php(306): CodeIgniter\CodeIgniter->handleRequest(NULL, Object(Config\Cache), false)
#4 C:\xampp\htdocs\moviefree89\index.php(45): CodeIgniter\CodeIgniter->run()
#5 {main}
CRITICAL - 2020-12-07 04:28:06 --> Undefined index: MUM
#0 C:\xampp\htdocs\moviefree89\app\Controllers\Av.php(693): CodeIgniter\Debug\Exceptions->errorHandler(8, 'Undefined index...', 'C:\\xampp\\htdocs...', 693, Array)
#1 C:\xampp\htdocs\moviefree89\system\CodeIgniter.php(910): App\Controllers\Av->player('9969', 'MUM')
#2 C:\xampp\htdocs\moviefree89\system\CodeIgniter.php(398): CodeIgniter\CodeIgniter->runController(Object(App\Controllers\Av))
#3 C:\xampp\htdocs\moviefree89\system\CodeIgniter.php(306): CodeIgniter\CodeIgniter->handleRequest(NULL, Object(Config\Cache), false)
#4 C:\xampp\htdocs\moviefree89\index.php(45): CodeIgniter\CodeIgniter->run()
#5 {main}
CRITICAL - 2020-12-07 04:28:08 --> Undefined index: MUM
#0 C:\xampp\htdocs\moviefree89\app\Controllers\Av.php(693): CodeIgniter\Debug\Exceptions->errorHandler(8, 'Undefined index...', 'C:\\xampp\\htdocs...', 693, Array)
#1 C:\xampp\htdocs\moviefree89\system\CodeIgniter.php(910): App\Controllers\Av->player('9969', 'MUM')
#2 C:\xampp\htdocs\moviefree89\system\CodeIgniter.php(398): CodeIgniter\CodeIgniter->runController(Object(App\Controllers\Av))
#3 C:\xampp\htdocs\moviefree89\system\CodeIgniter.php(306): CodeIgniter\CodeIgniter->handleRequest(NULL, Object(Config\Cache), false)
#4 C:\xampp\htdocs\moviefree89\index.php(45): CodeIgniter\CodeIgniter->run()
#5 {main}
CRITICAL - 2020-12-07 04:28:10 --> Too few arguments to function App\Controllers\Av::player(), 1 passed in C:\xampp\htdocs\moviefree89\system\CodeIgniter.php on line 910 and exactly 2 expected
#0 C:\xampp\htdocs\moviefree89\system\CodeIgniter.php(910): App\Controllers\Av->player('9969')
#1 C:\xampp\htdocs\moviefree89\system\CodeIgniter.php(398): CodeIgniter\CodeIgniter->runController(Object(App\Controllers\Av))
#2 C:\xampp\htdocs\moviefree89\system\CodeIgniter.php(306): CodeIgniter\CodeIgniter->handleRequest(NULL, Object(Config\Cache), false)
#3 C:\xampp\htdocs\moviefree89\index.php(45): CodeIgniter\CodeIgniter->run()
#4 {main}
CRITICAL - 2020-12-07 04:28:12 --> Undefined index: e
#0 C:\xampp\htdocs\moviefree89\app\Controllers\Av.php(693): CodeIgniter\Debug\Exceptions->errorHandler(8, 'Undefined index...', 'C:\\xampp\\htdocs...', 693, Array)
#1 C:\xampp\htdocs\moviefree89\system\CodeIgniter.php(910): App\Controllers\Av->player('9969', 'e')
#2 C:\xampp\htdocs\moviefree89\system\CodeIgniter.php(398): CodeIgniter\CodeIgniter->runController(Object(App\Controllers\Av))
#3 C:\xampp\htdocs\moviefree89\system\CodeIgniter.php(306): CodeIgniter\CodeIgniter->handleRequest(NULL, Object(Config\Cache), false)
#4 C:\xampp\htdocs\moviefree89\index.php(45): CodeIgniter\CodeIgniter->run()
#5 {main}
CRITICAL - 2020-12-07 04:36:01 --> unlink(C:\xampp\htdocs\moviefree89\writable\debugbar/debugbar_1607336530.json): No such file or directory
#0 [internal function]: CodeIgniter\Debug\Exceptions->errorHandler(2, 'unlink(C:\\xampp...', 'C:\\xampp\\htdocs...', 106, Array)
#1 C:\xampp\htdocs\moviefree89\system\Debug\Toolbar\Collectors\History.php(106): unlink('C:\\xampp\\htdocs...')
#2 C:\xampp\htdocs\moviefree89\system\Debug\Toolbar.php(481): CodeIgniter\Debug\Toolbar\Collectors\History->setFiles(1607337354, 20)
#3 C:\xampp\htdocs\moviefree89\system\Debug\Toolbar.php(454): CodeIgniter\Debug\Toolbar->format(Array, 'html')
#4 C:\xampp\htdocs\moviefree89\app\Config\Events.php(87): CodeIgniter\Debug\Toolbar->respond()
#5 [internal function]: CodeIgniter\Events\Events::Config\{closure}()
#6 C:\xampp\htdocs\moviefree89\system\Events\Events.php(188): call_user_func(Object(Closure))
#7 C:\xampp\htdocs\moviefree89\system\CodeIgniter.php(287): CodeIgniter\Events\Events::trigger('pre_system')
#8 C:\xampp\htdocs\moviefree89\index.php(45): CodeIgniter\CodeIgniter->run()
#9 {main}
CRITICAL - 2020-12-07 04:36:12 --> Undefined offset: 0
#0 C:\xampp\htdocs\moviefree89\app\Models\Video_Model.php(902): CodeIgniter\Debug\Exceptions->errorHandler(8, 'Undefined offse...', 'C:\\xampp\\htdocs...', 902, Array)
#1 C:\xampp\htdocs\moviefree89\app\Controllers\Home.php(729): App\Models\Video_Model->countView('9970')
#2 C:\xampp\htdocs\moviefree89\system\CodeIgniter.php(910): App\Controllers\Home->countView('9970')
#3 C:\xampp\htdocs\moviefree89\system\CodeIgniter.php(398): CodeIgniter\CodeIgniter->runController(Object(App\Controllers\Home))
#4 C:\xampp\htdocs\moviefree89\system\CodeIgniter.php(306): CodeIgniter\CodeIgniter->handleRequest(NULL, Object(Config\Cache), false)
#5 C:\xampp\htdocs\moviefree89\index.php(45): CodeIgniter\CodeIgniter->run()
#6 {main}
CRITICAL - 2020-12-07 04:36:26 --> Undefined offset: 0
#0 C:\xampp\htdocs\moviefree89\app\Models\Video_Model.php(902): CodeIgniter\Debug\Exceptions->errorHandler(8, 'Undefined offse...', 'C:\\xampp\\htdocs...', 902, Array)
#1 C:\xampp\htdocs\moviefree89\app\Controllers\Home.php(729): App\Models\Video_Model->countView('9969')
#2 C:\xampp\htdocs\moviefree89\system\CodeIgniter.php(910): App\Controllers\Home->countView('9969')
#3 C:\xampp\htdocs\moviefree89\system\CodeIgniter.php(398): CodeIgniter\CodeIgniter->runController(Object(App\Controllers\Home))
#4 C:\xampp\htdocs\moviefree89\system\CodeIgniter.php(306): CodeIgniter\CodeIgniter->handleRequest(NULL, Object(Config\Cache), false)
#5 C:\xampp\htdocs\moviefree89\index.php(45): CodeIgniter\CodeIgniter->run()
#6 {main}
CRITICAL - 2020-12-07 04:47:39 --> Undefined offset: 0
#0 C:\xampp\htdocs\moviefree89\app\Models\Video_Model.php(902): CodeIgniter\Debug\Exceptions->errorHandler(8, 'Undefined offse...', 'C:\\xampp\\htdocs...', 902, Array)
#1 C:\xampp\htdocs\moviefree89\app\Controllers\Home.php(729): App\Models\Video_Model->countView('9878')
#2 C:\xampp\htdocs\moviefree89\system\CodeIgniter.php(910): App\Controllers\Home->countView('9878')
#3 C:\xampp\htdocs\moviefree89\system\CodeIgniter.php(398): CodeIgniter\CodeIgniter->runController(Object(App\Controllers\Home))
#4 C:\xampp\htdocs\moviefree89\system\CodeIgniter.php(306): CodeIgniter\CodeIgniter->handleRequest(NULL, Object(Config\Cache), false)
#5 C:\xampp\htdocs\moviefree89\index.php(45): CodeIgniter\CodeIgniter->run()
#6 {main}
CRITICAL - 2020-12-07 04:49:19 --> Undefined property: App\Controllers\Av::$avbranch
#0 C:\xampp\htdocs\moviefree89\app\Controllers\Av.php(690): CodeIgniter\Debug\Exceptions->errorHandler(8, 'Undefined prope...', 'C:\\xampp\\htdocs...', 690, Array)
#1 C:\xampp\htdocs\moviefree89\system\CodeIgniter.php(910): App\Controllers\Av->player('9878', 'a')
#2 C:\xampp\htdocs\moviefree89\system\CodeIgniter.php(398): CodeIgniter\CodeIgniter->runController(Object(App\Controllers\Av))
#3 C:\xampp\htdocs\moviefree89\system\CodeIgniter.php(306): CodeIgniter\CodeIgniter->handleRequest(NULL, Object(Config\Cache), false)
#4 C:\xampp\htdocs\moviefree89\index.php(45): CodeIgniter\CodeIgniter->run()
#5 {main}
CRITICAL - 2020-12-07 04:51:04 --> Undefined property: App\Controllers\Av::$avbranch
#0 C:\xampp\htdocs\moviefree89\app\Controllers\Av.php(690): CodeIgniter\Debug\Exceptions->errorHandler(8, 'Undefined prope...', 'C:\\xampp\\htdocs...', 690, Array)
#1 C:\xampp\htdocs\moviefree89\system\CodeIgniter.php(910): App\Controllers\Av->player('9878', 'a')
#2 C:\xampp\htdocs\moviefree89\system\CodeIgniter.php(398): CodeIgniter\CodeIgniter->runController(Object(App\Controllers\Av))
#3 C:\xampp\htdocs\moviefree89\system\CodeIgniter.php(306): CodeIgniter\CodeIgniter->handleRequest(NULL, Object(Config\Cache), false)
#4 C:\xampp\htdocs\moviefree89\index.php(45): CodeIgniter\CodeIgniter->run()
#5 {main}
CRITICAL - 2020-12-07 04:52:03 --> Undefined offset: 0
#0 C:\xampp\htdocs\moviefree89\app\Models\Video_Model.php(902): CodeIgniter\Debug\Exceptions->errorHandler(8, 'Undefined offse...', 'C:\\xampp\\htdocs...', 902, Array)
#1 C:\xampp\htdocs\moviefree89\app\Controllers\Home.php(729): App\Models\Video_Model->countView('9972')
#2 C:\xampp\htdocs\moviefree89\system\CodeIgniter.php(910): App\Controllers\Home->countView('9972')
#3 C:\xampp\htdocs\moviefree89\system\CodeIgniter.php(398): CodeIgniter\CodeIgniter->runController(Object(App\Controllers\Home))
#4 C:\xampp\htdocs\moviefree89\system\CodeIgniter.php(306): CodeIgniter\CodeIgniter->handleRequest(NULL, Object(Config\Cache), false)
#5 C:\xampp\htdocs\moviefree89\index.php(45): CodeIgniter\CodeIgniter->run()
#6 {main}
CRITICAL - 2020-12-07 04:58:52 --> Undefined offset: 0
#0 C:\xampp\htdocs\moviefree89\app\Models\Video_Model.php(902): CodeIgniter\Debug\Exceptions->errorHandler(8, 'Undefined offse...', 'C:\\xampp\\htdocs...', 902, Array)
#1 C:\xampp\htdocs\moviefree89\app\Controllers\Home.php(729): App\Models\Video_Model->countView('9968')
#2 C:\xampp\htdocs\moviefree89\system\CodeIgniter.php(910): App\Controllers\Home->countView('9968')
#3 C:\xampp\htdocs\moviefree89\system\CodeIgniter.php(398): CodeIgniter\CodeIgniter->runController(Object(App\Controllers\Home))
#4 C:\xampp\htdocs\moviefree89\system\CodeIgniter.php(306): CodeIgniter\CodeIgniter->handleRequest(NULL, Object(Config\Cache), false)
#5 C:\xampp\htdocs\moviefree89\index.php(45): CodeIgniter\CodeIgniter->run()
#6 {main}
CRITICAL - 2020-12-07 05:13:51 --> Undefined offset: 0
#0 C:\xampp\htdocs\moviefree89\app\Models\Video_Model.php(902): CodeIgniter\Debug\Exceptions->errorHandler(8, 'Undefined offse...', 'C:\\xampp\\htdocs...', 902, Array)
#1 C:\xampp\htdocs\moviefree89\app\Controllers\Home.php(729): App\Models\Video_Model->countView('9972')
#2 C:\xampp\htdocs\moviefree89\system\CodeIgniter.php(910): App\Controllers\Home->countView('9972')
#3 C:\xampp\htdocs\moviefree89\system\CodeIgniter.php(398): CodeIgniter\CodeIgniter->runController(Object(App\Controllers\Home))
#4 C:\xampp\htdocs\moviefree89\system\CodeIgniter.php(306): CodeIgniter\CodeIgniter->handleRequest(NULL, Object(Config\Cache), false)
#5 C:\xampp\htdocs\moviefree89\index.php(45): CodeIgniter\CodeIgniter->run()
#6 {main}
CRITICAL - 2020-12-07 05:14:09 --> Undefined offset: 0
#0 C:\xampp\htdocs\moviefree89\app\Models\Video_Model.php(902): CodeIgniter\Debug\Exceptions->errorHandler(8, 'Undefined offse...', 'C:\\xampp\\htdocs...', 902, Array)
#1 C:\xampp\htdocs\moviefree89\app\Controllers\Home.php(729): App\Models\Video_Model->countView('127')
#2 C:\xampp\htdocs\moviefree89\system\CodeIgniter.php(910): App\Controllers\Home->countView('127')
#3 C:\xampp\htdocs\moviefree89\system\CodeIgniter.php(398): CodeIgniter\CodeIgniter->runController(Object(App\Controllers\Home))
#4 C:\xampp\htdocs\moviefree89\system\CodeIgniter.php(306): CodeIgniter\CodeIgniter->handleRequest(NULL, Object(Config\Cache), false)
#5 C:\xampp\htdocs\moviefree89\index.php(45): CodeIgniter\CodeIgniter->run()
#6 {main}
CRITICAL - 2020-12-07 05:14:09 --> Trying to access array offset on value of type null
#0 C:\xampp\htdocs\moviefree89\app\Controllers\Home.php(117): CodeIgniter\Debug\Exceptions->errorHandler(8, 'Trying to acces...', 'C:\\xampp\\htdocs...', 117, Array)
#1 C:\xampp\htdocs\moviefree89\system\CodeIgniter.php(910): App\Controllers\Home->video('127', 'SSNI-675-%E0%B8...')
#2 C:\xampp\htdocs\moviefree89\system\CodeIgniter.php(398): CodeIgniter\CodeIgniter->runController(Object(App\Controllers\Home))
#3 C:\xampp\htdocs\moviefree89\system\CodeIgniter.php(306): CodeIgniter\CodeIgniter->handleRequest(NULL, Object(Config\Cache), false)
#4 C:\xampp\htdocs\moviefree89\index.php(45): CodeIgniter\CodeIgniter->run()
#5 {main}
CRITICAL - 2020-12-07 05:14:09 --> Undefined offset: 0
#0 C:\xampp\htdocs\moviefree89\app\Models\Video_Model.php(902): CodeIgniter\Debug\Exceptions->errorHandler(8, 'Undefined offse...', 'C:\\xampp\\htdocs...', 902, Array)
#1 C:\xampp\htdocs\moviefree89\app\Controllers\Home.php(729): App\Models\Video_Model->countView('127')
#2 C:\xampp\htdocs\moviefree89\system\CodeIgniter.php(910): App\Controllers\Home->countView('127')
#3 C:\xampp\htdocs\moviefree89\system\CodeIgniter.php(398): CodeIgniter\CodeIgniter->runController(Object(App\Controllers\Home))
#4 C:\xampp\htdocs\moviefree89\system\CodeIgniter.php(306): CodeIgniter\CodeIgniter->handleRequest(NULL, Object(Config\Cache), false)
#5 C:\xampp\htdocs\moviefree89\index.php(45): CodeIgniter\CodeIgniter->run()
#6 {main}
CRITICAL - 2020-12-07 05:14:09 --> Trying to access array offset on value of type null
#0 C:\xampp\htdocs\moviefree89\app\Controllers\Home.php(117): CodeIgniter\Debug\Exceptions->errorHandler(8, 'Trying to acces...', 'C:\\xampp\\htdocs...', 117, Array)
#1 C:\xampp\htdocs\moviefree89\system\CodeIgniter.php(910): App\Controllers\Home->video('127', 'SSNI-675-%E0%B8...')
#2 C:\xampp\htdocs\moviefree89\system\CodeIgniter.php(398): CodeIgniter\CodeIgniter->runController(Object(App\Controllers\Home))
#3 C:\xampp\htdocs\moviefree89\system\CodeIgniter.php(306): CodeIgniter\CodeIgniter->handleRequest(NULL, Object(Config\Cache), false)
#4 C:\xampp\htdocs\moviefree89\index.php(45): CodeIgniter\CodeIgniter->run()
#5 {main}
CRITICAL - 2020-12-07 05:14:09 --> Undefined offset: 0
#0 C:\xampp\htdocs\moviefree89\app\Models\Video_Model.php(902): CodeIgniter\Debug\Exceptions->errorHandler(8, 'Undefined offse...', 'C:\\xampp\\htdocs...', 902, Array)
#1 C:\xampp\htdocs\moviefree89\app\Controllers\Home.php(729): App\Models\Video_Model->countView('127')
#2 C:\xampp\htdocs\moviefree89\system\CodeIgniter.php(910): App\Controllers\Home->countView('127')
#3 C:\xampp\htdocs\moviefree89\system\CodeIgniter.php(398): CodeIgniter\CodeIgniter->runController(Object(App\Controllers\Home))
#4 C:\xampp\htdocs\moviefree89\system\CodeIgniter.php(306): CodeIgniter\CodeIgniter->handleRequest(NULL, Object(Config\Cache), false)
#5 C:\xampp\htdocs\moviefree89\index.php(45): CodeIgniter\CodeIgniter->run()
#6 {main}
CRITICAL - 2020-12-07 05:14:10 --> Trying to access array offset on value of type null
#0 C:\xampp\htdocs\moviefree89\app\Controllers\Home.php(117): CodeIgniter\Debug\Exceptions->errorHandler(8, 'Trying to acces...', 'C:\\xampp\\htdocs...', 117, Array)
#1 C:\xampp\htdocs\moviefree89\system\CodeIgniter.php(910): App\Controllers\Home->video('127', 'SSNI-675-%E0%B8...')
#2 C:\xampp\htdocs\moviefree89\system\CodeIgniter.php(398): CodeIgniter\CodeIgniter->runController(Object(App\Controllers\Home))
#3 C:\xampp\htdocs\moviefree89\system\CodeIgniter.php(306): CodeIgniter\CodeIgniter->handleRequest(NULL, Object(Config\Cache), false)
#4 C:\xampp\htdocs\moviefree89\index.php(45): CodeIgniter\CodeIgniter->run()
#5 {main}
CRITICAL - 2020-12-07 05:15:36 --> Undefined offset: 0
#0 C:\xampp\htdocs\moviefree89\app\Models\Video_Model.php(902): CodeIgniter\Debug\Exceptions->errorHandler(8, 'Undefined offse...', 'C:\\xampp\\htdocs...', 902, Array)
#1 C:\xampp\htdocs\moviefree89\app\Controllers\Home.php(729): App\Models\Video_Model->countView('223')
#2 C:\xampp\htdocs\moviefree89\system\CodeIgniter.php(910): App\Controllers\Home->countView('223')
#3 C:\xampp\htdocs\moviefree89\system\CodeIgniter.php(398): CodeIgniter\CodeIgniter->runController(Object(App\Controllers\Home))
#4 C:\xampp\htdocs\moviefree89\system\CodeIgniter.php(306): CodeIgniter\CodeIgniter->handleRequest(NULL, Object(Config\Cache), false)
#5 C:\xampp\htdocs\moviefree89\index.php(45): CodeIgniter\CodeIgniter->run()
#6 {main}
CRITICAL - 2020-12-07 05:15:58 --> Undefined offset: 0
#0 C:\xampp\htdocs\moviefree89\app\Models\Video_Model.php(902): CodeIgniter\Debug\Exceptions->errorHandler(8, 'Undefined offse...', 'C:\\xampp\\htdocs...', 902, Array)
#1 C:\xampp\htdocs\moviefree89\app\Controllers\Home.php(729): App\Models\Video_Model->countView('1073743248')
#2 C:\xampp\htdocs\moviefree89\system\CodeIgniter.php(910): App\Controllers\Home->countView('1073743248')
#3 C:\xampp\htdocs\moviefree89\system\CodeIgniter.php(398): CodeIgniter\CodeIgniter->runController(Object(App\Controllers\Home))
#4 C:\xampp\htdocs\moviefree89\system\CodeIgniter.php(306): CodeIgniter\CodeIgniter->handleRequest(NULL, Object(Config\Cache), false)
#5 C:\xampp\htdocs\moviefree89\index.php(45): CodeIgniter\CodeIgniter->run()
#6 {main}
CRITICAL - 2020-12-07 05:16:03 --> Undefined offset: 0
#0 C:\xampp\htdocs\moviefree89\app\Models\Video_Model.php(902): CodeIgniter\Debug\Exceptions->errorHandler(8, 'Undefined offse...', 'C:\\xampp\\htdocs...', 902, Array)
#1 C:\xampp\htdocs\moviefree89\app\Controllers\Home.php(729): App\Models\Video_Model->countView('1073743035')
#2 C:\xampp\htdocs\moviefree89\system\CodeIgniter.php(910): App\Controllers\Home->countView('1073743035')
#3 C:\xampp\htdocs\moviefree89\system\CodeIgniter.php(398): CodeIgniter\CodeIgniter->runController(Object(App\Controllers\Home))
#4 C:\xampp\htdocs\moviefree89\system\CodeIgniter.php(306): CodeIgniter\CodeIgniter->handleRequest(NULL, Object(Config\Cache), false)
#5 C:\xampp\htdocs\moviefree89\index.php(45): CodeIgniter\CodeIgniter->run()
#6 {main}
CRITICAL - 2020-12-07 05:18:31 --> Undefined offset: 0
#0 C:\xampp\htdocs\moviefree89\app\Models\Video_Model.php(902): CodeIgniter\Debug\Exceptions->errorHandler(8, 'Undefined offse...', 'C:\\xampp\\htdocs...', 902, Array)
#1 C:\xampp\htdocs\moviefree89\app\Controllers\Home.php(729): App\Models\Video_Model->countView('1073743179')
#2 C:\xampp\htdocs\moviefree89\system\CodeIgniter.php(910): App\Controllers\Home->countView('1073743179')
#3 C:\xampp\htdocs\moviefree89\system\CodeIgniter.php(398): CodeIgniter\CodeIgniter->runController(Object(App\Controllers\Home))
#4 C:\xampp\htdocs\moviefree89\system\CodeIgniter.php(306): CodeIgniter\CodeIgniter->handleRequest(NULL, Object(Config\Cache), false)
#5 C:\xampp\htdocs\moviefree89\index.php(45): CodeIgniter\CodeIgniter->run()
#6 {main}
CRITICAL - 2020-12-07 05:18:46 --> Undefined offset: 0
#0 C:\xampp\htdocs\moviefree89\app\Models\Video_Model.php(902): CodeIgniter\Debug\Exceptions->errorHandler(8, 'Undefined offse...', 'C:\\xampp\\htdocs...', 902, Array)
#1 C:\xampp\htdocs\moviefree89\app\Controllers\Home.php(729): App\Models\Video_Model->countView('1073742979')
#2 C:\xampp\htdocs\moviefree89\system\CodeIgniter.php(910): App\Controllers\Home->countView('1073742979')
#3 C:\xampp\htdocs\moviefree89\system\CodeIgniter.php(398): CodeIgniter\CodeIgniter->runController(Object(App\Controllers\Home))
#4 C:\xampp\htdocs\moviefree89\system\CodeIgniter.php(306): CodeIgniter\CodeIgniter->handleRequest(NULL, Object(Config\Cache), false)
#5 C:\xampp\htdocs\moviefree89\index.php(45): CodeIgniter\CodeIgniter->run()
#6 {main}
CRITICAL - 2020-12-07 05:18:50 --> Undefined offset: 0
#0 C:\xampp\htdocs\moviefree89\app\Models\Video_Model.php(902): CodeIgniter\Debug\Exceptions->errorHandler(8, 'Undefined offse...', 'C:\\xampp\\htdocs...', 902, Array)
#1 C:\xampp\htdocs\moviefree89\app\Controllers\Home.php(729): App\Models\Video_Model->countView('1073742705')
#2 C:\xampp\htdocs\moviefree89\system\CodeIgniter.php(910): App\Controllers\Home->countView('1073742705')
#3 C:\xampp\htdocs\moviefree89\system\CodeIgniter.php(398): CodeIgniter\CodeIgniter->runController(Object(App\Controllers\Home))
#4 C:\xampp\htdocs\moviefree89\system\CodeIgniter.php(306): CodeIgniter\CodeIgniter->handleRequest(NULL, Object(Config\Cache), false)
#5 C:\xampp\htdocs\moviefree89\index.php(45): CodeIgniter\CodeIgniter->run()
#6 {main}
CRITICAL - 2020-12-07 05:18:50 --> Trying to access array offset on value of type null
#0 C:\xampp\htdocs\moviefree89\app\Controllers\Home.php(117): CodeIgniter\Debug\Exceptions->errorHandler(8, 'Trying to acces...', 'C:\\xampp\\htdocs...', 117, Array)
#1 C:\xampp\htdocs\moviefree89\system\CodeIgniter.php(910): App\Controllers\Home->video('1073742705', '%E0%B8%99%E0%B9...')
#2 C:\xampp\htdocs\moviefree89\system\CodeIgniter.php(398): CodeIgniter\CodeIgniter->runController(Object(App\Controllers\Home))
#3 C:\xampp\htdocs\moviefree89\system\CodeIgniter.php(306): CodeIgniter\CodeIgniter->handleRequest(NULL, Object(Config\Cache), false)
#4 C:\xampp\htdocs\moviefree89\index.php(45): CodeIgniter\CodeIgniter->run()
#5 {main}
CRITICAL - 2020-12-07 05:20:12 --> Undefined offset: 0
#0 C:\xampp\htdocs\moviefree89\app\Models\Video_Model.php(902): CodeIgniter\Debug\Exceptions->errorHandler(8, 'Undefined offse...', 'C:\\xampp\\htdocs...', 902, Array)
#1 C:\xampp\htdocs\moviefree89\app\Controllers\Home.php(729): App\Models\Video_Model->countView('1073742705')
#2 C:\xampp\htdocs\moviefree89\system\CodeIgniter.php(910): App\Controllers\Home->countView('1073742705')
#3 C:\xampp\htdocs\moviefree89\system\CodeIgniter.php(398): CodeIgniter\CodeIgniter->runController(Object(App\Controllers\Home))
#4 C:\xampp\htdocs\moviefree89\system\CodeIgniter.php(306): CodeIgniter\CodeIgniter->handleRequest(NULL, Object(Config\Cache), false)
#5 C:\xampp\htdocs\moviefree89\index.php(45): CodeIgniter\CodeIgniter->run()
#6 {main}
CRITICAL - 2020-12-07 05:20:12 --> Trying to access array offset on value of type null
#0 C:\xampp\htdocs\moviefree89\app\Controllers\Home.php(117): CodeIgniter\Debug\Exceptions->errorHandler(8, 'Trying to acces...', 'C:\\xampp\\htdocs...', 117, Array)
#1 C:\xampp\htdocs\moviefree89\system\CodeIgniter.php(910): App\Controllers\Home->video('1073742705', '%E0%B8%99%E0%B9...')
#2 C:\xampp\htdocs\moviefree89\system\CodeIgniter.php(398): CodeIgniter\CodeIgniter->runController(Object(App\Controllers\Home))
#3 C:\xampp\htdocs\moviefree89\system\CodeIgniter.php(306): CodeIgniter\CodeIgniter->handleRequest(NULL, Object(Config\Cache), false)
#4 C:\xampp\htdocs\moviefree89\index.php(45): CodeIgniter\CodeIgniter->run()
#5 {main}
CRITICAL - 2020-12-07 05:20:37 --> Undefined offset: 0
#0 C:\xampp\htdocs\moviefree89\app\Models\Video_Model.php(902): CodeIgniter\Debug\Exceptions->errorHandler(8, 'Undefined offse...', 'C:\\xampp\\htdocs...', 902, Array)
#1 C:\xampp\htdocs\moviefree89\app\Controllers\Home.php(729): App\Models\Video_Model->countView('1073742881')
#2 C:\xampp\htdocs\moviefree89\system\CodeIgniter.php(910): App\Controllers\Home->countView('1073742881')
#3 C:\xampp\htdocs\moviefree89\system\CodeIgniter.php(398): CodeIgniter\CodeIgniter->runController(Object(App\Controllers\Home))
#4 C:\xampp\htdocs\moviefree89\system\CodeIgniter.php(306): CodeIgniter\CodeIgniter->handleRequest(NULL, Object(Config\Cache), false)
#5 C:\xampp\htdocs\moviefree89\index.php(45): CodeIgniter\CodeIgniter->run()
#6 {main}
CRITICAL - 2020-12-07 05:20:41 --> Undefined offset: 0
#0 C:\xampp\htdocs\moviefree89\app\Models\Video_Model.php(902): CodeIgniter\Debug\Exceptions->errorHandler(8, 'Undefined offse...', 'C:\\xampp\\htdocs...', 902, Array)
#1 C:\xampp\htdocs\moviefree89\app\Controllers\Home.php(729): App\Models\Video_Model->countView('1073743089')
#2 C:\xampp\htdocs\moviefree89\system\CodeIgniter.php(910): App\Controllers\Home->countView('1073743089')
#3 C:\xampp\htdocs\moviefree89\system\CodeIgniter.php(398): CodeIgniter\CodeIgniter->runController(Object(App\Controllers\Home))
#4 C:\xampp\htdocs\moviefree89\system\CodeIgniter.php(306): CodeIgniter\CodeIgniter->handleRequest(NULL, Object(Config\Cache), false)
#5 C:\xampp\htdocs\moviefree89\index.php(45): CodeIgniter\CodeIgniter->run()
#6 {main}
CRITICAL - 2020-12-07 05:20:41 --> Trying to access array offset on value of type null
#0 C:\xampp\htdocs\moviefree89\app\Controllers\Home.php(117): CodeIgniter\Debug\Exceptions->errorHandler(8, 'Trying to acces...', 'C:\\xampp\\htdocs...', 117, Array)
#1 C:\xampp\htdocs\moviefree89\system\CodeIgniter.php(910): App\Controllers\Home->video('1073743089', '%E0%B8%AA%E0%B8...')
#2 C:\xampp\htdocs\moviefree89\system\CodeIgniter.php(398): CodeIgniter\CodeIgniter->runController(Object(App\Controllers\Home))
#3 C:\xampp\htdocs\moviefree89\system\CodeIgniter.php(306): CodeIgniter\CodeIgniter->handleRequest(NULL, Object(Config\Cache), false)
#4 C:\xampp\htdocs\moviefree89\index.php(45): CodeIgniter\CodeIgniter->run()
#5 {main}
CRITICAL - 2020-12-07 05:21:26 --> Undefined offset: 0
#0 C:\xampp\htdocs\moviefree89\app\Models\Video_Model.php(902): CodeIgniter\Debug\Exceptions->errorHandler(8, 'Undefined offse...', 'C:\\xampp\\htdocs...', 902, Array)
#1 C:\xampp\htdocs\moviefree89\app\Controllers\Home.php(729): App\Models\Video_Model->countView('1073742578')
#2 C:\xampp\htdocs\moviefree89\system\CodeIgniter.php(910): App\Controllers\Home->countView('1073742578')
#3 C:\xampp\htdocs\moviefree89\system\CodeIgniter.php(398): CodeIgniter\CodeIgniter->runController(Object(App\Controllers\Home))
#4 C:\xampp\htdocs\moviefree89\system\CodeIgniter.php(306): CodeIgniter\CodeIgniter->handleRequest(NULL, Object(Config\Cache), false)
#5 C:\xampp\htdocs\moviefree89\index.php(45): CodeIgniter\CodeIgniter->run()
#6 {main}
CRITICAL - 2020-12-07 05:21:27 --> Trying to access array offset on value of type null
#0 C:\xampp\htdocs\moviefree89\app\Controllers\Home.php(117): CodeIgniter\Debug\Exceptions->errorHandler(8, 'Trying to acces...', 'C:\\xampp\\htdocs...', 117, Array)
#1 C:\xampp\htdocs\moviefree89\system\CodeIgniter.php(910): App\Controllers\Home->video('1073742578', 'Fuck-my-girl-fr...')
#2 C:\xampp\htdocs\moviefree89\system\CodeIgniter.php(398): CodeIgniter\CodeIgniter->runController(Object(App\Controllers\Home))
#3 C:\xampp\htdocs\moviefree89\system\CodeIgniter.php(306): CodeIgniter\CodeIgniter->handleRequest(NULL, Object(Config\Cache), false)
#4 C:\xampp\htdocs\moviefree89\index.php(45): CodeIgniter\CodeIgniter->run()
#5 {main}
CRITICAL - 2020-12-07 05:22:52 --> Undefined offset: 0
#0 C:\xampp\htdocs\moviefree89\app\Models\Video_Model.php(902): CodeIgniter\Debug\Exceptions->errorHandler(8, 'Undefined offse...', 'C:\\xampp\\htdocs...', 902, Array)
#1 C:\xampp\htdocs\moviefree89\app\Controllers\Home.php(729): App\Models\Video_Model->countView('1073743151')
#2 C:\xampp\htdocs\moviefree89\system\CodeIgniter.php(910): App\Controllers\Home->countView('1073743151')
#3 C:\xampp\htdocs\moviefree89\system\CodeIgniter.php(398): CodeIgniter\CodeIgniter->runController(Object(App\Controllers\Home))
#4 C:\xampp\htdocs\moviefree89\system\CodeIgniter.php(306): CodeIgniter\CodeIgniter->handleRequest(NULL, Object(Config\Cache), false)
#5 C:\xampp\htdocs\moviefree89\index.php(45): CodeIgniter\CodeIgniter->run()
#6 {main}
CRITICAL - 2020-12-07 05:22:52 --> Trying to access array offset on value of type null
#0 C:\xampp\htdocs\moviefree89\app\Controllers\Home.php(117): CodeIgniter\Debug\Exceptions->errorHandler(8, 'Trying to acces...', 'C:\\xampp\\htdocs...', 117, Array)
#1 C:\xampp\htdocs\moviefree89\system\CodeIgniter.php(910): App\Controllers\Home->video('1073743151', '108TEENS.COM-%E...')
#2 C:\xampp\htdocs\moviefree89\system\CodeIgniter.php(398): CodeIgniter\CodeIgniter->runController(Object(App\Controllers\Home))
#3 C:\xampp\htdocs\moviefree89\system\CodeIgniter.php(306): CodeIgniter\CodeIgniter->handleRequest(NULL, Object(Config\Cache), false)
#4 C:\xampp\htdocs\moviefree89\index.php(45): CodeIgniter\CodeIgniter->run()
#5 {main}
CRITICAL - 2020-12-07 05:26:14 --> Undefined offset: 0
#0 C:\xampp\htdocs\moviefree89\app\Models\Video_Model.php(902): CodeIgniter\Debug\Exceptions->errorHandler(8, 'Undefined offse...', 'C:\\xampp\\htdocs...', 902, Array)
#1 C:\xampp\htdocs\moviefree89\app\Controllers\Home.php(729): App\Models\Video_Model->countView('1073742622')
#2 C:\xampp\htdocs\moviefree89\system\CodeIgniter.php(910): App\Controllers\Home->countView('1073742622')
#3 C:\xampp\htdocs\moviefree89\system\CodeIgniter.php(398): CodeIgniter\CodeIgniter->runController(Object(App\Controllers\Home))
#4 C:\xampp\htdocs\moviefree89\system\CodeIgniter.php(306): CodeIgniter\CodeIgniter->handleRequest(NULL, Object(Config\Cache), false)
#5 C:\xampp\htdocs\moviefree89\index.php(45): CodeIgniter\CodeIgniter->run()
#6 {main}
CRITICAL - 2020-12-07 05:26:15 --> Trying to access array offset on value of type null
#0 C:\xampp\htdocs\moviefree89\app\Controllers\Home.php(117): CodeIgniter\Debug\Exceptions->errorHandler(8, 'Trying to acces...', 'C:\\xampp\\htdocs...', 117, Array)
#1 C:\xampp\htdocs\moviefree89\system\CodeIgniter.php(910): App\Controllers\Home->video('1073742622', '%E0%B9%84%E0%B8...')
#2 C:\xampp\htdocs\moviefree89\system\CodeIgniter.php(398): CodeIgniter\CodeIgniter->runController(Object(App\Controllers\Home))
#3 C:\xampp\htdocs\moviefree89\system\CodeIgniter.php(306): CodeIgniter\CodeIgniter->handleRequest(NULL, Object(Config\Cache), false)
#4 C:\xampp\htdocs\moviefree89\index.php(45): CodeIgniter\CodeIgniter->run()
#5 {main}
CRITICAL - 2020-12-07 05:31:41 --> Trying to access array offset on value of type null
#0 C:\xampp\htdocs\moviefree89\app\Controllers\Home.php(117): CodeIgniter\Debug\Exceptions->errorHandler(8, 'Trying to acces...', 'C:\\xampp\\htdocs...', 117, Array)
#1 C:\xampp\htdocs\moviefree89\system\CodeIgniter.php(910): App\Controllers\Home->video('1073742622', '%E0%B9%84%E0%B8...')
#2 C:\xampp\htdocs\moviefree89\system\CodeIgniter.php(398): CodeIgniter\CodeIgniter->runController(Object(App\Controllers\Home))
#3 C:\xampp\htdocs\moviefree89\system\CodeIgniter.php(306): CodeIgniter\CodeIgniter->handleRequest(NULL, Object(Config\Cache), false)
#4 C:\xampp\htdocs\moviefree89\index.php(45): CodeIgniter\CodeIgniter->run()
#5 {main}
CRITICAL - 2020-12-07 05:31:48 --> Undefined offset: 0
#0 C:\xampp\htdocs\moviefree89\app\Models\Video_Model.php(902): CodeIgniter\Debug\Exceptions->errorHandler(8, 'Undefined offse...', 'C:\\xampp\\htdocs...', 902, Array)
#1 C:\xampp\htdocs\moviefree89\app\Controllers\Home.php(729): App\Models\Video_Model->countView('1073742928')
#2 C:\xampp\htdocs\moviefree89\system\CodeIgniter.php(910): App\Controllers\Home->countView('1073742928')
#3 C:\xampp\htdocs\moviefree89\system\CodeIgniter.php(398): CodeIgniter\CodeIgniter->runController(Object(App\Controllers\Home))
#4 C:\xampp\htdocs\moviefree89\system\CodeIgniter.php(306): CodeIgniter\CodeIgniter->handleRequest(NULL, Object(Config\Cache), false)
#5 C:\xampp\htdocs\moviefree89\index.php(45): CodeIgniter\CodeIgniter->run()
#6 {main}
CRITICAL - 2020-12-07 05:31:48 --> Trying to access array offset on value of type null
#0 C:\xampp\htdocs\moviefree89\app\Controllers\Home.php(117): CodeIgniter\Debug\Exceptions->errorHandler(8, 'Trying to acces...', 'C:\\xampp\\htdocs...', 117, Array)
#1 C:\xampp\htdocs\moviefree89\system\CodeIgniter.php(910): App\Controllers\Home->video('1073742928', '%E0%B8%AD%E0%B8...')
#2 C:\xampp\htdocs\moviefree89\system\CodeIgniter.php(398): CodeIgniter\CodeIgniter->runController(Object(App\Controllers\Home))
#3 C:\xampp\htdocs\moviefree89\system\CodeIgniter.php(306): CodeIgniter\CodeIgniter->handleRequest(NULL, Object(Config\Cache), false)
#4 C:\xampp\htdocs\moviefree89\index.php(45): CodeIgniter\CodeIgniter->run()
#5 {main}
CRITICAL - 2020-12-07 05:32:26 --> Trying to access array offset on value of type null
#0 C:\xampp\htdocs\moviefree89\app\Controllers\Clip.php(122): CodeIgniter\Debug\Exceptions->errorHandler(8, 'Trying to acces...', 'C:\\xampp\\htdocs...', 122, Array)
#1 C:\xampp\htdocs\moviefree89\system\CodeIgniter.php(910): App\Controllers\Clip->video('clip', '.1073742871', '%E0%B9%80%E0%B8...')
#2 C:\xampp\htdocs\moviefree89\system\CodeIgniter.php(398): CodeIgniter\CodeIgniter->runController(Object(App\Controllers\Clip))
#3 C:\xampp\htdocs\moviefree89\system\CodeIgniter.php(306): CodeIgniter\CodeIgniter->handleRequest(NULL, Object(Config\Cache), false)
#4 C:\xampp\htdocs\moviefree89\index.php(45): CodeIgniter\CodeIgniter->run()
#5 {main}
CRITICAL - 2020-12-07 05:33:15 --> Undefined offset: 0
#0 C:\xampp\htdocs\moviefree89\app\Models\Video_Model.php(902): CodeIgniter\Debug\Exceptions->errorHandler(8, 'Undefined offse...', 'C:\\xampp\\htdocs...', 902, Array)
#1 C:\xampp\htdocs\moviefree89\app\Controllers\Home.php(729): App\Models\Video_Model->countView('1073742561')
#2 C:\xampp\htdocs\moviefree89\system\CodeIgniter.php(910): App\Controllers\Home->countView('1073742561')
#3 C:\xampp\htdocs\moviefree89\system\CodeIgniter.php(398): CodeIgniter\CodeIgniter->runController(Object(App\Controllers\Home))
#4 C:\xampp\htdocs\moviefree89\system\CodeIgniter.php(306): CodeIgniter\CodeIgniter->handleRequest(NULL, Object(Config\Cache), false)
#5 C:\xampp\htdocs\moviefree89\index.php(45): CodeIgniter\CodeIgniter->run()
#6 {main}
CRITICAL - 2020-12-07 05:33:19 --> Undefined offset: 0
#0 C:\xampp\htdocs\moviefree89\app\Models\Video_Model.php(902): CodeIgniter\Debug\Exceptions->errorHandler(8, 'Undefined offse...', 'C:\\xampp\\htdocs...', 902, Array)
#1 C:\xampp\htdocs\moviefree89\app\Controllers\Home.php(729): App\Models\Video_Model->countView('1073742911')
#2 C:\xampp\htdocs\moviefree89\system\CodeIgniter.php(910): App\Controllers\Home->countView('1073742911')
#3 C:\xampp\htdocs\moviefree89\system\CodeIgniter.php(398): CodeIgniter\CodeIgniter->runController(Object(App\Controllers\Home))
#4 C:\xampp\htdocs\moviefree89\system\CodeIgniter.php(306): CodeIgniter\CodeIgniter->handleRequest(NULL, Object(Config\Cache), false)
#5 C:\xampp\htdocs\moviefree89\index.php(45): CodeIgniter\CodeIgniter->run()
#6 {main}
CRITICAL - 2020-12-07 23:13:54 --> Undefined offset: 0
#0 C:\xampp\htdocs\moviefree89\app\Models\Video_Model.php(902): CodeIgniter\Debug\Exceptions->errorHandler(8, 'Undefined offse...', 'C:\\xampp\\htdocs...', 902, Array)
#1 C:\xampp\htdocs\moviefree89\app\Controllers\Home.php(729): App\Models\Video_Model->countView('271')
#2 C:\xampp\htdocs\moviefree89\system\CodeIgniter.php(910): App\Controllers\Home->countView('271')
#3 C:\xampp\htdocs\moviefree89\system\CodeIgniter.php(398): CodeIgniter\CodeIgniter->runController(Object(App\Controllers\Home))
#4 C:\xampp\htdocs\moviefree89\system\CodeIgniter.php(306): CodeIgniter\CodeIgniter->handleRequest(NULL, Object(Config\Cache), false)
#5 C:\xampp\htdocs\moviefree89\index.php(45): CodeIgniter\CodeIgniter->run()
#6 {main}
