CRITICAL - 2020-12-08 00:28:28 --> You must set the database table to be used with your query.
#0 C:\xampp\htdocs\moviefree89\system\Model.php(1190): CodeIgniter\Database\BaseConnection->table(NULL)
#1 C:\xampp\htdocs\moviefree89\system\Model.php(1700): CodeIgniter\Model->builder()
#2 C:\xampp\htdocs\moviefree89\app\Controllers\Home.php(53): CodeIgniter\Model->__call('countcate_categ...', Array)
#3 C:\xampp\htdocs\moviefree89\system\CodeIgniter.php(910): App\Controllers\Home->index()
#4 C:\xampp\htdocs\moviefree89\system\CodeIgniter.php(398): CodeIgniter\CodeIgniter->runController(Object(App\Controllers\Home))
#5 C:\xampp\htdocs\moviefree89\system\CodeIgniter.php(306): CodeIgniter\CodeIgniter->handleRequest(NULL, Object(Config\Cache), false)
#6 C:\xampp\htdocs\moviefree89\index.php(45): CodeIgniter\CodeIgniter->run()
#7 {main}
CRITICAL - 2020-12-08 00:58:52 --> You have an error in your SQL syntax; check the manual that corresponds to your MariaDB server version for the right syntax to use near 'SELECT
            count(mo_moviecate.category_id)
        FROM
            m' at line 3
#0 C:\xampp\htdocs\moviefree89\system\Database\MySQLi\Connection.php(330): mysqli->query('SELECT\r\n       ...')
#1 C:\xampp\htdocs\moviefree89\system\Database\BaseConnection.php(738): CodeIgniter\Database\MySQLi\Connection->execute('SELECT\r\n       ...')
#2 C:\xampp\htdocs\moviefree89\system\Database\BaseConnection.php(666): CodeIgniter\Database\BaseConnection->simpleQuery('SELECT\r\n       ...')
#3 C:\xampp\htdocs\moviefree89\app\Models\Video_Model.php(96): CodeIgniter\Database\BaseConnection->query('SELECT\r\n       ...', Array)
#4 C:\xampp\htdocs\moviefree89\app\Controllers\Home.php(53): App\Models\Video_Model->countcate_category(Array)
#5 C:\xampp\htdocs\moviefree89\system\CodeIgniter.php(910): App\Controllers\Home->index()
#6 C:\xampp\htdocs\moviefree89\system\CodeIgniter.php(398): CodeIgniter\CodeIgniter->runController(Object(App\Controllers\Home))
#7 C:\xampp\htdocs\moviefree89\system\CodeIgniter.php(306): CodeIgniter\CodeIgniter->handleRequest(NULL, Object(Config\Cache), false)
#8 C:\xampp\htdocs\moviefree89\index.php(45): CodeIgniter\CodeIgniter->run()
#9 {main}
CRITICAL - 2020-12-08 00:59:21 --> Array to string conversion
#0 C:\xampp\htdocs\moviefree89\app\Views\index.php(267): CodeIgniter\Debug\Exceptions->errorHandler(8, 'Array to string...', 'C:\\xampp\\htdocs...', 267, Array)
#1 C:\xampp\htdocs\moviefree89\system\View\View.php(236): include('C:\\xampp\\htdocs...')
#2 C:\xampp\htdocs\moviefree89\system\Common.php(1071): CodeIgniter\View\View->render(0, Array, true)
#3 C:\xampp\htdocs\moviefree89\app\Controllers\Home.php(105): view('index.php', Array)
#4 C:\xampp\htdocs\moviefree89\system\CodeIgniter.php(910): App\Controllers\Home->index()
#5 C:\xampp\htdocs\moviefree89\system\CodeIgniter.php(398): CodeIgniter\CodeIgniter->runController(Object(App\Controllers\Home))
#6 C:\xampp\htdocs\moviefree89\system\CodeIgniter.php(306): CodeIgniter\CodeIgniter->handleRequest(NULL, Object(Config\Cache), false)
#7 C:\xampp\htdocs\moviefree89\index.php(45): CodeIgniter\CodeIgniter->run()
#8 {main}
CRITICAL - 2020-12-08 01:05:54 --> Array to string conversion
#0 C:\xampp\htdocs\moviefree89\app\Views\index.php(267): CodeIgniter\Debug\Exceptions->errorHandler(8, 'Array to string...', 'C:\\xampp\\htdocs...', 267, Array)
#1 C:\xampp\htdocs\moviefree89\system\View\View.php(236): include('C:\\xampp\\htdocs...')
#2 C:\xampp\htdocs\moviefree89\system\Common.php(1071): CodeIgniter\View\View->render(0, Array, true)
#3 C:\xampp\htdocs\moviefree89\app\Controllers\Home.php(108): view('index.php', Array)
#4 C:\xampp\htdocs\moviefree89\system\CodeIgniter.php(910): App\Controllers\Home->index()
#5 C:\xampp\htdocs\moviefree89\system\CodeIgniter.php(398): CodeIgniter\CodeIgniter->runController(Object(App\Controllers\Home))
#6 C:\xampp\htdocs\moviefree89\system\CodeIgniter.php(306): CodeIgniter\CodeIgniter->handleRequest(NULL, Object(Config\Cache), false)
#7 C:\xampp\htdocs\moviefree89\index.php(45): CodeIgniter\CodeIgniter->run()
#8 {main}
CRITICAL - 2020-12-08 01:07:35 --> You have an error in your SQL syntax; check the manual that corresponds to your MariaDB server version for the right syntax to use near '*
            FROM
            mo_category
            inner JOIN mo_moviecat' at line 2
#0 C:\xampp\htdocs\moviefree89\system\Database\MySQLi\Connection.php(330): mysqli->query('SELECT\r\n       ...')
#1 C:\xampp\htdocs\moviefree89\system\Database\BaseConnection.php(738): CodeIgniter\Database\MySQLi\Connection->execute('SELECT\r\n       ...')
#2 C:\xampp\htdocs\moviefree89\system\Database\BaseConnection.php(666): CodeIgniter\Database\BaseConnection->simpleQuery('SELECT\r\n       ...')
#3 C:\xampp\htdocs\moviefree89\app\Models\Video_Model.php(78): CodeIgniter\Database\BaseConnection->query('SELECT\r\n       ...', Array)
#4 C:\xampp\htdocs\moviefree89\app\Controllers\Home.php(50): App\Models\Video_Model->get_category(1)
#5 C:\xampp\htdocs\moviefree89\system\CodeIgniter.php(910): App\Controllers\Home->index()
#6 C:\xampp\htdocs\moviefree89\system\CodeIgniter.php(398): CodeIgniter\CodeIgniter->runController(Object(App\Controllers\Home))
#7 C:\xampp\htdocs\moviefree89\system\CodeIgniter.php(306): CodeIgniter\CodeIgniter->handleRequest(NULL, Object(Config\Cache), false)
#8 C:\xampp\htdocs\moviefree89\index.php(45): CodeIgniter\CodeIgniter->run()
#9 {main}
CRITICAL - 2020-12-08 01:08:02 --> You have an error in your SQL syntax; check the manual that corresponds to your MariaDB server version for the right syntax to use near '*
            FROM
            mo_category
            inner JOIN mo_moviecat' at line 2
#0 C:\xampp\htdocs\moviefree89\system\Database\MySQLi\Connection.php(330): mysqli->query('SELECT\r\n       ...')
#1 C:\xampp\htdocs\moviefree89\system\Database\BaseConnection.php(738): CodeIgniter\Database\MySQLi\Connection->execute('SELECT\r\n       ...')
#2 C:\xampp\htdocs\moviefree89\system\Database\BaseConnection.php(666): CodeIgniter\Database\BaseConnection->simpleQuery('SELECT\r\n       ...')
#3 C:\xampp\htdocs\moviefree89\app\Models\Video_Model.php(78): CodeIgniter\Database\BaseConnection->query('SELECT\r\n       ...', Array)
#4 C:\xampp\htdocs\moviefree89\app\Controllers\Home.php(50): App\Models\Video_Model->get_category(1)
#5 C:\xampp\htdocs\moviefree89\system\CodeIgniter.php(910): App\Controllers\Home->index()
#6 C:\xampp\htdocs\moviefree89\system\CodeIgniter.php(398): CodeIgniter\CodeIgniter->runController(Object(App\Controllers\Home))
#7 C:\xampp\htdocs\moviefree89\system\CodeIgniter.php(306): CodeIgniter\CodeIgniter->handleRequest(NULL, Object(Config\Cache), false)
#8 C:\xampp\htdocs\moviefree89\index.php(45): CodeIgniter\CodeIgniter->run()
#9 {main}
CRITICAL - 2020-12-08 01:13:03 --> Undefined variable: count_cate
#0 C:\xampp\htdocs\moviefree89\app\Controllers\Home.php(93): CodeIgniter\Debug\Exceptions->errorHandler(8, 'Undefined varia...', 'C:\\xampp\\htdocs...', 93, Array)
#1 C:\xampp\htdocs\moviefree89\system\CodeIgniter.php(910): App\Controllers\Home->index()
#2 C:\xampp\htdocs\moviefree89\system\CodeIgniter.php(398): CodeIgniter\CodeIgniter->runController(Object(App\Controllers\Home))
#3 C:\xampp\htdocs\moviefree89\system\CodeIgniter.php(306): CodeIgniter\CodeIgniter->handleRequest(NULL, Object(Config\Cache), false)
#4 C:\xampp\htdocs\moviefree89\index.php(45): CodeIgniter\CodeIgniter->run()
#5 {main}
CRITICAL - 2020-12-08 01:13:22 --> Undefined variable: countcate
#0 C:\xampp\htdocs\moviefree89\app\Views\index.php(267): CodeIgniter\Debug\Exceptions->errorHandler(8, 'Undefined varia...', 'C:\\xampp\\htdocs...', 267, Array)
#1 C:\xampp\htdocs\moviefree89\system\View\View.php(236): include('C:\\xampp\\htdocs...')
#2 C:\xampp\htdocs\moviefree89\system\Common.php(1071): CodeIgniter\View\View->render(0, Array, true)
#3 C:\xampp\htdocs\moviefree89\app\Controllers\Home.php(101): view('index.php', Array)
#4 C:\xampp\htdocs\moviefree89\system\CodeIgniter.php(910): App\Controllers\Home->index()
#5 C:\xampp\htdocs\moviefree89\system\CodeIgniter.php(398): CodeIgniter\CodeIgniter->runController(Object(App\Controllers\Home))
#6 C:\xampp\htdocs\moviefree89\system\CodeIgniter.php(306): CodeIgniter\CodeIgniter->handleRequest(NULL, Object(Config\Cache), false)
#7 C:\xampp\htdocs\moviefree89\index.php(45): CodeIgniter\CodeIgniter->run()
#8 {main}
CRITICAL - 2020-12-08 01:13:42 --> Undefined variable: countcate
#0 C:\xampp\htdocs\moviefree89\app\Views\index.php(267): CodeIgniter\Debug\Exceptions->errorHandler(8, 'Undefined varia...', 'C:\\xampp\\htdocs...', 267, Array)
#1 C:\xampp\htdocs\moviefree89\system\View\View.php(236): include('C:\\xampp\\htdocs...')
#2 C:\xampp\htdocs\moviefree89\system\Common.php(1071): CodeIgniter\View\View->render(0, Array, true)
#3 C:\xampp\htdocs\moviefree89\app\Controllers\Home.php(101): view('index.php', Array)
#4 C:\xampp\htdocs\moviefree89\system\CodeIgniter.php(910): App\Controllers\Home->index()
#5 C:\xampp\htdocs\moviefree89\system\CodeIgniter.php(398): CodeIgniter\CodeIgniter->runController(Object(App\Controllers\Home))
#6 C:\xampp\htdocs\moviefree89\system\CodeIgniter.php(306): CodeIgniter\CodeIgniter->handleRequest(NULL, Object(Config\Cache), false)
#7 C:\xampp\htdocs\moviefree89\index.php(45): CodeIgniter\CodeIgniter->run()
#8 {main}
CRITICAL - 2020-12-08 01:34:32 --> Undefined property: App\Controllers\Home::$branch_id
#0 C:\xampp\htdocs\moviefree89\app\Controllers\Home.php(690): CodeIgniter\Debug\Exceptions->errorHandler(8, 'Undefined prope...', 'C:\\xampp\\htdocs...', 690, Array)
#1 C:\xampp\htdocs\moviefree89\system\CodeIgniter.php(910): App\Controllers\Home->video_byyear('2020')
#2 C:\xampp\htdocs\moviefree89\system\CodeIgniter.php(398): CodeIgniter\CodeIgniter->runController(Object(App\Controllers\Home))
#3 C:\xampp\htdocs\moviefree89\system\CodeIgniter.php(306): CodeIgniter\CodeIgniter->handleRequest(NULL, Object(Config\Cache), false)
#4 C:\xampp\htdocs\moviefree89\index.php(45): CodeIgniter\CodeIgniter->run()
#5 {main}
CRITICAL - 2020-12-08 01:36:06 --> You must set the database table to be used with your query.
#0 C:\xampp\htdocs\moviefree89\system\Model.php(1190): CodeIgniter\Database\BaseConnection->table(NULL)
#1 C:\xampp\htdocs\moviefree89\system\Model.php(1700): CodeIgniter\Model->builder()
#2 C:\xampp\htdocs\moviefree89\app\Controllers\Home.php(693): CodeIgniter\Model->__call('get_path_imgads', Array)
#3 C:\xampp\htdocs\moviefree89\system\CodeIgniter.php(910): App\Controllers\Home->video_byyear('2020')
#4 C:\xampp\htdocs\moviefree89\system\CodeIgniter.php(398): CodeIgniter\CodeIgniter->runController(Object(App\Controllers\Home))
#5 C:\xampp\htdocs\moviefree89\system\CodeIgniter.php(306): CodeIgniter\CodeIgniter->handleRequest(NULL, Object(Config\Cache), false)
#6 C:\xampp\htdocs\moviefree89\index.php(45): CodeIgniter\CodeIgniter->run()
#7 {main}
CRITICAL - 2020-12-08 01:36:49 --> You must set the database table to be used with your query.
#0 C:\xampp\htdocs\moviefree89\system\Model.php(1190): CodeIgniter\Database\BaseConnection->table(NULL)
#1 C:\xampp\htdocs\moviefree89\system\Model.php(1700): CodeIgniter\Model->builder()
#2 C:\xampp\htdocs\moviefree89\app\Controllers\Home.php(693): CodeIgniter\Model->__call('get_path_imgads', Array)
#3 C:\xampp\htdocs\moviefree89\system\CodeIgniter.php(910): App\Controllers\Home->video_byyear('2020')
#4 C:\xampp\htdocs\moviefree89\system\CodeIgniter.php(398): CodeIgniter\CodeIgniter->runController(Object(App\Controllers\Home))
#5 C:\xampp\htdocs\moviefree89\system\CodeIgniter.php(306): CodeIgniter\CodeIgniter->handleRequest(NULL, Object(Config\Cache), false)
#6 C:\xampp\htdocs\moviefree89\index.php(45): CodeIgniter\CodeIgniter->run()
#7 {main}
CRITICAL - 2020-12-08 01:37:06 --> You must set the database table to be used with your query.
#0 C:\xampp\htdocs\moviefree89\system\Model.php(1190): CodeIgniter\Database\BaseConnection->table(NULL)
#1 C:\xampp\htdocs\moviefree89\system\Model.php(1700): CodeIgniter\Model->builder()
#2 C:\xampp\htdocs\moviefree89\app\Controllers\Home.php(685): CodeIgniter\Model->__call('get_path_imgads', Array)
#3 C:\xampp\htdocs\moviefree89\system\CodeIgniter.php(910): App\Controllers\Home->video_byyear('2020')
#4 C:\xampp\htdocs\moviefree89\system\CodeIgniter.php(398): CodeIgniter\CodeIgniter->runController(Object(App\Controllers\Home))
#5 C:\xampp\htdocs\moviefree89\system\CodeIgniter.php(306): CodeIgniter\CodeIgniter->handleRequest(NULL, Object(Config\Cache), false)
#6 C:\xampp\htdocs\moviefree89\index.php(45): CodeIgniter\CodeIgniter->run()
#7 {main}
CRITICAL - 2020-12-08 01:37:29 --> Undefined variable: setting
#0 C:\xampp\htdocs\moviefree89\app\Controllers\Home.php(695): CodeIgniter\Debug\Exceptions->errorHandler(8, 'Undefined varia...', 'C:\\xampp\\htdocs...', 695, Array)
#1 C:\xampp\htdocs\moviefree89\system\CodeIgniter.php(910): App\Controllers\Home->video_byyear('2020')
#2 C:\xampp\htdocs\moviefree89\system\CodeIgniter.php(398): CodeIgniter\CodeIgniter->runController(Object(App\Controllers\Home))
#3 C:\xampp\htdocs\moviefree89\system\CodeIgniter.php(306): CodeIgniter\CodeIgniter->handleRequest(NULL, Object(Config\Cache), false)
#4 C:\xampp\htdocs\moviefree89\index.php(45): CodeIgniter\CodeIgniter->run()
#5 {main}
CRITICAL - 2020-12-08 01:37:36 --> Undefined property: App\Controllers\Home::$path_logo
#0 C:\xampp\htdocs\moviefree89\app\Controllers\Home.php(710): CodeIgniter\Debug\Exceptions->errorHandler(8, 'Undefined prope...', 'C:\\xampp\\htdocs...', 710, Array)
#1 C:\xampp\htdocs\moviefree89\system\CodeIgniter.php(910): App\Controllers\Home->video_byyear('2020')
#2 C:\xampp\htdocs\moviefree89\system\CodeIgniter.php(398): CodeIgniter\CodeIgniter->runController(Object(App\Controllers\Home))
#3 C:\xampp\htdocs\moviefree89\system\CodeIgniter.php(306): CodeIgniter\CodeIgniter->handleRequest(NULL, Object(Config\Cache), false)
#4 C:\xampp\htdocs\moviefree89\index.php(45): CodeIgniter\CodeIgniter->run()
#5 {main}
CRITICAL - 2020-12-08 01:37:43 --> Undefined property: App\Controllers\Home::$path_logo
#0 C:\xampp\htdocs\moviefree89\app\Controllers\Home.php(710): CodeIgniter\Debug\Exceptions->errorHandler(8, 'Undefined prope...', 'C:\\xampp\\htdocs...', 710, Array)
#1 C:\xampp\htdocs\moviefree89\system\CodeIgniter.php(910): App\Controllers\Home->video_byyear('2020')
#2 C:\xampp\htdocs\moviefree89\system\CodeIgniter.php(398): CodeIgniter\CodeIgniter->runController(Object(App\Controllers\Home))
#3 C:\xampp\htdocs\moviefree89\system\CodeIgniter.php(306): CodeIgniter\CodeIgniter->handleRequest(NULL, Object(Config\Cache), false)
#4 C:\xampp\htdocs\moviefree89\index.php(45): CodeIgniter\CodeIgniter->run()
#5 {main}
CRITICAL - 2020-12-08 01:40:12 --> Too few arguments to function App\Controllers\Home::video_byyear(), 1 passed in C:\xampp\htdocs\moviefree89\system\CodeIgniter.php on line 910 and exactly 2 expected
#0 C:\xampp\htdocs\moviefree89\system\CodeIgniter.php(910): App\Controllers\Home->video_byyear('2020')
#1 C:\xampp\htdocs\moviefree89\system\CodeIgniter.php(398): CodeIgniter\CodeIgniter->runController(Object(App\Controllers\Home))
#2 C:\xampp\htdocs\moviefree89\system\CodeIgniter.php(306): CodeIgniter\CodeIgniter->handleRequest(NULL, Object(Config\Cache), false)
#3 C:\xampp\htdocs\moviefree89\index.php(45): CodeIgniter\CodeIgniter->run()
#4 {main}
CRITICAL - 2020-12-08 01:41:19 --> Too few arguments to function App\Controllers\Home::video_byyear(), 1 passed in C:\xampp\htdocs\moviefree89\system\CodeIgniter.php on line 910 and exactly 2 expected
#0 C:\xampp\htdocs\moviefree89\system\CodeIgniter.php(910): App\Controllers\Home->video_byyear('2020')
#1 C:\xampp\htdocs\moviefree89\system\CodeIgniter.php(398): CodeIgniter\CodeIgniter->runController(Object(App\Controllers\Home))
#2 C:\xampp\htdocs\moviefree89\system\CodeIgniter.php(306): CodeIgniter\CodeIgniter->handleRequest(NULL, Object(Config\Cache), false)
#3 C:\xampp\htdocs\moviefree89\index.php(45): CodeIgniter\CodeIgniter->run()
#4 {main}
CRITICAL - 2020-12-08 01:42:17 --> Too few arguments to function App\Controllers\Home::video_byyear(), 1 passed in C:\xampp\htdocs\moviefree89\system\CodeIgniter.php on line 910 and exactly 2 expected
#0 C:\xampp\htdocs\moviefree89\system\CodeIgniter.php(910): App\Controllers\Home->video_byyear('2020')
#1 C:\xampp\htdocs\moviefree89\system\CodeIgniter.php(398): CodeIgniter\CodeIgniter->runController(Object(App\Controllers\Home))
#2 C:\xampp\htdocs\moviefree89\system\CodeIgniter.php(306): CodeIgniter\CodeIgniter->handleRequest(NULL, Object(Config\Cache), false)
#3 C:\xampp\htdocs\moviefree89\index.php(45): CodeIgniter\CodeIgniter->run()
#4 {main}
CRITICAL - 2020-12-08 01:42:48 --> Undefined property: App\Controllers\Home::$branch_id
#0 C:\xampp\htdocs\moviefree89\app\Controllers\Home.php(683): CodeIgniter\Debug\Exceptions->errorHandler(8, 'Undefined prope...', 'C:\\xampp\\htdocs...', 683, Array)
#1 C:\xampp\htdocs\moviefree89\system\CodeIgniter.php(910): App\Controllers\Home->video_byyear('2020')
#2 C:\xampp\htdocs\moviefree89\system\CodeIgniter.php(398): CodeIgniter\CodeIgniter->runController(Object(App\Controllers\Home))
#3 C:\xampp\htdocs\moviefree89\system\CodeIgniter.php(306): CodeIgniter\CodeIgniter->handleRequest(NULL, Object(Config\Cache), false)
#4 C:\xampp\htdocs\moviefree89\index.php(45): CodeIgniter\CodeIgniter->run()
#5 {main}
CRITICAL - 2020-12-08 01:43:26 --> Undefined property: App\Controllers\Home::$branch_id
#0 C:\xampp\htdocs\moviefree89\app\Controllers\Home.php(683): CodeIgniter\Debug\Exceptions->errorHandler(8, 'Undefined prope...', 'C:\\xampp\\htdocs...', 683, Array)
#1 C:\xampp\htdocs\moviefree89\system\CodeIgniter.php(910): App\Controllers\Home->video_byyear('2020')
#2 C:\xampp\htdocs\moviefree89\system\CodeIgniter.php(398): CodeIgniter\CodeIgniter->runController(Object(App\Controllers\Home))
#3 C:\xampp\htdocs\moviefree89\system\CodeIgniter.php(306): CodeIgniter\CodeIgniter->handleRequest(NULL, Object(Config\Cache), false)
#4 C:\xampp\htdocs\moviefree89\index.php(45): CodeIgniter\CodeIgniter->run()
#5 {main}
CRITICAL - 2020-12-08 02:14:07 --> Undefined offset: 0
#0 C:\xampp\htdocs\moviefree89\app\Models\Video_Model.php(932): CodeIgniter\Debug\Exceptions->errorHandler(8, 'Undefined offse...', 'C:\\xampp\\htdocs...', 932, Array)
#1 C:\xampp\htdocs\moviefree89\app\Controllers\Home.php(802): App\Models\Video_Model->countView('9967')
#2 C:\xampp\htdocs\moviefree89\system\CodeIgniter.php(910): App\Controllers\Home->countView('9967')
#3 C:\xampp\htdocs\moviefree89\system\CodeIgniter.php(398): CodeIgniter\CodeIgniter->runController(Object(App\Controllers\Home))
#4 C:\xampp\htdocs\moviefree89\system\CodeIgniter.php(306): CodeIgniter\CodeIgniter->handleRequest(NULL, Object(Config\Cache), false)
#5 C:\xampp\htdocs\moviefree89\index.php(45): CodeIgniter\CodeIgniter->run()
#6 {main}
CRITICAL - 2020-12-08 02:14:08 --> unlink(C:\xampp\htdocs\moviefree89\writable\debugbar/debugbar_1607414362.json): No such file or directory
#0 [internal function]: CodeIgniter\Debug\Exceptions->errorHandler(2, 'unlink(C:\\xampp...', 'C:\\xampp\\htdocs...', 106, Array)
#1 C:\xampp\htdocs\moviefree89\system\Debug\Toolbar\Collectors\History.php(106): unlink('C:\\xampp\\htdocs...')
#2 C:\xampp\htdocs\moviefree89\system\Debug\Toolbar.php(481): CodeIgniter\Debug\Toolbar\Collectors\History->setFiles(1607415248, 20)
#3 C:\xampp\htdocs\moviefree89\system\Debug\Toolbar.php(454): CodeIgniter\Debug\Toolbar->format(Array, 'html')
#4 C:\xampp\htdocs\moviefree89\app\Config\Events.php(87): CodeIgniter\Debug\Toolbar->respond()
#5 [internal function]: CodeIgniter\Events\Events::Config\{closure}()
#6 C:\xampp\htdocs\moviefree89\system\Events\Events.php(188): call_user_func(Object(Closure))
#7 C:\xampp\htdocs\moviefree89\system\CodeIgniter.php(287): CodeIgniter\Events\Events::trigger('pre_system')
#8 C:\xampp\htdocs\moviefree89\index.php(45): CodeIgniter\CodeIgniter->run()
#9 {main}
CRITICAL - 2020-12-08 03:13:58 --> Undefined offset: 0
#0 C:\xampp\htdocs\moviefree89\app\Models\Video_Model.php(932): CodeIgniter\Debug\Exceptions->errorHandler(8, 'Undefined offse...', 'C:\\xampp\\htdocs...', 932, Array)
#1 C:\xampp\htdocs\moviefree89\app\Controllers\Home.php(803): App\Models\Video_Model->countView('513')
#2 C:\xampp\htdocs\moviefree89\system\CodeIgniter.php(910): App\Controllers\Home->countView('513')
#3 C:\xampp\htdocs\moviefree89\system\CodeIgniter.php(398): CodeIgniter\CodeIgniter->runController(Object(App\Controllers\Home))
#4 C:\xampp\htdocs\moviefree89\system\CodeIgniter.php(306): CodeIgniter\CodeIgniter->handleRequest(NULL, Object(Config\Cache), false)
#5 C:\xampp\htdocs\moviefree89\index.php(45): CodeIgniter\CodeIgniter->run()
#6 {main}
CRITICAL - 2020-12-08 03:14:38 --> Undefined offset: 0
#0 C:\xampp\htdocs\moviefree89\app\Models\Video_Model.php(932): CodeIgniter\Debug\Exceptions->errorHandler(8, 'Undefined offse...', 'C:\\xampp\\htdocs...', 932, Array)
#1 C:\xampp\htdocs\moviefree89\app\Controllers\Home.php(803): App\Models\Video_Model->countView('256')
#2 C:\xampp\htdocs\moviefree89\system\CodeIgniter.php(910): App\Controllers\Home->countView('256')
#3 C:\xampp\htdocs\moviefree89\system\CodeIgniter.php(398): CodeIgniter\CodeIgniter->runController(Object(App\Controllers\Home))
#4 C:\xampp\htdocs\moviefree89\system\CodeIgniter.php(306): CodeIgniter\CodeIgniter->handleRequest(NULL, Object(Config\Cache), false)
#5 C:\xampp\htdocs\moviefree89\index.php(45): CodeIgniter\CodeIgniter->run()
#6 {main}
CRITICAL - 2020-12-08 03:14:38 --> Undefined offset: 0
#0 C:\xampp\htdocs\moviefree89\app\Models\Video_Model.php(932): CodeIgniter\Debug\Exceptions->errorHandler(8, 'Undefined offse...', 'C:\\xampp\\htdocs...', 932, Array)
#1 C:\xampp\htdocs\moviefree89\app\Controllers\Home.php(803): App\Models\Video_Model->countView('256')
#2 C:\xampp\htdocs\moviefree89\system\CodeIgniter.php(910): App\Controllers\Home->countView('256')
#3 C:\xampp\htdocs\moviefree89\system\CodeIgniter.php(398): CodeIgniter\CodeIgniter->runController(Object(App\Controllers\Home))
#4 C:\xampp\htdocs\moviefree89\system\CodeIgniter.php(306): CodeIgniter\CodeIgniter->handleRequest(NULL, Object(Config\Cache), false)
#5 C:\xampp\htdocs\moviefree89\index.php(45): CodeIgniter\CodeIgniter->run()
#6 {main}
CRITICAL - 2020-12-08 03:14:39 --> unlink(C:\xampp\htdocs\moviefree89\writable\debugbar/debugbar_1607416972.json): No such file or directory
#0 [internal function]: CodeIgniter\Debug\Exceptions->errorHandler(2, 'unlink(C:\\xampp...', 'C:\\xampp\\htdocs...', 106, Array)
#1 C:\xampp\htdocs\moviefree89\system\Debug\Toolbar\Collectors\History.php(106): unlink('C:\\xampp\\htdocs...')
#2 C:\xampp\htdocs\moviefree89\system\Debug\Toolbar.php(481): CodeIgniter\Debug\Toolbar\Collectors\History->setFiles(1607418879, 20)
#3 C:\xampp\htdocs\moviefree89\system\Debug\Toolbar.php(454): CodeIgniter\Debug\Toolbar->format(Array, 'html')
#4 C:\xampp\htdocs\moviefree89\app\Config\Events.php(87): CodeIgniter\Debug\Toolbar->respond()
#5 [internal function]: CodeIgniter\Events\Events::Config\{closure}()
#6 C:\xampp\htdocs\moviefree89\system\Events\Events.php(188): call_user_func(Object(Closure))
#7 C:\xampp\htdocs\moviefree89\system\CodeIgniter.php(287): CodeIgniter\Events\Events::trigger('pre_system')
#8 C:\xampp\htdocs\moviefree89\index.php(45): CodeIgniter\CodeIgniter->run()
#9 {main}
CRITICAL - 2020-12-08 03:15:02 --> Undefined offset: 0
#0 C:\xampp\htdocs\moviefree89\app\Models\Video_Model.php(932): CodeIgniter\Debug\Exceptions->errorHandler(8, 'Undefined offse...', 'C:\\xampp\\htdocs...', 932, Array)
#1 C:\xampp\htdocs\moviefree89\app\Controllers\Home.php(803): App\Models\Video_Model->countView('513')
#2 C:\xampp\htdocs\moviefree89\system\CodeIgniter.php(910): App\Controllers\Home->countView('513')
#3 C:\xampp\htdocs\moviefree89\system\CodeIgniter.php(398): CodeIgniter\CodeIgniter->runController(Object(App\Controllers\Home))
#4 C:\xampp\htdocs\moviefree89\system\CodeIgniter.php(306): CodeIgniter\CodeIgniter->handleRequest(NULL, Object(Config\Cache), false)
#5 C:\xampp\htdocs\moviefree89\index.php(45): CodeIgniter\CodeIgniter->run()
#6 {main}
CRITICAL - 2020-12-08 03:20:28 --> syntax error, unexpected '' (T_ENCAPSED_AND_WHITESPACE), expecting '-' or identifier (T_STRING) or variable (T_VARIABLE) or number (T_NUM_STRING)
#0 C:\xampp\htdocs\moviefree89\system\Common.php(1071): CodeIgniter\View\View->render('av/index.php', Array, true)
#1 C:\xampp\htdocs\moviefree89\app\Controllers\Av.php(102): view('av/index.php', Array)
#2 C:\xampp\htdocs\moviefree89\system\CodeIgniter.php(910): App\Controllers\Av->index()
#3 C:\xampp\htdocs\moviefree89\system\CodeIgniter.php(398): CodeIgniter\CodeIgniter->runController(Object(App\Controllers\Av))
#4 C:\xampp\htdocs\moviefree89\system\CodeIgniter.php(306): CodeIgniter\CodeIgniter->handleRequest(NULL, Object(Config\Cache), false)
#5 C:\xampp\htdocs\moviefree89\index.php(45): CodeIgniter\CodeIgniter->run()
#6 {main}
